{"C:\\Users\\Administrator\\Documents\\Rukundo Kevin\\My-Blog\\src\\buildScripts\\testSetup.js":{"path":"C:\\Users\\Administrator\\Documents\\Rukundo Kevin\\My-Blog\\src\\buildScripts\\testSetup.js","statementMap":{"0":{"start":{"line":1,"column":0},"end":{"line":1,"column":29}},"1":{"start":{"line":2,"column":0},"end":{"line":2,"column":26}}},"fnMap":{},"branchMap":{},"s":{"0":1,"1":1},"f":{},"b":{},"_coverageSchema":"1a1c01bbd47fc00a2c39e90264f33305004495a9","hash":"f377a9e43dbd7eafd039bab0351571df0541aa56","contentHash":"732c964a7ca348ebadd2ddddc9cb1dfae985ec8b2be4ab3c94691bbfc4a10395"},"C:\\Users\\Administrator\\Documents\\Rukundo Kevin\\My-Blog\\src\\models\\Article.js":{"path":"C:\\Users\\Administrator\\Documents\\Rukundo Kevin\\My-Blog\\src\\models\\Article.js","statementMap":{"0":{"start":{"line":3,"column":15},"end":{"line":3,"column":34}},"1":{"start":{"line":5,"column":10},"end":{"line":5,"column":30}},"2":{"start":{"line":7,"column":13},"end":{"line":30,"column":2}},"3":{"start":{"line":31,"column":14},"end":{"line":31,"column":47}},"4":{"start":{"line":33,"column":22},"end":{"line":40,"column":1}},"5":{"start":{"line":34,"column":15},"end":{"line":38,"column":4}},"6":{"start":{"line":39,"column":2},"end":{"line":39,"column":34}},"7":{"start":{"line":42,"column":0},"end":{"line":45,"column":2}}},"fnMap":{"0":{"name":"validateArticle","decl":{"start":{"line":33,"column":31},"end":{"line":33,"column":46}},"loc":{"start":{"line":33,"column":56},"end":{"line":40,"column":1}},"line":33}},"branchMap":{},"s":{"0":1,"1":1,"2":1,"3":1,"4":1,"5":1,"6":1,"7":1},"f":{"0":1},"b":{},"inputSourceMap":{"version":3,"sources":["Article.js"],"names":["mongoose","require","Joi","schema","Schema","heading","type","String","required","content","image","userId","date","Date","now","versionKey","Article","model","validateArticle","article","object","string","min","max","validate","module","exports"],"mappings":";;AAAA,IAAMA,QAAQ,GAAGC,OAAO,CAAC,UAAD,CAAxB;;AACA,IAAMC,GAAG,GAAGD,OAAO,CAAC,WAAD,CAAnB;;AAGC,IAAME,MAAM,GAAG,IAAIH,QAAQ,CAACI,MAAb,CAAoB;AAC/BC,EAAAA,OAAO,EAAC;AAACC,IAAAA,IAAI,EAACC,MAAN;AAAcC,IAAAA,QAAQ,EAAC;AAAvB,GADuB;AAE/BC,EAAAA,OAAO,EAAC;AAACH,IAAAA,IAAI,EAAEC,MAAP;AAAgBC,IAAAA,QAAQ,EAAE;AAA1B,GAFuB;AAG/BE,EAAAA,KAAK,EAAC;AAACJ,IAAAA,IAAI,EAAEC,MAAP;AAAeC,IAAAA,QAAQ,EAAE;AAAzB,GAHyB;AAI/BG,EAAAA,MAAM,EAAC;AAACL,IAAAA,IAAI,EAACC,MAAN;AAAaC,IAAAA,QAAQ,EAAC;AAAtB,GAJwB;AAK/BI,EAAAA,IAAI,EAAC;AAACN,IAAAA,IAAI,EAACO,IAAN;AAAY,eAASA,IAAI,CAACC;AAA1B;AAL0B,CAApB,EAMb;AACEC,EAAAA,UAAU,EAAC;AADb,CANa,CAAf;AAWD,IAAMC,OAAO,GAAGhB,QAAQ,CAACiB,KAAT,CAAe,SAAf,EAAyBd,MAAzB,CAAhB;;AAEA,IAAMe,eAAe,GAAG,SAAlBA,eAAkB,CAACC,OAAD,EAAa;AACnC,MAAMhB,MAAM,GAAGD,GAAG,CAACkB,MAAJ,CAAW;AACtBf,IAAAA,OAAO,EAACH,GAAG,CAACmB,MAAJ,GAAaC,GAAb,CAAiB,EAAjB,EAAqBC,GAArB,CAAyB,GAAzB,EAA8Bf,QAA9B,EADc;AAEtBC,IAAAA,OAAO,EAACP,GAAG,CAACmB,MAAJ,GAAaC,GAAb,CAAiB,EAAjB,EAAqBC,GAArB,CAAyB,IAAzB,EAA+Bf,QAA/B,EAFc;AAGtBE,IAAAA,KAAK,EAAER,GAAG,CAACmB,MAAJ;AAHe,GAAX,CAAf;AAMA,SAAOlB,MAAM,CAACqB,QAAP,CAAgBL,OAAhB,CAAP;AACD,CARD;;AAUAM,MAAM,CAACC,OAAP,GAAiB;AACfV,EAAAA,OAAO,EAAPA,OADe;AAEfE,EAAAA,eAAe,EAAfA;AAFe,CAAjB","sourceRoot":"C:\\Users\\Administrator\\Documents\\Rukundo Kevin\\My-Blog\\src\\models\\","sourcesContent":["const mongoose = require(\"mongoose\");\r\nconst Joi = require('@hapi/joi')\r\n\r\n\r\n const schema = new mongoose.Schema({\r\n     heading:{type:String, required:true},\r\n     content:{type: String , required: true},\r\n     image:{type: String, required: true},\r\n     userId:{type:String,required:true},\r\n     date:{type:Date, default: Date.now},\r\n },{\r\n     versionKey:false\r\n })\r\n\r\n\r\nconst Article = mongoose.model(\"Article\",schema);\r\n\r\nconst validateArticle = (article) => {\r\n  const schema = Joi.object({\r\n      heading:Joi.string().min(20).max(200).required(),\r\n      content:Joi.string().min(30).max(1000).required(),\r\n      image: Joi.string(),\r\n  })\r\n\r\n  return schema.validate(article)\r\n}\r\n\r\nmodule.exports = {\r\n  Article,\r\n  validateArticle,\r\n}"]},"_coverageSchema":"1a1c01bbd47fc00a2c39e90264f33305004495a9","hash":"4c7fb69bbf1a0ea34e90eaac39268eebd3264040","contentHash":"0f552093f245c42ea865f44beace7a0daf710f75ea93eaaf7dbe93b5dcf41fae"},"C:\\Users\\Administrator\\Documents\\Rukundo Kevin\\My-Blog\\src\\models\\Query.js":{"path":"C:\\Users\\Administrator\\Documents\\Rukundo Kevin\\My-Blog\\src\\models\\Query.js","statementMap":{"0":{"start":{"line":3,"column":15},"end":{"line":3,"column":34}},"1":{"start":{"line":5,"column":10},"end":{"line":5,"column":30}},"2":{"start":{"line":7,"column":13},"end":{"line":30,"column":2}},"3":{"start":{"line":31,"column":12},"end":{"line":31,"column":43}},"4":{"start":{"line":33,"column":20},"end":{"line":41,"column":1}},"5":{"start":{"line":34,"column":15},"end":{"line":39,"column":4}},"6":{"start":{"line":40,"column":2},"end":{"line":40,"column":32}},"7":{"start":{"line":43,"column":0},"end":{"line":46,"column":2}}},"fnMap":{"0":{"name":"validateQuery","decl":{"start":{"line":33,"column":29},"end":{"line":33,"column":42}},"loc":{"start":{"line":33,"column":50},"end":{"line":41,"column":1}},"line":33}},"branchMap":{},"s":{"0":1,"1":1,"2":1,"3":1,"4":1,"5":1,"6":1,"7":1},"f":{"0":1},"b":{},"inputSourceMap":{"version":3,"sources":["Query.js"],"names":["mongoose","require","Joi","schema","Schema","name","type","String","required","email","date","Date","now","subject","message","versionKey","Query","model","validateQuery","query","object","username","string","min","max","validate","module","exports"],"mappings":";;AAAA,IAAMA,QAAQ,GAAGC,OAAO,CAAC,UAAD,CAAxB;;AACA,IAAMC,GAAG,GAAGD,OAAO,CAAC,WAAD,CAAnB;;AAEA,IAAME,MAAM,GAAG,IAAIH,QAAQ,CAACI,MAAb,CAAoB;AAC/BC,EAAAA,IAAI,EAAE;AAACC,IAAAA,IAAI,EAAEC,MAAP;AAAeC,IAAAA,QAAQ,EAAE;AAAzB,GADyB;AAE/BC,EAAAA,KAAK,EAAE;AAACH,IAAAA,IAAI,EAAEC,MAAP;AAAeC,IAAAA,QAAQ,EAAE;AAAzB,GAFwB;AAG/BE,EAAAA,IAAI,EAAE;AAAEJ,IAAAA,IAAI,EAAEK,IAAR;AAAc,eAASA,IAAI,CAACC;AAA5B,GAHyB;AAI/BC,EAAAA,OAAO,EAAC;AAACP,IAAAA,IAAI,EAAEC,MAAP;AAAeC,IAAAA,QAAQ,EAAE;AAAzB,GAJuB;AAK/BM,EAAAA,OAAO,EAAE;AAACR,IAAAA,IAAI,EAAEC,MAAP;AAAeC,IAAAA,QAAQ,EAAE;AAAzB;AALsB,CAApB,EAQb;AACEO,EAAAA,UAAU,EAAE;AADd,CARa,CAAf;AAaA,IAAMC,KAAK,GAAGhB,QAAQ,CAACiB,KAAT,CAAe,OAAf,EAAuBd,MAAvB,CAAd;;AAEA,IAAMe,aAAa,GAAG,SAAhBA,aAAgB,CAACC,KAAD,EAAW;AAC/B,MAAMhB,MAAM,GAAGD,GAAG,CAACkB,MAAJ,CAAW;AACtBC,IAAAA,QAAQ,EAAEnB,GAAG,CAACoB,MAAJ,GAAaC,GAAb,CAAiB,CAAjB,EAAoBC,GAApB,CAAwB,GAAxB,EAA6BhB,QAA7B,EADY;AAEtBC,IAAAA,KAAK,EAAEP,GAAG,CAACoB,MAAJ,GAAab,KAAb,GAAqBc,GAArB,CAAyB,CAAzB,EAA4BC,GAA5B,CAAgC,IAAhC,EAAsChB,QAAtC,EAFe;AAGtBK,IAAAA,OAAO,EAAEX,GAAG,CAACoB,MAAJ,GAAaC,GAAb,CAAiB,EAAjB,EAAqBC,GAArB,CAAyB,GAAzB,EAA8BhB,QAA9B,EAHa;AAItBM,IAAAA,OAAO,EAAEZ,GAAG,CAACoB,MAAJ,GAAaC,GAAb,CAAiB,EAAjB,EAAqBC,GAArB,CAAyB,GAAzB,EAA8BhB,QAA9B;AAJa,GAAX,CAAf;AAOA,SAAOL,MAAM,CAACsB,QAAP,CAAgBN,KAAhB,CAAP;AACD,CATD;;AAWAO,MAAM,CAACC,OAAP,GAAiB;AACfX,EAAAA,KAAK,EAALA,KADe;AAEfE,EAAAA,aAAa,EAAbA;AAFe,CAAjB","sourceRoot":"C:\\Users\\Administrator\\Documents\\Rukundo Kevin\\My-Blog\\src\\models\\","sourcesContent":["const mongoose = require(\"mongoose\");\r\nconst Joi = require(\"@hapi/joi\")\r\n\r\nconst schema = new mongoose.Schema({\r\n    name: {type: String, required: true},\r\n    email: {type: String, required: true},\r\n    date: { type: Date, default: Date.now },\r\n    subject:{type: String, required: true},\r\n    message: {type: String, required: true},\r\n}\r\n,\r\n  {\r\n    versionKey: false\r\n  }\r\n)\r\n\r\nconst Query = mongoose.model(\"Query\",schema);\r\n\r\nconst validateQuery = (query) => {\r\n  const schema = Joi.object({\r\n      username: Joi.string().min(5).max(500).required(),\r\n      email: Joi.string().email().min(5).max(1024).required(),\r\n      subject: Joi.string().min(10).max(500).required(),\r\n      message: Joi.string().min(10).max(500).required(),\r\n  })\r\n\r\n  return schema.validate(query)\r\n}\r\n\r\nmodule.exports = {\r\n  Query,\r\n  validateQuery,\r\n}"]},"_coverageSchema":"1a1c01bbd47fc00a2c39e90264f33305004495a9","hash":"90d99edb1561d96a2c0ac721f17a74565a36e0e0","contentHash":"dde617f79af11fe65755ba349693e0ef0a72eea7e3fa4243a1b5e8de3cb891eb"},"C:\\Users\\Administrator\\Documents\\Rukundo Kevin\\My-Blog\\src\\models\\User.js":{"path":"C:\\Users\\Administrator\\Documents\\Rukundo Kevin\\My-Blog\\src\\models\\User.js","statementMap":{"0":{"start":{"line":3,"column":15},"end":{"line":3,"column":34}},"1":{"start":{"line":5,"column":10},"end":{"line":5,"column":30}},"2":{"start":{"line":7,"column":13},"end":{"line":22,"column":2}},"3":{"start":{"line":23,"column":11},"end":{"line":23,"column":41}},"4":{"start":{"line":25,"column":19},"end":{"line":31,"column":1}},"5":{"start":{"line":26,"column":15},"end":{"line":29,"column":4}},"6":{"start":{"line":30,"column":2},"end":{"line":30,"column":31}},"7":{"start":{"line":33,"column":0},"end":{"line":36,"column":2}}},"fnMap":{"0":{"name":"validateUser","decl":{"start":{"line":25,"column":28},"end":{"line":25,"column":40}},"loc":{"start":{"line":25,"column":47},"end":{"line":31,"column":1}},"line":25}},"branchMap":{},"s":{"0":1,"1":1,"2":1,"3":1,"4":1,"5":2,"6":2,"7":1},"f":{"0":2},"b":{},"inputSourceMap":{"version":3,"sources":["User.js"],"names":["mongoose","require","Joi","schema","Schema","username","type","String","required","password","versionKey","User","model","validateUser","user","object","string","min","max","validate","module","exports"],"mappings":";;AAAA,IAAMA,QAAQ,GAAGC,OAAO,CAAC,UAAD,CAAxB;;AACA,IAAMC,GAAG,GAAGD,OAAO,CAAC,WAAD,CAAnB;;AAEC,IAAME,MAAM,GAAG,IAAIH,QAAQ,CAACI,MAAb,CAAoB;AAC/BC,EAAAA,QAAQ,EAAC;AAACC,IAAAA,IAAI,EAACC,MAAN;AAAcC,IAAAA,QAAQ,EAAC;AAAvB,GADsB;AAE/BC,EAAAA,QAAQ,EAAC;AAACH,IAAAA,IAAI,EAAEC,MAAP;AAAgBC,IAAAA,QAAQ,EAAE;AAA1B,GAFsB;AAG/BF,EAAAA,IAAI,EAAC;AAACA,IAAAA,IAAI,EAACC,MAAN;AAAc,eAAS;AAAvB;AAH0B,CAApB,EAKb;AACEG,EAAAA,UAAU,EAAC;AADb,CALa,CAAf;AASD,IAAMC,IAAI,GAAGX,QAAQ,CAACY,KAAT,CAAe,MAAf,EAAsBT,MAAtB,CAAb;;AAEC,IAAMU,YAAY,GAAG,SAAfA,YAAe,CAACC,IAAD,EAAU;AAC5B,MAAMX,MAAM,GAAGD,GAAG,CAACa,MAAJ,CAAW;AACtBV,IAAAA,QAAQ,EAAEH,GAAG,CAACc,MAAJ,GAAaC,GAAb,CAAiB,CAAjB,EAAoBC,GAApB,CAAwB,GAAxB,EAA6BV,QAA7B,EADY;AAEtBC,IAAAA,QAAQ,EAAEP,GAAG,CAACc,MAAJ,GAAaC,GAAb,CAAiB,CAAjB,EAAoBC,GAApB,CAAwB,IAAxB,EAA8BV,QAA9B;AAFY,GAAX,CAAf;AAKA,SAAOL,MAAM,CAACgB,QAAP,CAAgBL,IAAhB,CAAP;AACD,CAPF;;AASCM,MAAM,CAACC,OAAP,GAAiB;AACfV,EAAAA,IAAI,EAAJA,IADe;AAEfE,EAAAA,YAAY,EAAZA;AAFe,CAAjB","sourceRoot":"C:\\Users\\Administrator\\Documents\\Rukundo Kevin\\My-Blog\\src\\models\\","sourcesContent":["const mongoose = require(\"mongoose\");\r\nconst Joi = require(\"@hapi/joi\");\r\n\r\n const schema = new mongoose.Schema({\r\n     username:{type:String, required:true},\r\n     password:{type: String , required: true},\r\n     type:{type:String, default: \"user\"},\r\n\r\n },{\r\n     versionKey:false\r\n })\r\n\r\nconst User = mongoose.model(\"User\",schema);\r\n\r\n const validateUser = (user) => {\r\n    const schema = Joi.object({\r\n        username: Joi.string().min(5).max(500).required(),\r\n        password: Joi.string().min(8).max(1024).required(),\r\n  \r\n    })\r\n    return schema.validate(user)\r\n  }\r\n  \r\n  module.exports = {\r\n    User,\r\n    validateUser,\r\n  }"]},"_coverageSchema":"1a1c01bbd47fc00a2c39e90264f33305004495a9","hash":"57dea6152a3203b2525108c219160669080a8655","contentHash":"e90e4a8c442a9c9de3dc8019592b47e0d23e9b4471b90e325c810534d0fa2b4f"},"C:\\Users\\Administrator\\Documents\\Rukundo Kevin\\My-Blog\\src\\index.js":{"path":"C:\\Users\\Administrator\\Documents\\Rukundo Kevin\\My-Blog\\src\\index.js","statementMap":{"0":{"start":{"line":3,"column":77},"end":{"line":3,"column":175}},"1":{"start":{"line":3,"column":94},"end":{"line":3,"column":107}},"2":{"start":{"line":3,"column":121},"end":{"line":3,"column":131}},"3":{"start":{"line":3,"column":151},"end":{"line":3,"column":165}},"4":{"start":{"line":3,"column":166},"end":{"line":3,"column":173}},"5":{"start":{"line":3,"column":176},"end":{"line":3,"column":263}},"6":{"start":{"line":3,"column":193},"end":{"line":3,"column":208}},"7":{"start":{"line":3,"column":218},"end":{"line":3,"column":261}},"8":{"start":{"line":5,"column":33},"end":{"line":5,"column":387}},"9":{"start":{"line":5,"column":65},"end":{"line":5,"column":69}},"10":{"start":{"line":5,"column":78},"end":{"line":5,"column":87}},"11":{"start":{"line":5,"column":89},"end":{"line":5,"column":384}},"12":{"start":{"line":5,"column":147},"end":{"line":5,"column":167}},"13":{"start":{"line":5,"column":193},"end":{"line":5,"column":264}},"14":{"start":{"line":5,"column":290},"end":{"line":5,"column":360}},"15":{"start":{"line":5,"column":363},"end":{"line":5,"column":380}},"16":{"start":{"line":7,"column":14},"end":{"line":7,"column":32}},"17":{"start":{"line":9,"column":13},"end":{"line":9,"column":29}},"18":{"start":{"line":11,"column":15},"end":{"line":11,"column":34}},"19":{"start":{"line":13,"column":19},"end":{"line":13,"column":43}},"20":{"start":{"line":15,"column":16},"end":{"line":15,"column":45}},"21":{"start":{"line":17,"column":10},"end":{"line":17,"column":33}},"22":{"start":{"line":19,"column":20},"end":{"line":19,"column":47}},"23":{"start":{"line":21,"column":18},"end":{"line":21,"column":43}},"24":{"start":{"line":23,"column":17},"end":{"line":23,"column":41}},"25":{"start":{"line":25,"column":20},"end":{"line":25,"column":47}},"26":{"start":{"line":27,"column":18},"end":{"line":27,"column":43}},"27":{"start":{"line":29,"column":19},"end":{"line":29,"column":46}},"28":{"start":{"line":31,"column":11},"end":{"line":31,"column":35}},"29":{"start":{"line":33,"column":13},"end":{"line":33,"column":30}},"30":{"start":{"line":35,"column":24},"end":{"line":67,"column":1}},"31":{"start":{"line":68,"column":14},"end":{"line":72,"column":1}},"32":{"start":{"line":73,"column":18},"end":{"line":73,"column":39}},"33":{"start":{"line":74,"column":10},"end":{"line":74,"column":19}},"34":{"start":{"line":76,"column":29},"end":{"line":120,"column":3}},"35":{"start":{"line":77,"column":13},"end":{"line":115,"column":5}},"36":{"start":{"line":78,"column":4},"end":{"line":114,"column":16}},"37":{"start":{"line":79,"column":6},"end":{"line":113,"column":7}},"38":{"start":{"line":80,"column":8},"end":{"line":112,"column":9}},"39":{"start":{"line":82,"column":12},"end":{"line":82,"column":30}},"40":{"start":{"line":83,"column":12},"end":{"line":107,"column":15}},"41":{"start":{"line":88,"column":14},"end":{"line":88,"column":38}},"42":{"start":{"line":91,"column":14},"end":{"line":91,"column":78}},"43":{"start":{"line":92,"column":14},"end":{"line":92,"column":32}},"44":{"start":{"line":93,"column":14},"end":{"line":93,"column":49}},"45":{"start":{"line":94,"column":14},"end":{"line":94,"column":45}},"46":{"start":{"line":95,"column":14},"end":{"line":95,"column":43}},"47":{"start":{"line":96,"column":14},"end":{"line":96,"column":49}},"48":{"start":{"line":97,"column":14},"end":{"line":97,"column":45}},"49":{"start":{"line":98,"column":14},"end":{"line":98,"column":47}},"50":{"start":{"line":99,"column":14},"end":{"line":99,"column":36}},"51":{"start":{"line":100,"column":14},"end":{"line":104,"column":17}},"52":{"start":{"line":101,"column":16},"end":{"line":103,"column":17}},"53":{"start":{"line":102,"column":18},"end":{"line":102,"column":48}},"54":{"start":{"line":106,"column":14},"end":{"line":106,"column":84}},"55":{"start":{"line":111,"column":12},"end":{"line":111,"column":35}},"56":{"start":{"line":117,"column":2},"end":{"line":119,"column":4}},"57":{"start":{"line":118,"column":4},"end":{"line":118,"column":39}},"58":{"start":{"line":123,"column":0},"end":{"line":123,"column":12}},"59":{"start":{"line":124,"column":0},"end":{"line":124,"column":21}}},"fnMap":{"0":{"name":"asyncGeneratorStep","decl":{"start":{"line":3,"column":9},"end":{"line":3,"column":27}},"loc":{"start":{"line":3,"column":75},"end":{"line":3,"column":265}},"line":3},"1":{"name":"_asyncToGenerator","decl":{"start":{"line":5,"column":9},"end":{"line":5,"column":26}},"loc":{"start":{"line":5,"column":31},"end":{"line":5,"column":389}},"line":5},"2":{"name":"(anonymous_2)","decl":{"start":{"line":5,"column":40},"end":{"line":5,"column":41}},"loc":{"start":{"line":5,"column":52},"end":{"line":5,"column":386}},"line":5},"3":{"name":"(anonymous_3)","decl":{"start":{"line":5,"column":108},"end":{"line":5,"column":109}},"loc":{"start":{"line":5,"column":135},"end":{"line":5,"column":382}},"line":5},"4":{"name":"_next","decl":{"start":{"line":5,"column":178},"end":{"line":5,"column":183}},"loc":{"start":{"line":5,"column":191},"end":{"line":5,"column":266}},"line":5},"5":{"name":"_throw","decl":{"start":{"line":5,"column":276},"end":{"line":5,"column":282}},"loc":{"start":{"line":5,"column":288},"end":{"line":5,"column":362}},"line":5},"6":{"name":"(anonymous_6)","decl":{"start":{"line":76,"column":29},"end":{"line":76,"column":30}},"loc":{"start":{"line":76,"column":41},"end":{"line":120,"column":1}},"line":76},"7":{"name":"_callee","decl":{"start":{"line":77,"column":78},"end":{"line":77,"column":85}},"loc":{"start":{"line":77,"column":88},"end":{"line":115,"column":3}},"line":77},"8":{"name":"_callee$","decl":{"start":{"line":78,"column":44},"end":{"line":78,"column":52}},"loc":{"start":{"line":78,"column":63},"end":{"line":114,"column":5}},"line":78},"9":{"name":"(anonymous_9)","decl":{"start":{"line":86,"column":20},"end":{"line":86,"column":21}},"loc":{"start":{"line":86,"column":32},"end":{"line":105,"column":13}},"line":86},"10":{"name":"(anonymous_10)","decl":{"start":{"line":100,"column":31},"end":{"line":100,"column":32}},"loc":{"start":{"line":100,"column":43},"end":{"line":104,"column":15}},"line":100},"11":{"name":"(anonymous_11)","decl":{"start":{"line":105,"column":24},"end":{"line":105,"column":25}},"loc":{"start":{"line":105,"column":41},"end":{"line":107,"column":13}},"line":105},"12":{"name":"connectDB","decl":{"start":{"line":117,"column":18},"end":{"line":117,"column":27}},"loc":{"start":{"line":117,"column":30},"end":{"line":119,"column":3}},"line":117}},"branchMap":{"0":{"loc":{"start":{"line":3,"column":176},"end":{"line":3,"column":263}},"type":"if","locations":[{"start":{"line":3,"column":176},"end":{"line":3,"column":263}},{"start":{"line":3,"column":176},"end":{"line":3,"column":263}}],"line":3},"1":{"loc":{"start":{"line":31,"column":11},"end":{"line":31,"column":35}},"type":"binary-expr","locations":[{"start":{"line":31,"column":11},"end":{"line":31,"column":27}},{"start":{"line":31,"column":31},"end":{"line":31,"column":35}}],"line":31},"2":{"loc":{"start":{"line":80,"column":8},"end":{"line":112,"column":9}},"type":"switch","locations":[{"start":{"line":81,"column":10},"end":{"line":107,"column":15}},{"start":{"line":109,"column":10},"end":{"line":109,"column":17}},{"start":{"line":110,"column":10},"end":{"line":111,"column":35}}],"line":80},"3":{"loc":{"start":{"line":101,"column":16},"end":{"line":103,"column":17}},"type":"if","locations":[{"start":{"line":101,"column":16},"end":{"line":103,"column":17}},{"start":{"line":101,"column":16},"end":{"line":103,"column":17}}],"line":101}},"s":{"0":2,"1":2,"2":2,"3":0,"4":0,"5":2,"6":1,"7":1,"8":1,"9":1,"10":1,"11":1,"12":1,"13":2,"14":0,"15":1,"16":1,"17":1,"18":1,"19":1,"20":1,"21":1,"22":1,"23":1,"24":1,"25":1,"26":1,"27":1,"28":1,"29":1,"30":1,"31":1,"32":1,"33":1,"34":1,"35":1,"36":1,"37":2,"38":2,"39":1,"40":1,"41":1,"42":1,"43":1,"44":1,"45":1,"46":1,"47":1,"48":1,"49":1,"50":1,"51":1,"52":1,"53":0,"54":0,"55":1,"56":1,"57":1,"58":1,"59":1},"f":{"0":2,"1":1,"2":1,"3":1,"4":2,"5":0,"6":1,"7":1,"8":2,"9":1,"10":1,"11":0,"12":1},"b":{"0":[1,1],"1":[1,1],"2":[1,1,1],"3":[0,1]},"inputSourceMap":{"version":3,"sources":["index.js"],"names":["express","require","router","Router","mongoose","swaggerJSDoc","swaggerUi","api","articleRoutes","queryRouter","likeRouter","commentRouter","loginRouter","signupRouter","PORT","process","env","config","swaggerDefinition","openapi","info","title","version","description","license","name","url","contact","servers","security","bearerAuth","components","securitySchemes","type","scheme","bearerFormat","options","apis","swaggerSpec","app","connectDB","connect","DBHost","useNewUrlParser","useUnifiedTopology","then","use","json","serve","setup","set","listen","util","getEnv","console","log","error","module","exports"],"mappings":";;;;;;AAEA,IAAMA,OAAO,GAAGC,OAAO,CAAC,SAAD,CAAvB;;AACA,IAAMC,MAAM,GAAGF,OAAO,CAACG,MAAR,EAAf;;AACA,IAAMC,QAAQ,GAAGH,OAAO,CAAC,UAAD,CAAxB;;AAEA,IAAMI,YAAY,GAAGJ,OAAO,CAAC,eAAD,CAA5B;;AACA,IAAMK,SAAS,GAAGL,OAAO,CAAC,oBAAD,CAAzB;;AAEA,IAAMM,GAAG,GAAGN,OAAO,CAAC,cAAD,CAAnB;;AACA,IAAMO,aAAa,GAAGP,OAAO,CAAC,kBAAD,CAA7B;;AACA,IAAMQ,WAAW,GAAGR,OAAO,CAAC,gBAAD,CAA3B;;AACA,IAAMS,UAAU,GAAGT,OAAO,CAAC,eAAD,CAA1B;;AACA,IAAMU,aAAa,GAAGV,OAAO,CAAC,kBAAD,CAA7B;;AAEA,IAAMW,WAAW,GAAGX,OAAO,CAAC,gBAAD,CAA3B;;AACA,IAAMY,YAAY,GAAGZ,OAAO,CAAC,kBAAD,CAA5B;;AAGA,IAAMa,IAAI,GAAGC,OAAO,CAACC,GAAR,CAAYF,IAAZ,IAAoB,IAAjC;;AACA,IAAMG,MAAM,GAAGhB,OAAO,CAAC,QAAD,CAAtB;;AAEA,IAAMiB,iBAAiB,GAAG;AAClBC,EAAAA,OAAO,EAAE,OADS;AAElBC,EAAAA,IAAI,EAAE;AACJC,IAAAA,KAAK,EAAE,yBADH;AAEJC,IAAAA,OAAO,EAAE;AAFL,GAFY;AAMlBC,EAAAA,WAAW,EACX,kGAPkB;AAQpBC,EAAAA,OAAO,EAAE;AACPC,IAAAA,IAAI,EAAE,oBADC;AAEPC,IAAAA,GAAG,EAAE;AAFE,GARW;AAYpBC,EAAAA,OAAO,EAAE;AACPF,IAAAA,IAAI,EAAC,eADE;AAEPC,IAAAA,GAAG,EAAE;AAFE,GAZW;AAgBpBE,EAAAA,OAAO,EAAE,CACP;AACEF,IAAAA,GAAG,EAAE;AADP,GADO,CAhBW;AAqBlBG,EAAAA,QAAQ,EAAE,CACR;AACEC,IAAAA,UAAU,EAAE;AADd,GADQ,CArBQ;AA0BlBC,EAAAA,UAAU,EAAE;AACRC,IAAAA,eAAe,EAAE;AACfF,MAAAA,UAAU,EAAE;AACVG,QAAAA,IAAI,EAAE,MADI;AAEVC,QAAAA,MAAM,EAAE,QAFE;AAGVC,QAAAA,YAAY,EAAE,KAHJ;AAIVV,QAAAA,IAAI,EAAE,YAJI;AAKV,cAAI;AALM;AADG;AADT;AA1BM,CAA1B;AAuCM,IAAMW,OAAO,GAAG;AACdlB,EAAAA,iBAAiB,EAAjBA,iBADc;AAEd;AACAmB,EAAAA,IAAI,EAAE,CAAC,iBAAD;AAHQ,CAAhB;AAMA,IAAMC,WAAW,GAAGjC,YAAY,CAAC+B,OAAD,CAAhC;AAEN,IAAMG,GAAG,GAAGvC,OAAO,EAAnB;;AAEA,IAAMwC,SAAS;AAAA,qEAAG;AAAA;AAAA;AAAA;AAAA;AAAA;AAAA,mBACJpC,QAAQ,CAACqC,OAAT,CAAiBxB,MAAM,CAACyB,MAAxB,EAAgC;AAAEC,cAAAA,eAAe,EAAE,IAAnB;AAAyBC,cAAAA,kBAAkB,EAAE;AAA7C,aAAhC,EACLC,IADK,CACA,YAAI;AACF;AACAN,cAAAA,GAAG,CAACO,GAAJ,CAAQ9C,OAAO,CAAC+C,IAAR,EAAR,EAFE,CAIF;;AAAA;AACAR,cAAAA,GAAG,CAACO,GAAJ,CAAQ,OAAR,EAAiBxC,SAAS,CAAC0C,KAA3B,EAAkC1C,SAAS,CAAC2C,KAAV,CAAgBX,WAAhB,CAAlC;AAEAC,cAAAA,GAAG,CAACO,GAAJ,CAAQ,GAAR,EAAYvC,GAAZ;AACAgC,cAAAA,GAAG,CAACO,GAAJ,CAAQ,UAAR,EAAmBtC,aAAnB;AACA+B,cAAAA,GAAG,CAACO,GAAJ,CAAQ,QAAR,EAAiBrC,WAAjB;AACA8B,cAAAA,GAAG,CAACO,GAAJ,CAAQ,OAAR,EAAgBpC,UAAhB;AACA6B,cAAAA,GAAG,CAACO,GAAJ,CAAQ,UAAR,EAAmBnC,aAAnB;AAEA4B,cAAAA,GAAG,CAACO,GAAJ,CAAQ,QAAR,EAAkBlC,WAAlB;AACA2B,cAAAA,GAAG,CAACO,GAAJ,CAAQ,SAAR,EAAmBjC,YAAnB;AAGA0B,cAAAA,GAAG,CAACW,GAAJ,CAAQ,MAAR,EAAepC,IAAf;AAEAyB,cAAAA,GAAG,CAACY,MAAJ,CAAWrC,IAAX,EAAiB,YAAK;AACpB,oBAAGG,MAAM,CAACmC,IAAP,CAAYC,MAAZ,CAAmB,UAAnB,KAAkC,MAArC,EAA4C;AAC1CC,kBAAAA,OAAO,CAACC,GAAR,CAAY,gBAAZ;AACC;AACF,eAJH;AAMP,aA1BK,WA2BK,UAAUC,KAAV,EAAiB;AACpBF,cAAAA,OAAO,CAACC,GAAR,8CAAkDC,KAAlD;AACH,aA7BC,CADI;;AAAA;AAAA;AAAA;AAAA;AAAA;AAAA;AAAA,GAAH;;AAAA,kBAAThB,SAAS;AAAA;AAAA;AAAA,GAAf,C,CAiCI;;;AACAA,SAAS;AACTiB,MAAM,CAACC,OAAP,GAAiBnB,GAAjB","sourceRoot":"C:\\Users\\Administrator\\Documents\\Rukundo Kevin\\My-Blog\\src\\","sourcesContent":["\r\n\r\nconst express = require(\"express\");\r\nconst router = express.Router();\r\nconst mongoose = require(\"mongoose\");\r\n\r\nconst swaggerJSDoc = require(\"swagger-jsdoc\");\r\nconst swaggerUi = require(\"swagger-ui-express\")\r\n\r\nconst api = require(\"./routes/api\")\r\nconst articleRoutes = require(\"./routes/article\")\r\nconst queryRouter = require(\"./routes/query\")\r\nconst likeRouter = require(\"./routes/like\")\r\nconst commentRouter = require(\"./routes/comment\")\r\n\r\nconst loginRouter = require(\"./routes/login\")\r\nconst signupRouter = require(\"./routes/sign-up\")\r\n\r\n\r\nconst PORT = process.env.PORT || 5000;\r\nconst config = require(\"config\")\r\n\r\nconst swaggerDefinition = {\r\n        openapi: '3.0.0',\r\n        info: {\r\n          title: 'Express API for My Blog',\r\n          version: '1.0.0',\r\n        },\r\n        description:\r\n        'This is a REST API application made with Express. It retrieves data from Mongodb using mongoose.',\r\n      license: {\r\n        name: 'Licensed Under MIT',\r\n        url: 'https://spdx.org/licenses/MIT.html',\r\n      },\r\n      contact: {\r\n        name:\"Rukundo Kevin\",\r\n        url: 'https://www.rukundokevin.codes',\r\n      },\r\n      servers: [\r\n        {\r\n          url: 'https://rukundo-kevin-blog.herokuapp.com/'\r\n        }]\r\n        ,\r\n        security: [\r\n          {\r\n            bearerAuth: [],\r\n          },\r\n        ],\r\n        components: {\r\n            securitySchemes: {\r\n              bearerAuth: {\r\n                type: 'http',\r\n                scheme: 'bearer',\r\n                bearerFormat: 'JWT',\r\n                name: 'bearerAuth',\r\n                in: 'header'\r\n              }\r\n            }\r\n        },\r\n      };\r\n      \r\n      const options = {\r\n        swaggerDefinition,\r\n        // Paths to files containing OpenAPI definitions\r\n        apis: ['src/routes/*.js'],\r\n      };\r\n      \r\n      const swaggerSpec = swaggerJSDoc(options);\r\n\r\nconst app = express();\r\n\r\nconst connectDB = async () => {\r\n        await mongoose.connect(config.DBHost, { useNewUrlParser: true, useUnifiedTopology: true })\r\n        .then(()=>{\r\n                //middlewares\r\n                app.use(express.json())\r\n                 \r\n                //middlewares for routes\r\n                app.use('/docs', swaggerUi.serve, swaggerUi.setup(swaggerSpec));\r\n\r\n                app.use(\"/\",api)\r\n                app.use(\"/article\",articleRoutes)\r\n                app.use(\"/query\",queryRouter)\r\n                app.use(\"/like\",likeRouter)\r\n                app.use(\"/comment\",commentRouter)\r\n\r\n                app.use(\"/login\", loginRouter)\r\n                app.use(\"/signup\", signupRouter)\r\n\r\n\r\n                app.set(\"port\",PORT)\r\n\r\n                app.listen(PORT, () =>{\r\n                  if(config.util.getEnv('NODE_ENV') != 'test'){\r\n                    console.log(\"server started\")\r\n                    } \r\n                  })\r\n\r\n        })\r\n            .catch(function (error) {\r\n                console.log(`Unable to connect to the Mongo db  ${error} `);\r\n            });\r\n    };\r\n    \r\n    // use as a function        \r\n    connectDB();\r\n    module.exports = app;\r\n"]},"_coverageSchema":"1a1c01bbd47fc00a2c39e90264f33305004495a9","hash":"586962ad73d269fe1b64adf60660d34e916cc36f","contentHash":"d8b9284dbeeac59679f7d3c0570f2e2988f22ec10701fb20114fc5c81659dd11"},"C:\\Users\\Administrator\\Documents\\Rukundo Kevin\\My-Blog\\src\\routes\\api.js":{"path":"C:\\Users\\Administrator\\Documents\\Rukundo Kevin\\My-Blog\\src\\routes\\api.js","statementMap":{"0":{"start":{"line":3,"column":19},"end":{"line":3,"column":56}},"1":{"start":{"line":5,"column":77},"end":{"line":5,"column":175}},"2":{"start":{"line":5,"column":94},"end":{"line":5,"column":107}},"3":{"start":{"line":5,"column":121},"end":{"line":5,"column":131}},"4":{"start":{"line":5,"column":151},"end":{"line":5,"column":165}},"5":{"start":{"line":5,"column":166},"end":{"line":5,"column":173}},"6":{"start":{"line":5,"column":176},"end":{"line":5,"column":263}},"7":{"start":{"line":5,"column":193},"end":{"line":5,"column":208}},"8":{"start":{"line":5,"column":218},"end":{"line":5,"column":261}},"9":{"start":{"line":7,"column":33},"end":{"line":7,"column":387}},"10":{"start":{"line":7,"column":65},"end":{"line":7,"column":69}},"11":{"start":{"line":7,"column":78},"end":{"line":7,"column":87}},"12":{"start":{"line":7,"column":89},"end":{"line":7,"column":384}},"13":{"start":{"line":7,"column":147},"end":{"line":7,"column":167}},"14":{"start":{"line":7,"column":193},"end":{"line":7,"column":264}},"15":{"start":{"line":7,"column":290},"end":{"line":7,"column":360}},"16":{"start":{"line":7,"column":363},"end":{"line":7,"column":380}},"17":{"start":{"line":9,"column":14},"end":{"line":9,"column":32}},"18":{"start":{"line":11,"column":15},"end":{"line":11,"column":40}},"19":{"start":{"line":12,"column":19},"end":{"line":12,"column":40}},"20":{"start":{"line":13,"column":11},"end":{"line":13,"column":24}},"21":{"start":{"line":15,"column":16},"end":{"line":15,"column":41}},"22":{"start":{"line":16,"column":14},"end":{"line":16,"column":31}},"23":{"start":{"line":18,"column":13},"end":{"line":18,"column":29}},"24":{"start":{"line":20,"column":25},"end":{"line":20,"column":69}},"25":{"start":{"line":22,"column":0},"end":{"line":47,"column":5}},"26":{"start":{"line":23,"column":13},"end":{"line":42,"column":5}},"27":{"start":{"line":24,"column":4},"end":{"line":41,"column":16}},"28":{"start":{"line":25,"column":6},"end":{"line":40,"column":7}},"29":{"start":{"line":26,"column":8},"end":{"line":39,"column":9}},"30":{"start":{"line":28,"column":12},"end":{"line":34,"column":13}},"31":{"start":{"line":29,"column":14},"end":{"line":29,"column":72}},"32":{"start":{"line":31,"column":14},"end":{"line":33,"column":17}},"33":{"start":{"line":38,"column":12},"end":{"line":38,"column":35}},"34":{"start":{"line":44,"column":2},"end":{"line":46,"column":4}},"35":{"start":{"line":45,"column":4},"end":{"line":45,"column":39}},"36":{"start":{"line":48,"column":0},"end":{"line":48,"column":24}}},"fnMap":{"0":{"name":"asyncGeneratorStep","decl":{"start":{"line":5,"column":9},"end":{"line":5,"column":27}},"loc":{"start":{"line":5,"column":75},"end":{"line":5,"column":265}},"line":5},"1":{"name":"_asyncToGenerator","decl":{"start":{"line":7,"column":9},"end":{"line":7,"column":26}},"loc":{"start":{"line":7,"column":31},"end":{"line":7,"column":389}},"line":7},"2":{"name":"(anonymous_2)","decl":{"start":{"line":7,"column":40},"end":{"line":7,"column":41}},"loc":{"start":{"line":7,"column":52},"end":{"line":7,"column":386}},"line":7},"3":{"name":"(anonymous_3)","decl":{"start":{"line":7,"column":108},"end":{"line":7,"column":109}},"loc":{"start":{"line":7,"column":135},"end":{"line":7,"column":382}},"line":7},"4":{"name":"_next","decl":{"start":{"line":7,"column":178},"end":{"line":7,"column":183}},"loc":{"start":{"line":7,"column":191},"end":{"line":7,"column":266}},"line":7},"5":{"name":"_throw","decl":{"start":{"line":7,"column":276},"end":{"line":7,"column":282}},"loc":{"start":{"line":7,"column":288},"end":{"line":7,"column":362}},"line":7},"6":{"name":"(anonymous_6)","decl":{"start":{"line":22,"column":29},"end":{"line":22,"column":30}},"loc":{"start":{"line":22,"column":41},"end":{"line":47,"column":1}},"line":22},"7":{"name":"_callee","decl":{"start":{"line":23,"column":78},"end":{"line":23,"column":85}},"loc":{"start":{"line":23,"column":96},"end":{"line":42,"column":3}},"line":23},"8":{"name":"_callee$","decl":{"start":{"line":24,"column":44},"end":{"line":24,"column":52}},"loc":{"start":{"line":24,"column":63},"end":{"line":41,"column":5}},"line":24},"9":{"name":"(anonymous_9)","decl":{"start":{"line":44,"column":9},"end":{"line":44,"column":10}},"loc":{"start":{"line":44,"column":28},"end":{"line":46,"column":3}},"line":44}},"branchMap":{"0":{"loc":{"start":{"line":5,"column":176},"end":{"line":5,"column":263}},"type":"if","locations":[{"start":{"line":5,"column":176},"end":{"line":5,"column":263}},{"start":{"line":5,"column":176},"end":{"line":5,"column":263}}],"line":5},"1":{"loc":{"start":{"line":26,"column":8},"end":{"line":39,"column":9}},"type":"switch","locations":[{"start":{"line":27,"column":10},"end":{"line":34,"column":13}},{"start":{"line":36,"column":10},"end":{"line":36,"column":17}},{"start":{"line":37,"column":10},"end":{"line":38,"column":35}}],"line":26}},"s":{"0":1,"1":0,"2":0,"3":0,"4":0,"5":0,"6":0,"7":0,"8":0,"9":1,"10":0,"11":0,"12":0,"13":0,"14":0,"15":0,"16":0,"17":1,"18":1,"19":1,"20":1,"21":1,"22":1,"23":1,"24":1,"25":1,"26":1,"27":0,"28":0,"29":0,"30":0,"31":0,"32":0,"33":0,"34":1,"35":0,"36":1},"f":{"0":0,"1":1,"2":0,"3":0,"4":0,"5":0,"6":1,"7":0,"8":0,"9":0},"b":{"0":[0,0],"1":[0,0,0]},"inputSourceMap":{"version":3,"sources":["api.js"],"names":["express","require","validateLike","Like","Article","router","Router","validateMiddleWare","get","req","res","status","send","error","sendStatus","module","exports"],"mappings":";;AAOA;;;;;;AAPA,IAAMA,OAAO,GAAGC,OAAO,CAAC,SAAD,CAAvB;;AACA,eAA6BA,OAAO,CAAC,gBAAD,CAApC;AAAA,IAAOC,YAAP,YAAOA,YAAP;AAAA,IAAoBC,IAApB,YAAoBA,IAApB;;AACA,gBAAmBF,OAAO,CAAC,gBAAD,CAA1B;AAAA,IAAOG,OAAP,aAAOA,OAAP;;AAEA,IAAMC,MAAM,GAAGL,OAAO,CAACM,MAAR,EAAf;;AACA,IAAMC,kBAAkB,GAAGN,OAAO,CAAC,mCAAD,CAAlC;;AAMAI,MAAM,CAACG,GAAP,CAAW,GAAX;AAAA,qEAAiB,iBAAMC,GAAN,EAAUC,GAAV;AAAA;AAAA;AAAA;AAAA;AACb,gBAAI;AACAA,cAAAA,GAAG,CAACC,MAAJ,CAAW,GAAX,EAAgBC,IAAhB,CAAqB,mCAArB;AACH,aAFD,CAEE,OAAOC,KAAP,EAAa;AACXH,cAAAA,GAAG,CAACI,UAAJ,CAAe,GAAf,EAAoBF,IAApB,CAAyB;AAACC,gBAAAA,KAAK,EAAC;AAAP,eAAzB;AAEH;;AANY;AAAA;AAAA;AAAA;AAAA;AAAA;AAAA,GAAjB;;AAAA;AAAA;AAAA;AAAA;AAWAE,MAAM,CAACC,OAAP,GAAiBX,MAAjB","sourceRoot":"C:\\Users\\Administrator\\Documents\\Rukundo Kevin\\My-Blog\\src\\routes\\","sourcesContent":["const express = require(\"express\");\r\nconst {validateLike,Like } = require(\"../models/Like\");\r\nconst {Article } = require(\"../models/Like\");\r\n\r\nconst router = express.Router();\r\nconst validateMiddleWare = require('../middlewares/validateMiddleware')\r\n\r\nimport { verifyToken } from \"../controllers/verifyToken\";\r\n\r\n\r\n\r\nrouter.get(\"/\",  async(req,res)=>{\r\n    try {\r\n        res.status(200).send(\"<h1> Welcome to my blog api </h1>\");\r\n    } catch (error){\r\n        res.sendStatus(500).send({error:\"Problem with request\"})\r\n\r\n    }\r\n\r\n})\r\n\r\n\r\nmodule.exports = router;"]},"_coverageSchema":"1a1c01bbd47fc00a2c39e90264f33305004495a9","hash":"66fd495afcf97ad7975ce0a726c54f283c07722d","contentHash":"7a94b4acc90b640a9515de243d6e8cf072bc38aa79e2d22668e972f29aa78c4f"},"C:\\Users\\Administrator\\Documents\\Rukundo Kevin\\My-Blog\\src\\controllers\\verifyToken.js":{"path":"C:\\Users\\Administrator\\Documents\\Rukundo Kevin\\My-Blog\\src\\controllers\\verifyToken.js","statementMap":{"0":{"start":{"line":3,"column":0},"end":{"line":5,"column":3}},"1":{"start":{"line":6,"column":0},"end":{"line":6,"column":34}},"2":{"start":{"line":8,"column":16},"end":{"line":8,"column":47}},"3":{"start":{"line":10,"column":10},"end":{"line":10,"column":33}},"4":{"start":{"line":12,"column":13},"end":{"line":12,"column":30}},"5":{"start":{"line":16,"column":2},"end":{"line":28,"column":3}},"6":{"start":{"line":17,"column":23},"end":{"line":17,"column":48}},"7":{"start":{"line":18,"column":22},"end":{"line":18,"column":64}},"8":{"start":{"line":19,"column":4},"end":{"line":19,"column":57}},"9":{"start":{"line":19,"column":30},"end":{"line":19,"column":57}},"10":{"start":{"line":20,"column":4},"end":{"line":25,"column":7}},"11":{"start":{"line":22,"column":6},"end":{"line":22,"column":42}},"12":{"start":{"line":22,"column":15},"end":{"line":22,"column":42}},"13":{"start":{"line":23,"column":6},"end":{"line":23,"column":22}},"14":{"start":{"line":24,"column":6},"end":{"line":24,"column":13}},"15":{"start":{"line":27,"column":4},"end":{"line":27,"column":21}}},"fnMap":{"0":{"name":"verifyToken","decl":{"start":{"line":15,"column":9},"end":{"line":15,"column":20}},"loc":{"start":{"line":15,"column":37},"end":{"line":29,"column":1}},"line":15},"1":{"name":"(anonymous_1)","decl":{"start":{"line":20,"column":43},"end":{"line":20,"column":44}},"loc":{"start":{"line":20,"column":64},"end":{"line":25,"column":5}},"line":20}},"branchMap":{"0":{"loc":{"start":{"line":18,"column":22},"end":{"line":18,"column":64}},"type":"binary-expr","locations":[{"start":{"line":18,"column":22},"end":{"line":18,"column":34}},{"start":{"line":18,"column":38},"end":{"line":18,"column":64}}],"line":18},"1":{"loc":{"start":{"line":19,"column":4},"end":{"line":19,"column":57}},"type":"if","locations":[{"start":{"line":19,"column":4},"end":{"line":19,"column":57}},{"start":{"line":19,"column":4},"end":{"line":19,"column":57}}],"line":19},"2":{"loc":{"start":{"line":22,"column":6},"end":{"line":22,"column":42}},"type":"if","locations":[{"start":{"line":22,"column":6},"end":{"line":22,"column":42}},{"start":{"line":22,"column":6},"end":{"line":22,"column":42}}],"line":22}},"s":{"0":1,"1":1,"2":1,"3":1,"4":1,"5":4,"6":4,"7":4,"8":4,"9":0,"10":4,"11":4,"12":0,"13":4,"14":4,"15":0},"f":{"0":4,"1":4},"b":{"0":[4,4],"1":[0,4],"2":[0,4]},"inputSourceMap":{"version":3,"sources":["verifyToken.js"],"names":["jwt","require","config","verifyToken","req","res","next","bearerHeader","headers","authorization","bearerToken","split","sendStatus","verify","secret","err","user","console","log"],"mappings":";;;;;;;AAAA;;AAEA,IAAMA,GAAG,GAAGC,OAAO,CAAC,cAAD,CAAnB;;AACA,IAAMC,MAAM,GAAGD,OAAO,CAAC,QAAD,CAAtB,C,CAEA;;;AACA,SAASE,WAAT,CAAqBC,GAArB,EAA0BC,GAA1B,EAA+BC,IAA/B,EAAqC;AACnC,MAAG;AACD,QAAMC,YAAY,GAAGH,GAAG,CAACI,OAAJ,CAAYC,aAAjC;AACA,QAAMC,WAAW,GAAGH,YAAY,IAAIA,YAAY,CAACI,KAAb,CAAmB,GAAnB,EAAwB,CAAxB,CAApC;AACA,QAAIJ,YAAY,IAAI,IAApB,EAA0B,OAAOF,GAAG,CAACO,UAAJ,CAAe,GAAf,CAAP;AAE1BZ,IAAAA,GAAG,CAACa,MAAJ,CAAWH,WAAX,EAAwBR,MAAM,CAACY,MAA/B,EAAuC,UAACC,GAAD,EAAKC,IAAL,EAAa;AAClD;AACE,UAAID,GAAJ,EAAS,OAAOV,GAAG,CAACO,UAAJ,CAAe,GAAf,CAAP;AACTR,MAAAA,GAAG,CAACY,IAAJ,GAAWA,IAAX;AACAV,MAAAA,IAAI;AACP,KALD;AAMD,GAXD,CAYA,OAAMS,GAAN,EAAU;AACRE,IAAAA,OAAO,CAACC,GAAR,CAAYH,GAAZ;AACD;AAEA","sourceRoot":"C:\\Users\\Administrator\\Documents\\Rukundo Kevin\\My-Blog\\src\\controllers\\","sourcesContent":["import { send } from \"express/lib/response\";\r\n\r\nconst jwt = require(\"jsonwebtoken\")\r\nconst config = require(\"config\");\r\n\r\n// Verify Token\r\nfunction verifyToken(req, res, next) {\r\n  try{\r\n    const bearerHeader = req.headers.authorization;\r\n    const bearerToken = bearerHeader && bearerHeader.split(' ')[1];\r\n    if (bearerHeader == null) return res.sendStatus(401);\r\n\r\n    jwt.verify(bearerToken, config.secret, (err,user) =>{\r\n      // console.log(err)\r\n        if (err) return res.sendStatus(403);\r\n        req.user = user;\r\n        next();\r\n    })\r\n  }\r\n  catch(err){\r\n    console.log(err)\r\n  }\r\n  \r\n  }\r\nexport{ verifyToken }"]},"_coverageSchema":"1a1c01bbd47fc00a2c39e90264f33305004495a9","hash":"54ca5b03366631c7651728814eef4b58f02fcc8a","contentHash":"035a256e25343ea9b04dc195e88c9ef9d5831bee03fbda822c8acf3958ef3af4"},"C:\\Users\\Administrator\\Documents\\Rukundo Kevin\\My-Blog\\src\\models\\Like.js":{"path":"C:\\Users\\Administrator\\Documents\\Rukundo Kevin\\My-Blog\\src\\models\\Like.js","statementMap":{"0":{"start":{"line":3,"column":15},"end":{"line":3,"column":34}},"1":{"start":{"line":5,"column":10},"end":{"line":5,"column":30}},"2":{"start":{"line":7,"column":13},"end":{"line":18,"column":2}},"3":{"start":{"line":19,"column":11},"end":{"line":19,"column":41}},"4":{"start":{"line":21,"column":19},"end":{"line":26,"column":1}},"5":{"start":{"line":22,"column":15},"end":{"line":24,"column":4}},"6":{"start":{"line":25,"column":2},"end":{"line":25,"column":31}},"7":{"start":{"line":28,"column":0},"end":{"line":31,"column":2}}},"fnMap":{"0":{"name":"validateLike","decl":{"start":{"line":21,"column":28},"end":{"line":21,"column":40}},"loc":{"start":{"line":21,"column":47},"end":{"line":26,"column":1}},"line":21}},"branchMap":{},"s":{"0":1,"1":1,"2":1,"3":1,"4":1,"5":1,"6":1,"7":1},"f":{"0":1},"b":{},"inputSourceMap":{"version":3,"sources":["Like.js"],"names":["mongoose","require","Joi","schema","Schema","articleId","type","String","required","userId","versionKey","Like","model","validateLike","like","object","string","validate","module","exports"],"mappings":";;AAAA,IAAMA,QAAQ,GAAGC,OAAO,CAAC,UAAD,CAAxB;;AACA,IAAMC,GAAG,GAAGD,OAAO,CAAC,WAAD,CAAnB;;AAEC,IAAME,MAAM,GAAG,IAAIH,QAAQ,CAACI,MAAb,CAAoB;AAC/BC,EAAAA,SAAS,EAAC;AAACC,IAAAA,IAAI,EAACC,MAAN;AAAcC,IAAAA,QAAQ,EAAC;AAAvB,GADqB;AAE/BC,EAAAA,MAAM,EAAC;AAACH,IAAAA,IAAI,EAAEC,MAAP;AAAgBC,IAAAA,QAAQ,EAAE;AAA1B;AAFwB,CAApB,EAGb;AACEE,EAAAA,UAAU,EAAC;AADb,CAHa,CAAf;AAQD,IAAMC,IAAI,GAAGX,QAAQ,CAACY,KAAT,CAAe,MAAf,EAAsBT,MAAtB,CAAb;;AAEA,IAAMU,YAAY,GAAG,SAAfA,YAAe,CAACC,IAAD,EAAU;AAC7B,MAAMX,MAAM,GAAGD,GAAG,CAACa,MAAJ,CAAW;AACtBV,IAAAA,SAAS,EAACH,GAAG,CAACc,MAAJ,GAAaR,QAAb;AADY,GAAX,CAAf;AAGA,SAAOL,MAAM,CAACc,QAAP,CAAgBH,IAAhB,CAAP;AACD,CALD;;AAOAI,MAAM,CAACC,OAAP,GAAiB;AACfR,EAAAA,IAAI,EAAJA,IADe;AAEfE,EAAAA,YAAY,EAAZA;AAFe,CAAjB","sourceRoot":"C:\\Users\\Administrator\\Documents\\Rukundo Kevin\\My-Blog\\src\\models\\","sourcesContent":["const mongoose = require(\"mongoose\");\r\nconst Joi = require('@hapi/joi')\r\n\r\n const schema = new mongoose.Schema({\r\n     articleId:{type:String, required:true},\r\n     userId:{type: String , required: true},     \r\n },{\r\n     versionKey:false\r\n })\r\n\r\n\r\nconst Like = mongoose.model(\"Like\",schema);\r\n\r\nconst validateLike = (like) => {\r\n  const schema = Joi.object({\r\n      articleId:Joi.string().required(),\r\n  })\r\n  return schema.validate(like)\r\n}\r\n\r\nmodule.exports = {\r\n  Like,\r\n  validateLike,\r\n}"]},"_coverageSchema":"1a1c01bbd47fc00a2c39e90264f33305004495a9","hash":"a02c14cbb15d5953524ef1639661a65822afa6cd","contentHash":"9f946b82d8f93133d64bf3d07b4f26f9f6ac9a98925a862e4c5256e355089f77"},"C:\\Users\\Administrator\\Documents\\Rukundo Kevin\\My-Blog\\src\\middlewares\\validateMiddleware.js":{"path":"C:\\Users\\Administrator\\Documents\\Rukundo Kevin\\My-Blog\\src\\middlewares\\validateMiddleware.js","statementMap":{"0":{"start":{"line":4,"column":0},"end":{"line":15,"column":2}},"1":{"start":{"line":5,"column":2},"end":{"line":14,"column":4}},"2":{"start":{"line":6,"column":21},"end":{"line":6,"column":40}},"3":{"start":{"line":7,"column":16},"end":{"line":7,"column":32}},"4":{"start":{"line":9,"column":4},"end":{"line":11,"column":5}},"5":{"start":{"line":10,"column":6},"end":{"line":10,"column":60}},"6":{"start":{"line":13,"column":4},"end":{"line":13,"column":11}}},"fnMap":{"0":{"name":"(anonymous_0)","decl":{"start":{"line":4,"column":17},"end":{"line":4,"column":18}},"loc":{"start":{"line":4,"column":38},"end":{"line":15,"column":1}},"line":4},"1":{"name":"(anonymous_1)","decl":{"start":{"line":5,"column":9},"end":{"line":5,"column":10}},"loc":{"start":{"line":5,"column":35},"end":{"line":14,"column":3}},"line":5}},"branchMap":{"0":{"loc":{"start":{"line":9,"column":4},"end":{"line":11,"column":5}},"type":"if","locations":[{"start":{"line":9,"column":4},"end":{"line":11,"column":5}},{"start":{"line":9,"column":4},"end":{"line":11,"column":5}}],"line":9}},"s":{"0":1,"1":8,"2":6,"3":6,"4":6,"5":1,"6":5},"f":{"0":8,"1":6},"b":{"0":[1,5]},"inputSourceMap":{"version":3,"sources":["validateMiddleware.js"],"names":["module","exports","validator","req","res","next","body","error","status","send","details","message"],"mappings":";;AAAA;AACAA,MAAM,CAACC,OAAP,GAAiB,UAACC,SAAD,EAAe;AAC5B,SAAO,UAACC,GAAD,EAAMC,GAAN,EAAWC,IAAX,EAAoB;AACzB,qBAAkBH,SAAS,CAACC,GAAG,CAACG,IAAL,CAA3B;AAAA,QAAQC,KAAR,cAAQA,KAAR;;AACA,QAAIA,KAAJ,EAAW;AACT,aAAOH,GAAG,CAACI,MAAJ,CAAW,GAAX,EAAgBC,IAAhB,CAAqBF,KAAK,CAACG,OAAN,CAAc,CAAd,EAAiBC,OAAtC,CAAP;AACD;;AACDN,IAAAA,IAAI;AACL,GAND;AAOD,CARH","sourceRoot":"C:\\Users\\Administrator\\Documents\\Rukundo Kevin\\My-Blog\\src\\middlewares\\","sourcesContent":["// validateMiddleware\r\nmodule.exports = (validator) => {\r\n    return (req, res, next) => {\r\n      const { error } = validator(req.body)\r\n      if (error) {\r\n        return res.status(400).send(error.details[0].message)\r\n      }\r\n      next()\r\n    }\r\n  }"]},"_coverageSchema":"1a1c01bbd47fc00a2c39e90264f33305004495a9","hash":"c7cb101f3809408a6d8ce857260615835275501f","contentHash":"6a9005e049fe379e9ac7331a7dfd7b72a259bdbf8c9d7110c2686199b1637edb"},"C:\\Users\\Administrator\\Documents\\Rukundo Kevin\\My-Blog\\src\\routes\\article.js":{"path":"C:\\Users\\Administrator\\Documents\\Rukundo Kevin\\My-Blog\\src\\routes\\article.js","statementMap":{"0":{"start":{"line":3,"column":19},"end":{"line":3,"column":56}},"1":{"start":{"line":5,"column":26},"end":{"line":5,"column":94}},"2":{"start":{"line":7,"column":39},"end":{"line":7,"column":95}},"3":{"start":{"line":9,"column":77},"end":{"line":9,"column":175}},"4":{"start":{"line":9,"column":94},"end":{"line":9,"column":107}},"5":{"start":{"line":9,"column":121},"end":{"line":9,"column":131}},"6":{"start":{"line":9,"column":151},"end":{"line":9,"column":165}},"7":{"start":{"line":9,"column":166},"end":{"line":9,"column":173}},"8":{"start":{"line":9,"column":176},"end":{"line":9,"column":263}},"9":{"start":{"line":9,"column":193},"end":{"line":9,"column":208}},"10":{"start":{"line":9,"column":218},"end":{"line":9,"column":261}},"11":{"start":{"line":11,"column":33},"end":{"line":11,"column":387}},"12":{"start":{"line":11,"column":65},"end":{"line":11,"column":69}},"13":{"start":{"line":11,"column":78},"end":{"line":11,"column":87}},"14":{"start":{"line":11,"column":89},"end":{"line":11,"column":384}},"15":{"start":{"line":11,"column":147},"end":{"line":11,"column":167}},"16":{"start":{"line":11,"column":193},"end":{"line":11,"column":264}},"17":{"start":{"line":11,"column":290},"end":{"line":11,"column":360}},"18":{"start":{"line":11,"column":363},"end":{"line":11,"column":380}},"19":{"start":{"line":13,"column":14},"end":{"line":13,"column":32}},"20":{"start":{"line":15,"column":15},"end":{"line":15,"column":43}},"21":{"start":{"line":16,"column":22},"end":{"line":16,"column":46}},"22":{"start":{"line":17,"column":14},"end":{"line":17,"column":30}},"23":{"start":{"line":19,"column":13},"end":{"line":19,"column":29}},"24":{"start":{"line":21,"column":25},"end":{"line":21,"column":69}},"25":{"start":{"line":61,"column":0},"end":{"line":96,"column":5}},"26":{"start":{"line":62,"column":13},"end":{"line":91,"column":5}},"27":{"start":{"line":64,"column":4},"end":{"line":90,"column":32}},"28":{"start":{"line":65,"column":6},"end":{"line":89,"column":7}},"29":{"start":{"line":66,"column":8},"end":{"line":88,"column":9}},"30":{"start":{"line":68,"column":12},"end":{"line":68,"column":30}},"31":{"start":{"line":69,"column":12},"end":{"line":69,"column":30}},"32":{"start":{"line":70,"column":12},"end":{"line":70,"column":36}},"33":{"start":{"line":73,"column":12},"end":{"line":73,"column":37}},"34":{"start":{"line":74,"column":12},"end":{"line":74,"column":43}},"35":{"start":{"line":75,"column":12},"end":{"line":75,"column":31}},"36":{"start":{"line":76,"column":12},"end":{"line":76,"column":18}},"37":{"start":{"line":79,"column":12},"end":{"line":79,"column":30}},"38":{"start":{"line":80,"column":12},"end":{"line":80,"column":47}},"39":{"start":{"line":81,"column":12},"end":{"line":83,"column":15}},"40":{"start":{"line":87,"column":12},"end":{"line":87,"column":35}},"41":{"start":{"line":93,"column":2},"end":{"line":95,"column":4}},"42":{"start":{"line":94,"column":4},"end":{"line":94,"column":39}},"43":{"start":{"line":97,"column":0},"end":{"line":136,"column":5}},"44":{"start":{"line":98,"column":14},"end":{"line":131,"column":5}},"45":{"start":{"line":100,"column":4},"end":{"line":130,"column":33}},"46":{"start":{"line":101,"column":6},"end":{"line":129,"column":7}},"47":{"start":{"line":102,"column":8},"end":{"line":128,"column":9}},"48":{"start":{"line":104,"column":12},"end":{"line":104,"column":31}},"49":{"start":{"line":105,"column":12},"end":{"line":105,"column":31}},"50":{"start":{"line":106,"column":12},"end":{"line":108,"column":15}},"51":{"start":{"line":111,"column":12},"end":{"line":111,"column":37}},"52":{"start":{"line":112,"column":12},"end":{"line":112,"column":30}},"53":{"start":{"line":113,"column":12},"end":{"line":113,"column":32}},"54":{"start":{"line":114,"column":12},"end":{"line":114,"column":18}},"55":{"start":{"line":117,"column":12},"end":{"line":117,"column":31}},"56":{"start":{"line":118,"column":12},"end":{"line":118,"column":49}},"57":{"start":{"line":119,"column":12},"end":{"line":119,"column":28}},"58":{"start":{"line":120,"column":12},"end":{"line":122,"column":15}},"59":{"start":{"line":123,"column":12},"end":{"line":123,"column":38}},"60":{"start":{"line":127,"column":12},"end":{"line":127,"column":36}},"61":{"start":{"line":133,"column":2},"end":{"line":135,"column":4}},"62":{"start":{"line":134,"column":4},"end":{"line":134,"column":40}},"63":{"start":{"line":164,"column":0},"end":{"line":210,"column":5}},"64":{"start":{"line":165,"column":14},"end":{"line":205,"column":5}},"65":{"start":{"line":167,"column":4},"end":{"line":204,"column":33}},"66":{"start":{"line":168,"column":6},"end":{"line":203,"column":7}},"67":{"start":{"line":169,"column":8},"end":{"line":202,"column":9}},"68":{"start":{"line":171,"column":12},"end":{"line":171,"column":31}},"69":{"start":{"line":172,"column":12},"end":{"line":172,"column":31}},"70":{"start":{"line":173,"column":12},"end":{"line":178,"column":15}},"71":{"start":{"line":181,"column":12},"end":{"line":181,"column":40}},"72":{"start":{"line":182,"column":12},"end":{"line":182,"column":31}},"73":{"start":{"line":183,"column":12},"end":{"line":183,"column":37}},"74":{"start":{"line":186,"column":12},"end":{"line":188,"column":15}},"75":{"start":{"line":189,"column":12},"end":{"line":189,"column":32}},"76":{"start":{"line":190,"column":12},"end":{"line":190,"column":18}},"77":{"start":{"line":193,"column":12},"end":{"line":193,"column":31}},"78":{"start":{"line":194,"column":12},"end":{"line":194,"column":49}},"79":{"start":{"line":195,"column":12},"end":{"line":197,"column":15}},"80":{"start":{"line":201,"column":12},"end":{"line":201,"column":36}},"81":{"start":{"line":207,"column":2},"end":{"line":209,"column":4}},"82":{"start":{"line":208,"column":4},"end":{"line":208,"column":40}},"83":{"start":{"line":236,"column":0},"end":{"line":271,"column":5}},"84":{"start":{"line":237,"column":14},"end":{"line":266,"column":5}},"85":{"start":{"line":238,"column":4},"end":{"line":265,"column":33}},"86":{"start":{"line":239,"column":6},"end":{"line":264,"column":7}},"87":{"start":{"line":240,"column":8},"end":{"line":263,"column":9}},"88":{"start":{"line":242,"column":12},"end":{"line":242,"column":31}},"89":{"start":{"line":243,"column":12},"end":{"line":243,"column":31}},"90":{"start":{"line":244,"column":12},"end":{"line":246,"column":15}},"91":{"start":{"line":249,"column":12},"end":{"line":249,"column":35}},"92":{"start":{"line":250,"column":12},"end":{"line":250,"column":31}},"93":{"start":{"line":251,"column":12},"end":{"line":251,"column":18}},"94":{"start":{"line":254,"column":12},"end":{"line":254,"column":31}},"95":{"start":{"line":255,"column":12},"end":{"line":255,"column":49}},"96":{"start":{"line":256,"column":12},"end":{"line":258,"column":15}},"97":{"start":{"line":262,"column":12},"end":{"line":262,"column":36}},"98":{"start":{"line":268,"column":2},"end":{"line":270,"column":4}},"99":{"start":{"line":269,"column":4},"end":{"line":269,"column":40}},"100":{"start":{"line":297,"column":0},"end":{"line":352,"column":5}},"101":{"start":{"line":298,"column":14},"end":{"line":347,"column":5}},"102":{"start":{"line":300,"column":4},"end":{"line":346,"column":34}},"103":{"start":{"line":301,"column":6},"end":{"line":345,"column":7}},"104":{"start":{"line":302,"column":8},"end":{"line":344,"column":9}},"105":{"start":{"line":304,"column":12},"end":{"line":304,"column":31}},"106":{"start":{"line":305,"column":12},"end":{"line":305,"column":31}},"107":{"start":{"line":306,"column":12},"end":{"line":308,"column":15}},"108":{"start":{"line":311,"column":12},"end":{"line":311,"column":37}},"109":{"start":{"line":313,"column":12},"end":{"line":315,"column":13}},"110":{"start":{"line":314,"column":14},"end":{"line":314,"column":49}},"111":{"start":{"line":317,"column":12},"end":{"line":319,"column":13}},"112":{"start":{"line":318,"column":14},"end":{"line":318,"column":49}},"113":{"start":{"line":321,"column":12},"end":{"line":323,"column":13}},"114":{"start":{"line":322,"column":14},"end":{"line":322,"column":49}},"115":{"start":{"line":325,"column":12},"end":{"line":325,"column":31}},"116":{"start":{"line":326,"column":12},"end":{"line":326,"column":34}},"117":{"start":{"line":329,"column":12},"end":{"line":329,"column":30}},"118":{"start":{"line":330,"column":12},"end":{"line":330,"column":32}},"119":{"start":{"line":331,"column":12},"end":{"line":331,"column":18}},"120":{"start":{"line":334,"column":12},"end":{"line":334,"column":32}},"121":{"start":{"line":335,"column":12},"end":{"line":335,"column":49}},"122":{"start":{"line":336,"column":12},"end":{"line":336,"column":28}},"123":{"start":{"line":337,"column":12},"end":{"line":339,"column":15}},"124":{"start":{"line":343,"column":12},"end":{"line":343,"column":36}},"125":{"start":{"line":349,"column":2},"end":{"line":351,"column":4}},"126":{"start":{"line":350,"column":4},"end":{"line":350,"column":40}},"127":{"start":{"line":353,"column":0},"end":{"line":353,"column":24}}},"fnMap":{"0":{"name":"_interopRequireDefault","decl":{"start":{"line":7,"column":9},"end":{"line":7,"column":31}},"loc":{"start":{"line":7,"column":37},"end":{"line":7,"column":97}},"line":7},"1":{"name":"asyncGeneratorStep","decl":{"start":{"line":9,"column":9},"end":{"line":9,"column":27}},"loc":{"start":{"line":9,"column":75},"end":{"line":9,"column":265}},"line":9},"2":{"name":"_asyncToGenerator","decl":{"start":{"line":11,"column":9},"end":{"line":11,"column":26}},"loc":{"start":{"line":11,"column":31},"end":{"line":11,"column":389}},"line":11},"3":{"name":"(anonymous_3)","decl":{"start":{"line":11,"column":40},"end":{"line":11,"column":41}},"loc":{"start":{"line":11,"column":52},"end":{"line":11,"column":386}},"line":11},"4":{"name":"(anonymous_4)","decl":{"start":{"line":11,"column":108},"end":{"line":11,"column":109}},"loc":{"start":{"line":11,"column":135},"end":{"line":11,"column":382}},"line":11},"5":{"name":"_next","decl":{"start":{"line":11,"column":178},"end":{"line":11,"column":183}},"loc":{"start":{"line":11,"column":191},"end":{"line":11,"column":266}},"line":11},"6":{"name":"_throw","decl":{"start":{"line":11,"column":276},"end":{"line":11,"column":282}},"loc":{"start":{"line":11,"column":288},"end":{"line":11,"column":362}},"line":11},"7":{"name":"(anonymous_7)","decl":{"start":{"line":61,"column":29},"end":{"line":61,"column":30}},"loc":{"start":{"line":61,"column":41},"end":{"line":96,"column":1}},"line":61},"8":{"name":"_callee","decl":{"start":{"line":62,"column":78},"end":{"line":62,"column":85}},"loc":{"start":{"line":62,"column":96},"end":{"line":91,"column":3}},"line":62},"9":{"name":"_callee$","decl":{"start":{"line":64,"column":44},"end":{"line":64,"column":52}},"loc":{"start":{"line":64,"column":63},"end":{"line":90,"column":5}},"line":64},"10":{"name":"(anonymous_10)","decl":{"start":{"line":93,"column":9},"end":{"line":93,"column":10}},"loc":{"start":{"line":93,"column":28},"end":{"line":95,"column":3}},"line":93},"11":{"name":"(anonymous_11)","decl":{"start":{"line":97,"column":32},"end":{"line":97,"column":33}},"loc":{"start":{"line":97,"column":44},"end":{"line":136,"column":1}},"line":97},"12":{"name":"_callee2","decl":{"start":{"line":98,"column":79},"end":{"line":98,"column":87}},"loc":{"start":{"line":98,"column":98},"end":{"line":131,"column":3}},"line":98},"13":{"name":"_callee2$","decl":{"start":{"line":100,"column":44},"end":{"line":100,"column":53}},"loc":{"start":{"line":100,"column":65},"end":{"line":130,"column":5}},"line":100},"14":{"name":"(anonymous_14)","decl":{"start":{"line":133,"column":9},"end":{"line":133,"column":10}},"loc":{"start":{"line":133,"column":29},"end":{"line":135,"column":3}},"line":133},"15":{"name":"(anonymous_15)","decl":{"start":{"line":164,"column":110},"end":{"line":164,"column":111}},"loc":{"start":{"line":164,"column":122},"end":{"line":210,"column":1}},"line":164},"16":{"name":"_callee3","decl":{"start":{"line":165,"column":79},"end":{"line":165,"column":87}},"loc":{"start":{"line":165,"column":98},"end":{"line":205,"column":3}},"line":165},"17":{"name":"_callee3$","decl":{"start":{"line":167,"column":44},"end":{"line":167,"column":53}},"loc":{"start":{"line":167,"column":65},"end":{"line":204,"column":5}},"line":167},"18":{"name":"(anonymous_18)","decl":{"start":{"line":207,"column":9},"end":{"line":207,"column":10}},"loc":{"start":{"line":207,"column":29},"end":{"line":209,"column":3}},"line":207},"19":{"name":"(anonymous_19)","decl":{"start":{"line":236,"column":64},"end":{"line":236,"column":65}},"loc":{"start":{"line":236,"column":76},"end":{"line":271,"column":1}},"line":236},"20":{"name":"_callee4","decl":{"start":{"line":237,"column":79},"end":{"line":237,"column":87}},"loc":{"start":{"line":237,"column":98},"end":{"line":266,"column":3}},"line":237},"21":{"name":"_callee4$","decl":{"start":{"line":238,"column":44},"end":{"line":238,"column":53}},"loc":{"start":{"line":238,"column":65},"end":{"line":265,"column":5}},"line":238},"22":{"name":"(anonymous_22)","decl":{"start":{"line":268,"column":9},"end":{"line":268,"column":10}},"loc":{"start":{"line":268,"column":29},"end":{"line":270,"column":3}},"line":268},"23":{"name":"(anonymous_23)","decl":{"start":{"line":297,"column":69},"end":{"line":297,"column":70}},"loc":{"start":{"line":297,"column":81},"end":{"line":352,"column":1}},"line":297},"24":{"name":"_callee5","decl":{"start":{"line":298,"column":79},"end":{"line":298,"column":87}},"loc":{"start":{"line":298,"column":98},"end":{"line":347,"column":3}},"line":298},"25":{"name":"_callee5$","decl":{"start":{"line":300,"column":44},"end":{"line":300,"column":53}},"loc":{"start":{"line":300,"column":65},"end":{"line":346,"column":5}},"line":300},"26":{"name":"(anonymous_26)","decl":{"start":{"line":349,"column":9},"end":{"line":349,"column":10}},"loc":{"start":{"line":349,"column":30},"end":{"line":351,"column":3}},"line":349}},"branchMap":{"0":{"loc":{"start":{"line":7,"column":46},"end":{"line":7,"column":94}},"type":"cond-expr","locations":[{"start":{"line":7,"column":70},"end":{"line":7,"column":73}},{"start":{"line":7,"column":76},"end":{"line":7,"column":94}}],"line":7},"1":{"loc":{"start":{"line":7,"column":46},"end":{"line":7,"column":67}},"type":"binary-expr","locations":[{"start":{"line":7,"column":46},"end":{"line":7,"column":49}},{"start":{"line":7,"column":53},"end":{"line":7,"column":67}}],"line":7},"2":{"loc":{"start":{"line":9,"column":176},"end":{"line":9,"column":263}},"type":"if","locations":[{"start":{"line":9,"column":176},"end":{"line":9,"column":263}},{"start":{"line":9,"column":176},"end":{"line":9,"column":263}}],"line":9},"3":{"loc":{"start":{"line":66,"column":8},"end":{"line":88,"column":9}},"type":"switch","locations":[{"start":{"line":67,"column":10},"end":{"line":70,"column":36}},{"start":{"line":72,"column":10},"end":{"line":76,"column":18}},{"start":{"line":78,"column":10},"end":{"line":83,"column":15}},{"start":{"line":85,"column":10},"end":{"line":85,"column":18}},{"start":{"line":86,"column":10},"end":{"line":87,"column":35}}],"line":66},"4":{"loc":{"start":{"line":102,"column":8},"end":{"line":128,"column":9}},"type":"switch","locations":[{"start":{"line":103,"column":10},"end":{"line":108,"column":15}},{"start":{"line":110,"column":10},"end":{"line":114,"column":18}},{"start":{"line":116,"column":10},"end":{"line":123,"column":38}},{"start":{"line":125,"column":10},"end":{"line":125,"column":18}},{"start":{"line":126,"column":10},"end":{"line":127,"column":36}}],"line":102},"5":{"loc":{"start":{"line":169,"column":8},"end":{"line":202,"column":9}},"type":"switch","locations":[{"start":{"line":170,"column":10},"end":{"line":178,"column":15}},{"start":{"line":180,"column":10},"end":{"line":183,"column":37}},{"start":{"line":185,"column":10},"end":{"line":190,"column":18}},{"start":{"line":192,"column":10},"end":{"line":197,"column":15}},{"start":{"line":199,"column":10},"end":{"line":199,"column":18}},{"start":{"line":200,"column":10},"end":{"line":201,"column":36}}],"line":169},"6":{"loc":{"start":{"line":240,"column":8},"end":{"line":263,"column":9}},"type":"switch","locations":[{"start":{"line":241,"column":10},"end":{"line":246,"column":15}},{"start":{"line":248,"column":10},"end":{"line":251,"column":18}},{"start":{"line":253,"column":10},"end":{"line":258,"column":15}},{"start":{"line":260,"column":10},"end":{"line":260,"column":17}},{"start":{"line":261,"column":10},"end":{"line":262,"column":36}}],"line":240},"7":{"loc":{"start":{"line":302,"column":8},"end":{"line":344,"column":9}},"type":"switch","locations":[{"start":{"line":303,"column":10},"end":{"line":308,"column":15}},{"start":{"line":310,"column":10},"end":{"line":326,"column":34}},{"start":{"line":328,"column":10},"end":{"line":331,"column":18}},{"start":{"line":333,"column":10},"end":{"line":339,"column":15}},{"start":{"line":341,"column":10},"end":{"line":341,"column":18}},{"start":{"line":342,"column":10},"end":{"line":343,"column":36}}],"line":302},"8":{"loc":{"start":{"line":313,"column":12},"end":{"line":315,"column":13}},"type":"if","locations":[{"start":{"line":313,"column":12},"end":{"line":315,"column":13}},{"start":{"line":313,"column":12},"end":{"line":315,"column":13}}],"line":313},"9":{"loc":{"start":{"line":317,"column":12},"end":{"line":319,"column":13}},"type":"if","locations":[{"start":{"line":317,"column":12},"end":{"line":319,"column":13}},{"start":{"line":317,"column":12},"end":{"line":319,"column":13}}],"line":317},"10":{"loc":{"start":{"line":321,"column":12},"end":{"line":323,"column":13}},"type":"if","locations":[{"start":{"line":321,"column":12},"end":{"line":323,"column":13}},{"start":{"line":321,"column":12},"end":{"line":323,"column":13}}],"line":321}},"s":{"0":1,"1":1,"2":1,"3":7,"4":7,"5":7,"6":0,"7":0,"8":7,"9":3,"10":4,"11":5,"12":3,"13":3,"14":3,"15":3,"16":7,"17":0,"18":3,"19":1,"20":1,"21":1,"22":1,"23":1,"24":1,"25":1,"26":1,"27":1,"28":2,"29":3,"30":1,"31":1,"32":1,"33":1,"34":1,"35":1,"36":1,"37":0,"38":0,"39":0,"40":1,"41":1,"42":1,"43":1,"44":1,"45":1,"46":2,"47":3,"48":1,"49":1,"50":1,"51":1,"52":1,"53":1,"54":1,"55":0,"56":0,"57":0,"58":0,"59":0,"60":1,"61":1,"62":1,"63":1,"64":1,"65":1,"66":3,"67":4,"68":1,"69":1,"70":1,"71":1,"72":1,"73":1,"74":1,"75":1,"76":1,"77":0,"78":0,"79":0,"80":1,"81":1,"82":1,"83":1,"84":1,"85":0,"86":0,"87":0,"88":0,"89":0,"90":0,"91":0,"92":0,"93":0,"94":0,"95":0,"96":0,"97":0,"98":1,"99":0,"100":1,"101":1,"102":0,"103":0,"104":0,"105":0,"106":0,"107":0,"108":0,"109":0,"110":0,"111":0,"112":0,"113":0,"114":0,"115":0,"116":0,"117":0,"118":0,"119":0,"120":0,"121":0,"122":0,"123":0,"124":0,"125":1,"126":0,"127":1},"f":{"0":1,"1":7,"2":5,"3":3,"4":3,"5":7,"6":0,"7":1,"8":1,"9":2,"10":1,"11":1,"12":1,"13":2,"14":1,"15":1,"16":1,"17":3,"18":1,"19":1,"20":0,"21":0,"22":0,"23":1,"24":0,"25":0,"26":0},"b":{"0":[0,1],"1":[1,1],"2":[3,4],"3":[1,1,0,1,1],"4":[1,1,0,1,1],"5":[1,1,1,0,1,1],"6":[0,0,0,0,0],"7":[0,0,0,0,0,0],"8":[0,0],"9":[0,0],"10":[0,0]},"inputSourceMap":{"version":3,"sources":["article.js"],"names":["express","require","validateArticle","Article","router","Router","validateMiddleWare","get","req","res","find","articles","status","send","error","findOne","_id","params","id","article","console","log","post","verifyToken","heading","body","content","userId","user","image","newArticle","save","Message","deleteOne","put","module","exports"],"mappings":";;AAKA;;AACA;;;;;;;;AANA,IAAMA,OAAO,GAAGC,OAAO,CAAC,SAAD,CAAvB;;AACA,eAAoCA,OAAO,CAAC,mBAAD,CAA3C;AAAA,IAAOC,eAAP,YAAOA,eAAP;AAAA,IAAwBC,OAAxB,YAAwBA,OAAxB;;AACA,IAAMC,MAAM,GAAGJ,OAAO,CAACK,MAAR,EAAf;;AACA,IAAMC,kBAAkB,GAAGL,OAAO,CAAC,mCAAD,CAAlC;;AAKA;AACA;AACA;AACA;AACA;AACA;AACA;AACA;AACA;AACA;AACA;AACA;AACA;AACA;AACA;AACA;AACA;AACA;AACA;AACA;AACA;AACA;AACA;AACA;AACA;AACA;AACA;AACA;AACA;AACA;AACA;AACA;AACA;AACA;AACA;AACA;AACA;AACA;AAGAG,MAAM,CAACG,GAAP,CAAW,GAAX;AAAA,qEAAiB,iBAAMC,GAAN,EAAUC,GAAV;AAAA;AAAA;AAAA;AAAA;AAAA;AAAA;AAAA;AAAA,mBAEcN,OAAO,CAACO,IAAR,CAAa,EAAb,CAFd;;AAAA;AAEHC,YAAAA,QAFG;AAGTF,YAAAA,GAAG,CAACG,MAAJ,CAAW,GAAX,EAAgBC,IAAhB,CAAqBF,QAArB;AAHS;AAAA;;AAAA;AAAA;AAAA;AAKTF,YAAAA,GAAG,CAACG,MAAJ,CAAW,GAAX,EAAgBC,IAAhB,CAAqB;AAACC,cAAAA,KAAK,EAAC;AAAP,aAArB;;AALS;AAAA;AAAA;AAAA;AAAA;AAAA;AAAA,GAAjB;;AAAA;AAAA;AAAA;AAAA;AAWAV,MAAM,CAACG,GAAP,CAAW,MAAX;AAAA,sEAAmB,kBAAOC,GAAP,EAAWC,GAAX;AAAA;AAAA;AAAA;AAAA;AAAA;AAAA;AAAA;AAAA,mBAEWN,OAAO,CAACY,OAAR,CAAgB;AAAEC,cAAAA,GAAG,EAAER,GAAG,CAACS,MAAJ,CAAWC;AAAlB,aAAhB,CAFX;;AAAA;AAELC,YAAAA,OAFK;AAGXV,YAAAA,GAAG,CAACI,IAAJ,CAASM,OAAT;AAHW;AAAA;;AAAA;AAAA;AAAA;AAKXV,YAAAA,GAAG,CAACG,MAAJ,CAAW,GAAX;AACAH,YAAAA,GAAG,CAACI,IAAJ,CAAS;AAACC,cAAAA,KAAK,EAAE;AAAR,aAAT;AACAM,YAAAA,OAAO,CAACC,GAAR;;AAPW;AAAA;AAAA;AAAA;AAAA;AAAA;AAAA,GAAnB;;AAAA;AAAA;AAAA;AAAA;AAaA;AACA;AACA;AACA;AACA;AACA;AACA;AACA;AACA;AACA;AACA;AACA;AACA;AACA;AACA;AACA;AACA;AACA;AACA;AACA;AACA;AACA;AACA;AACA;AACA;AACA;;AAEAjB,MAAM,CAACkB,IAAP,CAAY,GAAZ,EAAgBC,wBAAhB,EAA6B,oCAAmBrB,eAAnB,CAA7B;AAAA,sEAAkE,kBAAOM,GAAP,EAAWC,GAAX;AAAA;AAAA;AAAA;AAAA;AAAA;AAAA;AAAA;AAAA,mBAItC,IAAIN,OAAJ,CAAY;AAChCqB,cAAAA,OAAO,EAAGhB,GAAG,CAACiB,IAAJ,CAASD,OADa;AAEhCE,cAAAA,OAAO,EAAGlB,GAAG,CAACiB,IAAJ,CAASC,OAFa;AAGhCC,cAAAA,MAAM,EAAEnB,GAAG,CAACoB,IAAJ,CAAS,IAAT,CAHwB;AAIhCC,cAAAA,KAAK,EAAGrB,GAAG,CAACiB,IAAJ,CAASI;AAJe,aAAZ,CAJsC;;AAAA;AAIxDC,YAAAA,UAJwD;AAAA;AAAA,mBAWvDA,UAAU,CAACC,IAAX,EAXuD;;AAAA;AAa7DtB,YAAAA,GAAG,CAACG,MAAJ,CAAW,GAAX,EAAgBC,IAAhB,CAAqB;AAACmB,cAAAA,OAAO,EAAC;AAAT,aAArB;AAb6D;AAAA;;AAAA;AAAA;AAAA;AAe3DvB,YAAAA,GAAG,CAACG,MAAJ,CAAW,GAAX,EAAgBC,IAAhB,CAAqB;AAACC,cAAAA,KAAK,EAAC;AAAP,aAArB,EAf2D,CAgB9D;;AAhB8D;AAAA;AAAA;AAAA;AAAA;AAAA;AAAA,GAAlE;;AAAA;AAAA;AAAA;AAAA;AAoBA;AACA;AACA;AACA;AACA;AACA;AACA;AACA;AACA;AACA;AACA;AACA;AACA;AACA;AACA;AACA;AACA;AACA;AACA;AACA;AACA;AACA;AACA;AACA;;AAEAV,MAAM,UAAN,CAAc,MAAd,EAAsBmB,wBAAtB;AAAA,sEAAmC,kBAAOf,GAAP,EAAYC,GAAZ;AAAA;AAAA;AAAA;AAAA;AAAA;AAAA;AAAA,mBAE3BN,OAAO,CAAC8B,SAAR,CAAkB;AAAEjB,cAAAA,GAAG,EAAER,GAAG,CAACS,MAAJ,CAAWC;AAAlB,aAAlB,CAF2B;;AAAA;AAGjCT,YAAAA,GAAG,CAACG,MAAJ,CAAW,GAAX,EAAgBC,IAAhB;AAHiC;AAAA;;AAAA;AAAA;AAAA;AAKjCJ,YAAAA,GAAG,CAACG,MAAJ,CAAW,GAAX,EAAgBC,IAAhB,CAAqB;AAAEC,cAAAA,KAAK,EAAE;AAAT,aAArB;;AALiC;AAAA;AAAA;AAAA;AAAA;AAAA;AAAA,GAAnC;;AAAA;AAAA;AAAA;AAAA;AASA;AACA;AACA;AACA;AACA;AACA;AACA;AACA;AACA;AACA;AACA;AACA;AACA;AACA;AACA;AACA;AACA;AACA;AACA;AACA;AACA;AACA;AACA;AACA;;AAEAV,MAAM,CAAC8B,GAAP,CAAW,MAAX,EAAmB5B,kBAAkB,CAACJ,eAAD,CAArC;AAAA,sEAAwD,kBAAOM,GAAP,EAAYC,GAAZ;AAAA;AAAA;AAAA;AAAA;AAAA;AAAA;AAAA;AAAA,mBAEhCN,OAAO,CAACY,OAAR,CAAgB;AAAEC,cAAAA,GAAG,EAAER,GAAG,CAACS,MAAJ,CAAWC;AAAlB,aAAhB,CAFgC;;AAAA;AAEhDC,YAAAA,OAFgD;;AAItD,gBAAIX,GAAG,CAACiB,IAAJ,CAASD,OAAb,EAAsB;AACrBL,cAAAA,OAAO,CAACK,OAAR,GAAkBhB,GAAG,CAACiB,IAAJ,CAASD,OAA3B;AACA;;AAED,gBAAIhB,GAAG,CAACiB,IAAJ,CAASC,OAAb,EAAsB;AACrBP,cAAAA,OAAO,CAACO,OAAR,GAAkBlB,GAAG,CAACiB,IAAJ,CAASC,OAA3B;AACA;;AACD,gBAAIlB,GAAG,CAACiB,IAAJ,CAASI,KAAb,EAAoB;AACnBV,cAAAA,OAAO,CAACO,OAAR,GAAkBlB,GAAG,CAACiB,IAAJ,CAASC,OAA3B;AACA;;AAbqD;AAAA,mBAchDP,OAAO,CAACY,IAAR,EAdgD;;AAAA;AAetDtB,YAAAA,GAAG,CAACI,IAAJ,CAASM,OAAT;AAfsD;AAAA;;AAAA;AAAA;AAAA;AAiBtDV,YAAAA,GAAG,CAACG,MAAJ,CAAW,GAAX;AACAH,YAAAA,GAAG,CAACI,IAAJ,CAAS;AAAEC,cAAAA,KAAK,EAAE;AAAT,aAAT,EAlBsD,CAmBhD;;AAnBgD;AAAA;AAAA;AAAA;AAAA;AAAA;AAAA,GAAxD;;AAAA;AAAA;AAAA;AAAA;AAwBAqB,MAAM,CAACC,OAAP,GAAiBhC,MAAjB","sourceRoot":"C:\\Users\\Administrator\\Documents\\Rukundo Kevin\\My-Blog\\src\\routes\\","sourcesContent":["const express = require(\"express\");\r\nconst {validateArticle, Article } = require(\"../models/Article\");\r\nconst router = express.Router();\r\nconst validateMiddleWare = require('../middlewares/validateMiddleware')\r\n\r\nimport { verifyToken } from \"../controllers/verifyToken\";\r\nimport validateMiddleware from \"../middlewares/validateMiddleware\";\r\n\r\n/**\r\n * @swagger\r\n * security:\r\n *   bearerAuth: []\r\n * /article:\r\n *   get:\r\n *     summary: GET Articles\r\n *     tags:\r\n *       - Article\r\n *     responses:\r\n *       '400':\r\n *         description: Bad Request \r\n *       '200':\r\n *         description: A list of queries.\r\n *         content:\r\n *           application/json:\r\n *             schema:\r\n *               type: array\r\n *               items:\r\n *                 $ref: '#/components/schemas/Article' \r\n * components:\r\n *   schemas:\r\n *     Article:\r\n *       type: object\r\n *       properties:\r\n *         heading:\r\n *           type: string\r\n *           description: heading of the article\r\n *           example: Manchester United boss Ralf Rangnick believes club getting better\r\n *         content: \r\n *           type: string\r\n *           description: Detailed contents of the article\r\n *           example: The Old Trafford defeat by Chris Wilder's Championship side ended any realistic hope of United winning their first domestic silverware since 2017.\r\n *         image:\r\n *           type: string\r\n *           description: The image in the article.\r\n *           example: smilingcat.png\r\n */\r\n\r\n\r\nrouter.get(\"/\",  async(req,res)=>{\r\n    try {\r\n        const articles = await Article.find({});\r\n        res.status(200).send(articles);\r\n    } catch (error){\r\n        res.status(500).send({error:\"Problem with request\"})\r\n    }\r\n\r\n})\r\n\r\n\r\nrouter.get(\"/:id\", async (req,res) =>{\r\n    try {\r\n        const article = await Article.findOne({ _id: req.params.id})\r\n        res.send(article)   \r\n    } catch (err) {\r\n        res.status(404)\r\n        res.send({error: \"Article doesn't exist !\"})\r\n        console.log(err)\r\n    }\r\n\r\n})\r\n\r\n\r\n/** \r\n* @swagger\r\n* /article:\r\n*   post:\r\n*     summary: Add New Article\r\n*     tags:\r\n*       - Article\r\n*     requestBody:\r\n*       required: true\r\n*       content:\r\n*         application/json:\r\n*             schema:\r\n*               $ref: '#/components/schemas/Article' \r\n*     responses:\r\n*       '400':\r\n*         description: Bad Request \r\n*       '201':\r\n*         description: Query added.\r\n*         content:\r\n*           application/json:\r\n*             schema:\r\n*               type: object\r\n*               properties:\r\n*                 Message:\r\n*                   type: string\r\n*/\r\n\r\nrouter.post(\"/\",verifyToken, validateMiddleware(validateArticle), async (req,res) =>{\r\n   // console.log(req.body)\r\n   try {\r\n\r\n    const newArticle =await new Article({\r\n        heading : req.body.heading,\r\n        content : req.body.content,\r\n        userId: req.user[\"id\"],\r\n        image : req.body.image,\r\n        })\r\n       // console.log(req.user[\"id\"])\r\n     await newArticle.save();\r\n\r\n     res.status(201).send({Message:\"New Article Created\"})     \r\n   } catch (error){\r\n       res.status(400).send({error:\"There was a problem publishing the article\"})\r\n    //    console.log(error)\r\n   }\r\n})\r\n\r\n/**\r\n * @swagger\r\n * \"/article/{articleId}\":\r\n *   delete:\r\n *     summary: Delete article according to ID\r\n *     tags: \r\n *       - Article\r\n *     parameters:\r\n *       - name: articleId\r\n *         in: path\r\n *         required: true\r\n *         schema:\r\n *           type: string\r\n *         description: The Id of the article\r\n *     responses:\r\n *       \"200\":\r\n *         description: successful operation\r\n *         content:\r\n *           application/json:\r\n *             schema:\r\n *               $ref: \"#/components/schemas/Article\"\r\n *       \"404\":\r\n *         description: Article not found\r\n */\r\n\r\nrouter.delete(\"/:id\", verifyToken, async (req, res) => {\r\n\ttry {\r\n\t\tawait Article.deleteOne({ _id: req.params.id })\r\n\t\tres.status(204).send();\r\n\t} catch {\r\n\t\tres.status(404).send({ error: \"This article doesn't exist!\" })\r\n\t}\r\n})\r\n\r\n/**\r\n * @swagger\r\n * \"/article/{articleId}\":\r\n *   get:\r\n *     summary: Find article by ID\r\n *     tags: \r\n *       - Article\r\n *     parameters:\r\n *       - name: articleId\r\n *         in: path\r\n *         required: true\r\n *         schema:\r\n *           type: string\r\n *         description: The Id of the article\r\n *     responses:\r\n *       \"200\":\r\n *         description: successful operation\r\n *         content:\r\n *           application/json:\r\n *             schema:\r\n *               $ref: \"#/components/schemas/Article\"\r\n *       \"404\":\r\n *         description: Article not found\r\n */\r\n\r\nrouter.put(\"/:id\", validateMiddleWare(validateArticle) ,async (req, res) => {\r\n\ttry {\r\n\t\tconst article = await Article.findOne({ _id: req.params.id })\r\n\r\n\t\tif (req.body.heading) {\r\n\t\t\tarticle.heading = req.body.heading\r\n\t\t}\r\n\r\n\t\tif (req.body.content) {\r\n\t\t\tarticle.content = req.body.content\r\n\t\t}\r\n\t\tif (req.body.image) {\r\n\t\t\tarticle.content = req.body.content\r\n\t\t}\r\n\t\tawait article.save()\r\n\t\tres.send(article)\r\n\t} catch(err) {\r\n\t\tres.status(404);\r\n\t\tres.send({ error: \"We couldn't find that article \" })\r\n        //console.log(err);\r\n\t}\r\n})\r\n\r\n\r\nmodule.exports = router;"]},"_coverageSchema":"1a1c01bbd47fc00a2c39e90264f33305004495a9","hash":"c028a56291959e07122c1553449f188aaf0895b0","contentHash":"d8b12e8b20d7305f3da69d90204f186935242b06dedf4e1bd98146e09974f322"},"C:\\Users\\Administrator\\Documents\\Rukundo Kevin\\My-Blog\\src\\routes\\query.js":{"path":"C:\\Users\\Administrator\\Documents\\Rukundo Kevin\\My-Blog\\src\\routes\\query.js","statementMap":{"0":{"start":{"line":3,"column":19},"end":{"line":3,"column":56}},"1":{"start":{"line":5,"column":77},"end":{"line":5,"column":175}},"2":{"start":{"line":5,"column":94},"end":{"line":5,"column":107}},"3":{"start":{"line":5,"column":121},"end":{"line":5,"column":131}},"4":{"start":{"line":5,"column":151},"end":{"line":5,"column":165}},"5":{"start":{"line":5,"column":166},"end":{"line":5,"column":173}},"6":{"start":{"line":5,"column":176},"end":{"line":5,"column":263}},"7":{"start":{"line":5,"column":193},"end":{"line":5,"column":208}},"8":{"start":{"line":5,"column":218},"end":{"line":5,"column":261}},"9":{"start":{"line":7,"column":33},"end":{"line":7,"column":387}},"10":{"start":{"line":7,"column":65},"end":{"line":7,"column":69}},"11":{"start":{"line":7,"column":78},"end":{"line":7,"column":87}},"12":{"start":{"line":7,"column":89},"end":{"line":7,"column":384}},"13":{"start":{"line":7,"column":147},"end":{"line":7,"column":167}},"14":{"start":{"line":7,"column":193},"end":{"line":7,"column":264}},"15":{"start":{"line":7,"column":290},"end":{"line":7,"column":360}},"16":{"start":{"line":7,"column":363},"end":{"line":7,"column":380}},"17":{"start":{"line":9,"column":14},"end":{"line":9,"column":32}},"18":{"start":{"line":11,"column":15},"end":{"line":11,"column":41}},"19":{"start":{"line":12,"column":12},"end":{"line":12,"column":26}},"20":{"start":{"line":13,"column":20},"end":{"line":13,"column":42}},"21":{"start":{"line":15,"column":13},"end":{"line":15,"column":29}},"22":{"start":{"line":17,"column":25},"end":{"line":17,"column":69}},"23":{"start":{"line":70,"column":0},"end":{"line":100,"column":5}},"24":{"start":{"line":71,"column":13},"end":{"line":95,"column":5}},"25":{"start":{"line":73,"column":4},"end":{"line":94,"column":16}},"26":{"start":{"line":74,"column":6},"end":{"line":93,"column":7}},"27":{"start":{"line":75,"column":8},"end":{"line":92,"column":9}},"28":{"start":{"line":77,"column":12},"end":{"line":77,"column":30}},"29":{"start":{"line":78,"column":12},"end":{"line":78,"column":32}},"30":{"start":{"line":81,"column":12},"end":{"line":81,"column":36}},"31":{"start":{"line":82,"column":12},"end":{"line":82,"column":28}},"32":{"start":{"line":84,"column":12},"end":{"line":84,"column":42}},"33":{"start":{"line":91,"column":12},"end":{"line":91,"column":35}},"34":{"start":{"line":97,"column":2},"end":{"line":99,"column":4}},"35":{"start":{"line":98,"column":4},"end":{"line":98,"column":39}},"36":{"start":{"line":128,"column":0},"end":{"line":171,"column":5}},"37":{"start":{"line":129,"column":14},"end":{"line":166,"column":5}},"38":{"start":{"line":131,"column":4},"end":{"line":165,"column":33}},"39":{"start":{"line":132,"column":6},"end":{"line":164,"column":7}},"40":{"start":{"line":133,"column":8},"end":{"line":163,"column":9}},"41":{"start":{"line":135,"column":12},"end":{"line":135,"column":31}},"42":{"start":{"line":136,"column":12},"end":{"line":141,"column":15}},"43":{"start":{"line":142,"column":12},"end":{"line":142,"column":31}},"44":{"start":{"line":143,"column":12},"end":{"line":143,"column":35}},"45":{"start":{"line":146,"column":12},"end":{"line":148,"column":15}},"46":{"start":{"line":149,"column":12},"end":{"line":149,"column":32}},"47":{"start":{"line":150,"column":12},"end":{"line":150,"column":18}},"48":{"start":{"line":153,"column":12},"end":{"line":153,"column":31}},"49":{"start":{"line":154,"column":12},"end":{"line":154,"column":49}},"50":{"start":{"line":155,"column":12},"end":{"line":155,"column":34}},"51":{"start":{"line":156,"column":12},"end":{"line":158,"column":15}},"52":{"start":{"line":162,"column":12},"end":{"line":162,"column":36}},"53":{"start":{"line":168,"column":2},"end":{"line":170,"column":4}},"54":{"start":{"line":169,"column":4},"end":{"line":169,"column":40}},"55":{"start":{"line":172,"column":0},"end":{"line":172,"column":24}}},"fnMap":{"0":{"name":"asyncGeneratorStep","decl":{"start":{"line":5,"column":9},"end":{"line":5,"column":27}},"loc":{"start":{"line":5,"column":75},"end":{"line":5,"column":265}},"line":5},"1":{"name":"_asyncToGenerator","decl":{"start":{"line":7,"column":9},"end":{"line":7,"column":26}},"loc":{"start":{"line":7,"column":31},"end":{"line":7,"column":389}},"line":7},"2":{"name":"(anonymous_2)","decl":{"start":{"line":7,"column":40},"end":{"line":7,"column":41}},"loc":{"start":{"line":7,"column":52},"end":{"line":7,"column":386}},"line":7},"3":{"name":"(anonymous_3)","decl":{"start":{"line":7,"column":108},"end":{"line":7,"column":109}},"loc":{"start":{"line":7,"column":135},"end":{"line":7,"column":382}},"line":7},"4":{"name":"_next","decl":{"start":{"line":7,"column":178},"end":{"line":7,"column":183}},"loc":{"start":{"line":7,"column":191},"end":{"line":7,"column":266}},"line":7},"5":{"name":"_throw","decl":{"start":{"line":7,"column":276},"end":{"line":7,"column":282}},"loc":{"start":{"line":7,"column":288},"end":{"line":7,"column":362}},"line":7},"6":{"name":"(anonymous_6)","decl":{"start":{"line":70,"column":55},"end":{"line":70,"column":56}},"loc":{"start":{"line":70,"column":67},"end":{"line":100,"column":1}},"line":70},"7":{"name":"_callee","decl":{"start":{"line":71,"column":78},"end":{"line":71,"column":85}},"loc":{"start":{"line":71,"column":96},"end":{"line":95,"column":3}},"line":71},"8":{"name":"_callee$","decl":{"start":{"line":73,"column":44},"end":{"line":73,"column":52}},"loc":{"start":{"line":73,"column":63},"end":{"line":94,"column":5}},"line":73},"9":{"name":"(anonymous_9)","decl":{"start":{"line":97,"column":9},"end":{"line":97,"column":10}},"loc":{"start":{"line":97,"column":28},"end":{"line":99,"column":3}},"line":97},"10":{"name":"(anonymous_10)","decl":{"start":{"line":128,"column":65},"end":{"line":128,"column":66}},"loc":{"start":{"line":128,"column":77},"end":{"line":171,"column":1}},"line":128},"11":{"name":"_callee2","decl":{"start":{"line":129,"column":79},"end":{"line":129,"column":87}},"loc":{"start":{"line":129,"column":98},"end":{"line":166,"column":3}},"line":129},"12":{"name":"_callee2$","decl":{"start":{"line":131,"column":44},"end":{"line":131,"column":53}},"loc":{"start":{"line":131,"column":65},"end":{"line":165,"column":5}},"line":131},"13":{"name":"(anonymous_13)","decl":{"start":{"line":168,"column":9},"end":{"line":168,"column":10}},"loc":{"start":{"line":168,"column":29},"end":{"line":170,"column":3}},"line":168}},"branchMap":{"0":{"loc":{"start":{"line":5,"column":176},"end":{"line":5,"column":263}},"type":"if","locations":[{"start":{"line":5
[...]
column":98},"end":{"line":146,"column":3}},"line":81},"12":{"name":"_callee2$","decl":{"start":{"line":83,"column":44},"end":{"line":83,"column":53}},"loc":{"start":{"line":83,"column":65},"end":{"line":145,"column":5}},"line":83},"13":{"name":"(anonymous_13)","decl":{"start":{"line":120,"column":45},"end":{"line":120,"column":46}},"loc":{"start":{"line":120,"column":67},"end":{"line":124,"column":13}},"line":120},"14":{"name":"(anonymous_14)","decl":{"start":{"line":148,"column":9},"end":{"line":148,"column":10}},"loc":{"start":{"line":148,"column":29},"end":{"line":150,"column":3}},"line":148}},"branchMap":{"0":{"loc":{"start":{"line":3,"column":176},"end":{"line":3,"column":263}},"type":"if","locations":[{"start":{"line":3,"column":176},"end":{"line":3,"column":263}},{"start":{"line":3,"column":176},"end":{"line":3,"column":263}}],"line":3},"1":{"loc":{"start":{"line":26,"column":8},"end":{"line":38,"column":9}},"type":"switch","locations":[{"start":{"line":27,"column":10},"end":{"line":29,"column":31}},{"start":{"line":31,"column":10},"end":{"line":33,"column":28}},{"start":{"line":35,"column":10},"end":{"line":35,"column":17}},{"start":{"line":36,"column":10},"end":{"line":37,"column":35}}],"line":26},"2":{"loc":{"start":{"line":85,"column":8},"end":{"line":143,"column":9}},"type":"switch","locations":[{"start":{"line":86,"column":10},"end":{"line":90,"column":15}},{"start":{"line":92,"column":10},"end":{"line":102,"column":16}},{"start":{"line":104,"column":10},"end":{"line":107,"column":68}},{"start":{"line":109,"column":10},"end":{"line":126,"column":18}},{"start":{"line":128,"column":10},"end":{"line":129,"column":55}},{"start":{"line":131,"column":10},"end":{"line":133,"column":18}},{"start":{"line":135,"column":10},"end":{"line":138,"column":32}},{"start":{"line":140,"column":10},"end":{"line":140,"column":18}},{"start":{"line":141,"column":10},"end":{"line":142,"column":36}}],"line":85},"3":{"loc":{"start":{"line":95,"column":12},"end":{"line":98,"column":13}},"type":"if","locations":[{"start":{"line":95,"column":12},"end":{"line":98,"column":13}},{"start":{"line":95,"column":12},"end":{"line":98,"column":13}}],"line":95},"4":{"loc":{"start":{"line":110,"column":12},"end":{"line":113,"column":13}},"type":"if","locations":[{"start":{"line":110,"column":12},"end":{"line":113,"column":13}},{"start":{"line":110,"column":12},"end":{"line":113,"column":13}}],"line":110}},"s":{"0":5,"1":5,"2":5,"3":0,"4":0,"5":5,"6":2,"7":3,"8":2,"9":2,"10":2,"11":2,"12":2,"13":5,"14":0,"15":2,"16":1,"17":1,"18":1,"19":1,"20":1,"21":1,"22":1,"23":1,"24":1,"25":1,"26":0,"27":0,"28":0,"29":0,"30":0,"31":0,"32":0,"33":0,"34":1,"35":0,"36":1,"37":1,"38":2,"39":6,"40":9,"41":2,"42":2,"43":2,"44":2,"45":1,"46":1,"47":1,"48":1,"49":1,"50":1,"51":1,"52":0,"53":0,"54":1,"55":1,"56":1,"57":1,"58":1,"59":0,"60":1,"61":1,"62":0,"63":0,"64":0,"65":2,"66":1,"67":2,"68":1},"f":{"0":5,"1":2,"2":2,"3":2,"4":5,"5":0,"6":1,"7":0,"8":0,"9":0,"10":1,"11":2,"12":6,"13":1,"14":2},"b":{"0":[2,3],"1":[0,0,0,0],"2":[2,2,1,1,0,1,0,1,2],"3":[1,1],"4":[0,1]},"inputSourceMap":{"version":3,"sources":["login.js"],"names":["express","require","router","Router","jwt","User","validateUser","bcrypt","config","get","req","res","find","users","send","post","findOne","username","body","user","status","compare","password","payload","id","_id","type","sign","secret","err","token","sendStatus","module","exports"],"mappings":";;;;;;AAAA,IAAMA,OAAO,GAAGC,OAAO,CAAC,SAAD,CAAvB;;AACA,IAAMC,MAAM,GAAGF,OAAO,CAACG,MAAR,EAAf;;AACA,IAAMC,GAAG,GAAGH,OAAO,CAAC,cAAD,CAAnB;;AACA,eAA4BA,OAAO,CAAC,gBAAD,CAAnC;AAAA,IAAOI,IAAP,YAAOA,IAAP;AAAA,IAAYC,YAAZ,YAAYA,YAAZ;;AACA,IAAMC,MAAM,GAAGN,OAAO,CAAC,QAAD,CAAtB;;AACA,IAAMO,MAAM,GAAGP,OAAO,CAAC,QAAD,CAAtB;;AAIAC,MAAM,CAACO,GAAP,CAAW,GAAX;AAAA,qEAAe,iBAAOC,GAAP,EAAWC,GAAX;AAAA;AAAA;AAAA;AAAA;AAAA;AAAA;AAAA,mBACSN,IAAI,CAACO,IAAL,EADT;;AAAA;AACLC,YAAAA,KADK;AAGXF,YAAAA,GAAG,CAACG,IAAJ,CAASD,KAAT;;AAHW;AAAA;AAAA;AAAA;AAAA;AAAA;AAAA,GAAf;;AAAA;AAAA;AAAA;AAAA;AAMA;AACA;AACA;AACA;AACA;AACA;AACA;AACA;AACA;AACA;AACA;AACA;AACA;AACA;AACA;AACA;AACA;AACA;AACA;AACA;AACA;AACA;AACA;AACA;AACA;AACA;AACA;AACA;AACA;AACA;AACA;AACA;;AAEAX,MAAM,CAACa,IAAP,CAAY,GAAZ;AAAA,sEAAgB,kBAAML,GAAN,EAAUC,GAAV;AAAA;AAAA;AAAA;AAAA;AAAA;AAAA;AAAA,mBAEMN,IAAI,CAACW,OAAL,CAAa;AAACC,cAAAA,QAAQ,EAAEP,GAAG,CAACQ,IAAJ,CAASD;AAApB,aAAb,CAFN;;AAAA;AAEPE,YAAAA,IAFO;;AAAA,kBAITA,IAAI,IAAI,IAJC;AAAA;AAAA;AAAA;;AAAA,8CAKFR,GAAG,CAACS,MAAJ,CAAW,GAAX,EAAgBN,IAAhB,CAAqB;AAAC,yBAAU;AAAX,aAArB,CALE;;AAAA;AAAA;AAAA;AAAA,mBAQDP,MAAM,CAACc,OAAP,CAAeX,GAAG,CAACQ,IAAJ,CAASI,QAAxB,EAAkCH,IAAI,CAACG,QAAvC,CARC;;AAAA;AAAA;AAAA;AAAA;AAAA;;AAULC,YAAAA,OAVK,GAUK;AAACC,cAAAA,EAAE,EAACL,IAAI,CAACM,GAAT;AAAaR,cAAAA,QAAQ,EAACE,IAAI,CAACF,QAA3B;AAAoCS,cAAAA,IAAI,EAACP,IAAI,CAACO;AAA9C,aAVL;AAWRtB,YAAAA,GAAG,CAACuB,IAAJ,CAASJ,OAAT,EAAiBf,MAAM,CAACoB,MAAxB,EAA+B,UAACC,GAAD,EAAKC,KAAL,EAAa;AACxCnB,cAAAA,GAAG,CAACS,MAAJ,CAAW,GAAX,EAAgBN,IAAhB,CAAqB;AAAC,yBAASgB;AAAV,eAArB;AACH,aAFD;AAXQ;AAAA;;AAAA;AAePnB,YAAAA,GAAG,CAACS,MAAJ,CAAW,GAAX,EAAgBN,IAAhB,CAAqB,oBAArB;;AAfO;AAAA;AAAA;;AAAA;AAAA;AAAA;AAkBTH,YAAAA,GAAG,CAACoB,UAAJ,CAAe,GAAf;;AAlBS;AAAA;AAAA;AAAA;AAAA;AAAA;AAAA,GAAhB;;AAAA;AAAA;AAAA;AAAA;AAuBAC,MAAM,CAACC,OAAP,GAAiB/B,MAAjB","sourceRoot":"C:\\Users\\Administrator\\Documents\\Rukundo Kevin\\My-Blog\\src\\routes\\","sourcesContent":["const express = require(\"express\");\r\nconst router = express.Router();\r\nconst jwt = require(\"jsonwebtoken\")\r\nconst {User,validateUser} = require(\"../models/User\")\r\nconst bcrypt = require(\"bcrypt\")\r\nconst config = require(\"config\");\r\n\r\n\r\n\r\nrouter.get(\"/\",async (req,res)=>{\r\n    const users = await User.find()\r\n\r\n    res.send(users)\r\n})\r\n\r\n/**\r\n * @swagger\r\n * /login:\r\n *   post:\r\n *     summary: Login to get token\r\n *     tags:\r\n *       - Auth\r\n *     requestBody:\r\n *       required: true\r\n *       content:\r\n *         application/json:\r\n *             schema:\r\n *               type: object\r\n *               properties:\r\n *                 username:\r\n *                   type: string\r\n *                 password:\r\n *                   type: string  \r\n *     responses:\r\n *       '400':\r\n *         description: Bad Request \r\n *       '200':\r\n *         description: A list of queries.\r\n *         content:\r\n *           application/json:\r\n *             schema:\r\n *               type: object\r\n *               properties:\r\n *                 Message:\r\n *                   type: string\r\n *                 \r\n */\r\n\r\nrouter.post(\"/\",async(req,res)=>{\r\n    // await User.deleteMany({})\r\n   const user = await User.findOne({username: req.body.username})\r\n  \r\n   if (user == null) {\r\n       return res.status(400).send({\"Message\":\"Cannot Find User\"})\r\n   }\r\n   try {\r\n      if(await bcrypt.compare(req.body.password, user.password)){\r\n     \r\n     const payload = {id:user._id,username:user.username,type:user.type};\r\n        jwt.sign(payload,config.secret,(err,token)=>{\r\n            res.status(200).send({\"token\": token})\r\n        })\r\n      }else{\r\n         res.status(400).send(\"Password Incorrect\");\r\n      }\r\n   } catch (err) {\r\n       res.sendStatus(405);\r\n   }\r\n\r\n})\r\n\r\nmodule.exports = router;"]},"_coverageSchema":"1a1c01bbd47fc00a2c39e90264f33305004495a9","hash":"6dd99fc2d4127ef45d1ac302fd9adb74c59bb69f","contentHash":"965d3bce7e27b6cf5c0e22b6f2e05545afce357b8869c9c6d7e27f95d218f254"},"C:\\Users\\Administrator\\Documents\\Rukundo Kevin\\My-Blog\\src\\routes\\sign-up.js":{"path":"C:\\Users\\Administrator\\Documents\\Rukundo Kevin\\My-Blog\\src\\routes\\sign-up.js","statementMap":{"0":{"start":{"line":3,"column":77},"end":{"line":3,"column":175}},"1":{"start":{"line":3,"column":94},"end":{"line":3,"column":107}},"2":{"start":{"line":3,"column":121},"end":{"line":3,"column":131}},"3":{"start":{"line":3,"column":151},"end":{"line":3,"column":165}},"4":{"start":{"line":3,"column":166},"end":{"line":3,"column":173}},"5":{"start":{"line":3,"column":176},"end":{"line":3,"column":263}},"6":{"start":{"line":3,"column":193},"end":{"line":3,"column":208}},"7":{"start":{"line":3,"column":218},"end":{"line":3,"column":261}},"8":{"start":{"line":5,"column":33},"end":{"line":5,"column":387}},"9":{"start":{"line":5,"column":65},"end":{"line":5,"column":69}},"10":{"start":{"line":5,"column":78},"end":{"line":5,"column":87}},"11":{"start":{"line":5,"column":89},"end":{"line":5,"column":384}},"12":{"start":{"line":5,"column":147},"end":{"line":5,"column":167}},"13":{"start":{"line":5,"column":193},"end":{"line":5,"column":264}},"14":{"start":{"line":5,"column":290},"end":{"line":5,"column":360}},"15":{"start":{"line":5,"column":363},"end":{"line":5,"column":380}},"16":{"start":{"line":7,"column":14},"end":{"line":7,"column":32}},"17":{"start":{"line":9,"column":13},"end":{"line":9,"column":29}},"18":{"start":{"line":11,"column":13},"end":{"line":11,"column":30}},"19":{"start":{"line":13,"column":15},"end":{"line":13,"column":40}},"20":{"start":{"line":14,"column":19},"end":{"line":14,"column":40}},"21":{"start":{"line":15,"column":11},"end":{"line":15,"column":24}},"22":{"start":{"line":17,"column":25},"end":{"line":17,"column":69}},"23":{"start":{"line":19,"column":0},"end":{"line":23,"column":3}},"24":{"start":{"line":20,"column":2},"end":{"line":22,"column":5}},"25":{"start":{"line":58,"column":0},"end":{"line":129,"column":5}},"26":{"start":{"line":59,"column":13},"end":{"line":124,"column":5}},"27":{"start":{"line":61,"column":4},"end":{"line":123,"column":33}},"28":{"start":{"line":62,"column":6},"end":{"line":122,"column":7}},"29":{"start":{"line":63,"column":8},"end":{"line":121,"column":9}},"30":{"start":{"line":65,"column":12},"end":{"line":65,"column":30}},"31":{"start":{"line":66,"column":12},"end":{"line":66,"column":30}},"32":{"start":{"line":67,"column":12},"end":{"line":69,"column":15}},"33":{"start":{"line":72,"column":12},"end":{"line":72,"column":38}},"34":{"start":{"line":74,"column":12},"end":{"line":77,"column":13}},"35":{"start":{"line":75,"column":14},"end":{"line":75,"column":32}},"36":{"start":{"line":76,"column":14},"end":{"line":76,"column":20}},"37":{"start":{"line":79,"column":12},"end":{"line":79,"column":93}},"38":{"start":{"line":82,"column":12},"end":{"line":82,"column":30}},"39":{"start":{"line":83,"column":12},"end":{"line":83,"column":36}},"40":{"start":{"line":86,"column":12},"end":{"line":86,"column":33}},"41":{"start":{"line":87,"column":12},"end":{"line":87,"column":31}},"42":{"start":{"line":88,"column":12},"end":{"line":88,"column":56}},"43":{"start":{"line":91,"column":12},"end":{"line":91,"column":43}},"44":{"start":{"line":92,"column":12},"end":{"line":96,"column":15}},"45":{"start":{"line":97,"column":12},"end":{"line":97,"column":31}},"46":{"start":{"line":98,"column":12},"end":{"line":98,"column":31}},"47":{"start":{"line":101,"column":12},"end":{"line":101,"column":31}},"48":{"start":{"line":102,"column":12},"end":{"line":102,"column":31}},"49":{"start":{"line":105,"column":12},"end":{"line":105,"column":34}},"50":{"start":{"line":106,"column":12},"end":{"line":108,"column":15}},"51":{"start":{"line":109,"column":12},"end":{"line":109,"column":31}},"52":{"start":{"line":110,"column":12},"end":{"line":110,"column":18}},"53":{"start":{"line":113,"column":12},"end":{"line":113,"column":31}},"54":{"start":{"line":114,"column":12},"end":{"line":114,"column":47}},"55":{"start":{"line":116,"column":12},"end":{"line":116,"column":35}},"56":{"start":{"line":120,"column":12},"end":{"line":120,"column":35}},"57":{"start":{"line":126,"column":2},"end":{"line":128,"column":4}},"58":{"start":{"line":127,"column":4},"end":{"line":127,"column":39}},"59":{"start":{"line":130,"column":0},"end":{"line":130,"column":24}}},"fnMap":{"0":{"name":"asyncGeneratorStep","decl":{"start":{"line":3,"column":9},"end":{"line":3,"column":27}},"loc":{"start":{"line":3,"column":75},"end":{"line":3,"column":265}},"line":3},"1":{"name":"_asyncToGenerator","decl":{"start":{"line":5,"column":9},"end":{"line":5,"column":26}},"loc":{"start":{"line":5,"column":31},"end":{"line":5,"column":389}},"line":5},"2":{"name":"(anonymous_2)","decl":{"start":{"line":5,"column":40},"end":{"line":5,"column":41}},"loc":{"start":{"line":5,"column":52},"end":{"line":5,"column":386}},"line":5},"3":{"name":"(anonymous_3)","decl":{"start":{"line":5,"column":108},"end":{"line":5,"column":109}},"loc":{"start":{"line":5,"column":135},"end":{"line":5,"column":382}},"line":5},"4":{"name":"_next","decl":{"start":{"line":5,"column":178},"end":{"line":5,"column":183}},"loc":{"start":{"line":5,"column":191},"end":{"line":5,"column":266}},"line":5},"5":{"name":"_throw","decl":{"start":{"line":5,"column":276},"end":{"line":5,"column":282}},"loc":{"start":{"line":5,"column":288},"end":{"line":5,"column":362}},"line":5},"6":{"name":"(anonymous_6)","decl":{"start":{"line":19,"column":16},"end":{"line":19,"column":17}},"loc":{"start":{"line":19,"column":36},"end":{"line":23,"column":1}},"line":19},"7":{"name":"(anonymous_7)","decl":{"start":{"line":58,"column":64},"end":{"line":58,"column":65}},"loc":{"start":{"line":58,"column":76},"end":{"line":129,"column":1}},"line":58},"8":{"name":"_callee","decl":{"start":{"line":59,"column":78},"end":{"line":59,"column":85}},"loc":{"start":{"line":59,"column":96},"end":{"line":124,"column":3}},"line":59},"9":{"name":"_callee$","decl":{"start":{"line":61,"column":44},"end":{"line":61,"column":52}},"loc":{"start":{"line":61,"column":63},"end":{"line":123,"column":5}},"line":61},"10":{"name":"(anonymous_10)","decl":{"start":{"line":126,"column":9},"end":{"line":126,"column":10}},"loc":{"start":{"line":126,"column":28},"end":{"line":128,"column":3}},"line":126}},"branchMap":{"0":{"loc":{"start":{"line":3,"column":176},"end":{"line":3,"column":263}},"type":"if","locations":[{"start":{"line":3,"column":176},"end":{"line":3,"column":263}},{"start":{"line":3,"column":176},"end":{"line":3,"column":263}}],"line":3},"1":{"loc":{"start":{"line":63,"column":8},"end":{"line":121,"column":9}},"type":"switch","locations":[{"start":{"line":64,"column":10},"end":{"line":69,"column":15}},{"start":{"line":71,"column":10},"end":{"line":79,"column":93}},{"start":{"line":81,"column":10},"end":{"line":83,"column":36}},{"start":{"line":85,"column":10},"end":{"line":88,"column":56}},{"start":{"line":90,"column":10},"end":{"line":98,"column":31}},{"start":{"line":100,"column":10},"end":{"line":102,"column":31}},{"start":{"line":104,"column":10},"end":{"line":110,"column":18}},{"start":{"line":112,"column":10},"end":{"line":116,"column":35}},{"start":{"line":118,"column":10},"end":{"line":118,"column":18}},{"start":{"line":119,"column":10},"end":{"line":120,"column":35}}],"line":63},"2":{"loc":{"start":{"line":74,"column":12},"end":{"line":77,"column":13}},"type":"if","locations":[{"start":{"line":74,"column":12},"end":{"line":77,"column":13}},{"start":{"line":74,"column":12},"end":{"line":77,"column":13}}],"line":74}},"s":{"0":6,"1":6,"2":6,"3":0,"4":0,"5":6,"6":1,"7":5,"8":1,"9":1,"10":1,"11":1,"12":1,"13":6,"14":0,"15":1,"16":1,"17":1,"18":1,"19":1,"20":1,"21":1,"22":1,"23":1,"24":0,"25":1,"26":1,"27":1,"28":6,"29":8,"30":1,"31":1,"32":1,"33":1,"34":1,"35":1,"36":1,"37":0,"38":1,"39":1,"40":1,"41":1,"42":1,"43":1,"44":1,"45":1,"46":1,"47":1,"48":1,"49":1,"50":1,"51":1,"52":1,"53":0,"54":0,"55":0,"56":1,"57":1,"58":1,"59":1},"f":{"0":6,"1":1,"2":1,"3":1,"4":6,"5":0,"6":0,"7":1,"8":1,"9":6,"10":1},"b":{"0":[1,5],"1":[1,1,1,1,1,1,1,0,1,1],"2":[1,0]},"inputSourceMap":{"version":3,"sources":["sign-up.js"],"names":["express","require","router","Router","bcrypt","validateUser","User","validateMiddleWare","get","req","res","send","Message","post","findOne","username","body","userExist","status","genSalt","salt","hash","password","hashedPassword","user","type","save","find","users","module","exports"],"mappings":";;;;;;AAAA,IAAMA,OAAO,GAAGC,OAAO,CAAC,SAAD,CAAvB;;AACA,IAAMC,MAAM,GAAGF,OAAO,CAACG,MAAR,EAAf;;AACA,IAAMC,MAAM,GAAGH,OAAO,CAAC,QAAD,CAAtB;;AAEA,eAA4BA,OAAO,CAAC,gBAAD,CAAnC;AAAA,IAAOI,YAAP,YAAOA,YAAP;AAAA,IAAoBC,IAApB,YAAoBA,IAApB;;AACA,IAAMC,kBAAkB,GAAGN,OAAO,CAAC,mCAAD,CAAlC;;AAEAC,MAAM,CAACM,GAAP,CAAW,GAAX,EAAe,UAACC,GAAD,EAAKC,GAAL,EAAW;AACtBA,EAAAA,GAAG,CAACC,IAAJ,CAAS;AAACC,IAAAA,OAAO,EAAC;AAAT,GAAT;AACH,CAFD;AAIA;AACA;AACA;AACA;AACA;AACA;AACA;AACA;AACA;AACA;AACA;AACA;AACA;AACA;AACA;AACA;AACA;AACA;AACA;AACA;AACA;AACA;AACA;AACA;AACA;AACA;AACA;AACA;AACA;AACA;AACA;AACA;AACA;;AAEAV,MAAM,CAACW,IAAP,CAAY,GAAZ,EAAiBN,kBAAkB,CAACF,YAAD,CAAnC;AAAA,qEAAmD,iBAAMI,GAAN,EAAUC,GAAV;AAAA;AAAA;AAAA;AAAA;AAAA;AAAA;AAAA;AAAA,mBAEvBJ,IAAI,CAACQ,OAAL,CAAa;AAACC,cAAAA,QAAQ,EAAEN,GAAG,CAACO,IAAJ,CAASD;AAApB,aAAb,CAFuB;;AAAA;AAEzCE,YAAAA,SAFyC;;AAAA,iBAG3CA,SAH2C;AAAA;AAAA;AAAA;;AAAA,6CAGzBP,GAAG,CAACQ,MAAJ,CAAW,GAAX,EAAgBP,IAAhB,CAAqB,wBAArB,CAHyB;;AAAA;AAAA;AAAA,mBAI5BP,MAAM,CAACe,OAAP,EAJ4B;;AAAA;AAIzCC,YAAAA,IAJyC;AAAA;AAAA,mBAKlBhB,MAAM,CAACiB,IAAP,CAAYZ,GAAG,CAACO,IAAJ,CAASM,QAArB,EAA+BF,IAA/B,CALkB;;AAAA;AAKzCG,YAAAA,cALyC;AAOzCC,YAAAA,IAPyC,GAOnC,IAAIlB,IAAJ,CAAS;AACjBS,cAAAA,QAAQ,EAACN,GAAG,CAACO,IAAJ,CAASD,QADD;AAEjBO,cAAAA,QAAQ,EAACC,cAFQ;AAGjBE,cAAAA,IAAI,EAAE;AAHW,aAAT,CAPmC;AAAA;AAAA,mBAaxCD,IAAI,CAACE,IAAL,EAbwC;;AAAA;AAAA;AAAA,mBAc7BpB,IAAI,CAACqB,IAAL,EAd6B;;AAAA;AAc3CC,YAAAA,KAd2C;AAe/ClB,YAAAA,GAAG,CAACQ,MAAJ,CAAW,GAAX,EAAgBP,IAAhB,CAAqB;AAACC,cAAAA,OAAO,EAAC;AAAT,aAArB;AAf+C;AAAA;;AAAA;AAAA;AAAA;AAiB/C;AACAF,YAAAA,GAAG,CAACQ,MAAJ,CAAW,GAAX,EAAgBP,IAAhB;;AAlB+C;AAAA;AAAA;AAAA;AAAA;AAAA;AAAA,GAAnD;;AAAA;AAAA;AAAA;AAAA;AAuBAkB,MAAM,CAACC,OAAP,GAAiB5B,MAAjB","sourceRoot":"C:\\Users\\Administrator\\Documents\\Rukundo Kevin\\My-Blog\\src\\routes\\","sourcesContent":["const express = require(\"express\");\r\nconst router = express.Router();\r\nconst bcrypt = require(\"bcrypt\")\r\n\r\nconst {validateUser,User} = require(\"../models/User\")\r\nconst validateMiddleWare = require('../middlewares/validateMiddleware')\r\n\r\nrouter.get(\"/\",(req,res)=>{\r\n    res.send({Message:\"This is the sign up page\"})\r\n})\r\n\r\n/**\r\n * @swagger\r\n * /signup:\r\n *   post:\r\n *     summary: Register new user\r\n *     tags:\r\n *       - Auth\r\n *     requestBody:\r\n *       required: true\r\n *       content:\r\n *         application/json:\r\n *             schema:\r\n *               type: object\r\n *               properties:\r\n *                 username:\r\n *                   type: string\r\n *                 password:\r\n *                   type: string  \r\n *     responses:\r\n *       '400':\r\n *         description: Bad Request \r\n *       '200':\r\n *         description: A list of queries.\r\n *         content:\r\n *           application/json:\r\n *             schema:\r\n *               type: object\r\n *               properties:\r\n *                 token:\r\n *                   type: string\r\n *                   description: A secure token for authentication\r\n *                 \r\n */\r\n\r\nrouter.post(\"/\", validateMiddleWare(validateUser), async(req,res)=>{\r\ntry {    \r\n    const userExist = await User.findOne({username: req.body.username})\r\n    if (userExist) return res.status(400).send(\"Username Already Taken\")\r\n    const salt = await bcrypt.genSalt();\r\n    const hashedPassword = await bcrypt.hash(req.body.password, salt)\r\n\r\n    const user= new User({\r\n        username:req.body.username,\r\n        password:hashedPassword,\r\n        type: \"user\"\r\n    })\r\n\r\n     await user.save();\r\n  const users = await User.find();\r\n    res.status(201).send({Message:\"User registered Successfully\"})\r\n} catch (error) {\r\n    // console.log(error)\r\n    res.status(500).send();\r\n}\r\n\r\n})\r\n\r\nmodule.exports = router;"]},"_coverageSchema":"1a1c01bbd47fc00a2c39e90264f33305004495a9","hash":"557e0448cd1cd28d7f0022230c443dcd048cf129","contentHash":"bce2fb5e75d9071dbdd859e4a2f8e3ba0d05b94b8b20569ad323badb983c29db"}}