{"C:\\Users\\Administrator\\Documents\\Rukundo Kevin\\My-Blog\\src\\buildScripts\\testSetup.js":{"path":"C:\\Users\\Administrator\\Documents\\Rukundo Kevin\\My-Blog\\src\\buildScripts\\testSetup.js","statementMap":{"0":{"start":{"line":1,"column":0},"end":{"line":1,"column":29}},"1":{"start":{"line":2,"column":0},"end":{"line":2,"column":26}}},"fnMap":{},"branchMap":{},"s":{"0":1,"1":1},"f":{},"b":{},"_coverageSchema":"1a1c01bbd47fc00a2c39e90264f33305004495a9","hash":"f377a9e43dbd7eafd039bab0351571df0541aa56","contentHash":"732c964a7ca348ebadd2ddddc9cb1dfae985ec8b2be4ab3c94691bbfc4a10395"},"C:\\Users\\Administrator\\Documents\\Rukundo Kevin\\My-Blog\\src\\models\\Article.js":{"path":"C:\\Users\\Administrator\\Documents\\Rukundo Kevin\\My-Blog\\src\\models\\Article.js","statementMap":{"0":{"start":{"line":3,"column":15},"end":{"line":3,"column":34}},"1":{"start":{"line":5,"column":10},"end":{"line":5,"column":30}},"2":{"start":{"line":7,"column":13},"end":{"line":30,"column":2}},"3":{"start":{"line":31,"column":14},"end":{"line":31,"column":47}},"4":{"start":{"line":33,"column":22},"end":{"line":40,"column":1}},"5":{"start":{"line":34,"column":15},"end":{"line":38,"column":4}},"6":{"start":{"line":39,"column":2},"end":{"line":39,"column":34}},"7":{"start":{"line":42,"column":0},"end":{"line":45,"column":2}}},"fnMap":{"0":{"name":"validateArticle","decl":{"start":{"line":33,"column":31},"end":{"line":33,"column":46}},"loc":{"start":{"line":33,"column":56},"end":{"line":40,"column":1}},"line":33}},"branchMap":{},"s":{"0":1,"1":1,"2":1,"3":1,"4":1,"5":1,"6":1,"7":1},"f":{"0":1},"b":{},"inputSourceMap":{"version":3,"sources":["Article.js"],"names":["mongoose","require","Joi","schema","Schema","heading","type","String","required","content","image","userId","date","Date","now","versionKey","Article","model","validateArticle","article","object","string","min","max","validate","module","exports"],"mappings":";;AAAA,IAAMA,QAAQ,GAAGC,OAAO,CAAC,UAAD,CAAxB;;AACA,IAAMC,GAAG,GAAGD,OAAO,CAAC,WAAD,CAAnB;;AAGC,IAAME,MAAM,GAAG,IAAIH,QAAQ,CAACI,MAAb,CAAoB;AAC/BC,EAAAA,OAAO,EAAC;AAACC,IAAAA,IAAI,EAACC,MAAN;AAAcC,IAAAA,QAAQ,EAAC;AAAvB,GADuB;AAE/BC,EAAAA,OAAO,EAAC;AAACH,IAAAA,IAAI,EAAEC,MAAP;AAAgBC,IAAAA,QAAQ,EAAE;AAA1B,GAFuB;AAG/BE,EAAAA,KAAK,EAAC;AAACJ,IAAAA,IAAI,EAAEC,MAAP;AAAeC,IAAAA,QAAQ,EAAE;AAAzB,GAHyB;AAI/BG,EAAAA,MAAM,EAAC;AAACL,IAAAA,IAAI,EAACC,MAAN;AAAaC,IAAAA,QAAQ,EAAC;AAAtB,GAJwB;AAK/BI,EAAAA,IAAI,EAAC;AAACN,IAAAA,IAAI,EAACO,IAAN;AAAY,eAASA,IAAI,CAACC;AAA1B;AAL0B,CAApB,EAMb;AACEC,EAAAA,UAAU,EAAC;AADb,CANa,CAAf;AAWD,IAAMC,OAAO,GAAGhB,QAAQ,CAACiB,KAAT,CAAe,SAAf,EAAyBd,MAAzB,CAAhB;;AAEA,IAAMe,eAAe,GAAG,SAAlBA,eAAkB,CAACC,OAAD,EAAa;AACnC,MAAMhB,MAAM,GAAGD,GAAG,CAACkB,MAAJ,CAAW;AACtBf,IAAAA,OAAO,EAACH,GAAG,CAACmB,MAAJ,GAAaC,GAAb,CAAiB,EAAjB,EAAqBC,GAArB,CAAyB,GAAzB,EAA8Bf,QAA9B,EADc;AAEtBC,IAAAA,OAAO,EAACP,GAAG,CAACmB,MAAJ,GAAaC,GAAb,CAAiB,EAAjB,EAAqBC,GAArB,CAAyB,IAAzB,EAA+Bf,QAA/B,EAFc;AAGtBE,IAAAA,KAAK,EAAER,GAAG,CAACmB,MAAJ;AAHe,GAAX,CAAf;AAMA,SAAOlB,MAAM,CAACqB,QAAP,CAAgBL,OAAhB,CAAP;AACD,CARD;;AAUAM,MAAM,CAACC,OAAP,GAAiB;AACfV,EAAAA,OAAO,EAAPA,OADe;AAEfE,EAAAA,eAAe,EAAfA;AAFe,CAAjB","sourceRoot":"C:\\Users\\Administrator\\Documents\\Rukundo Kevin\\My-Blog\\src\\models\\","sourcesContent":["const mongoose = require(\"mongoose\");\r\nconst Joi = require('@hapi/joi')\r\n\r\n\r\n const schema = new mongoose.Schema({\r\n     heading:{type:String, required:true},\r\n     content:{type: String , required: true},\r\n     image:{type: String, required: true},\r\n     userId:{type:String,required:true},\r\n     date:{type:Date, default: Date.now},\r\n },{\r\n     versionKey:false\r\n })\r\n\r\n\r\nconst Article = mongoose.model(\"Article\",schema);\r\n\r\nconst validateArticle = (article) => {\r\n  const schema = Joi.object({\r\n      heading:Joi.string().min(20).max(200).required(),\r\n      content:Joi.string().min(30).max(1000).required(),\r\n      image: Joi.string(),\r\n  })\r\n\r\n  return schema.validate(article)\r\n}\r\n\r\nmodule.exports = {\r\n  Article,\r\n  validateArticle,\r\n}"]},"_coverageSchema":"1a1c01bbd47fc00a2c39e90264f33305004495a9","hash":"4c7fb69bbf1a0ea34e90eaac39268eebd3264040","contentHash":"0f552093f245c42ea865f44beace7a0daf710f75ea93eaaf7dbe93b5dcf41fae"},"C:\\Users\\Administrator\\Documents\\Rukundo Kevin\\My-Blog\\src\\models\\Query.js":{"path":"C:\\Users\\Administrator\\Documents\\Rukundo Kevin\\My-Blog\\src\\models\\Query.js","statementMap":{"0":{"start":{"line":3,"column":15},"end":{"line":3,"column":34}},"1":{"start":{"line":5,"column":10},"end":{"line":5,"column":30}},"2":{"start":{"line":7,"column":13},"end":{"line":30,"column":2}},"3":{"start":{"line":31,"column":12},"end":{"line":31,"column":43}},"4":{"start":{"line":33,"column":20},"end":{"line":41,"column":1}},"5":{"start":{"line":34,"column":15},"end":{"line":39,"column":4}},"6":{"start":{"line":40,"column":2},"end":{"line":40,"column":32}},"7":{"start":{"line":43,"column":0},"end":{"line":46,"column":2}}},"fnMap":{"0":{"name":"validateQuery","decl":{"start":{"line":33,"column":29},"end":{"line":33,"column":42}},"loc":{"start":{"line":33,"column":50},"end":{"line":41,"column":1}},"line":33}},"branchMap":{},"s":{"0":1,"1":1,"2":1,"3":1,"4":1,"5":1,"6":1,"7":1},"f":{"0":1},"b":{},"inputSourceMap":{"version":3,"sources":["Query.js"],"names":["mongoose","require","Joi","schema","Schema","name","type","String","required","email","date","Date","now","subject","message","versionKey","Query","model","validateQuery","query","object","username","string","min","max","validate","module","exports"],"mappings":";;AAAA,IAAMA,QAAQ,GAAGC,OAAO,CAAC,UAAD,CAAxB;;AACA,IAAMC,GAAG,GAAGD,OAAO,CAAC,WAAD,CAAnB;;AAEA,IAAME,MAAM,GAAG,IAAIH,QAAQ,CAACI,MAAb,CAAoB;AAC/BC,EAAAA,IAAI,EAAE;AAACC,IAAAA,IAAI,EAAEC,MAAP;AAAeC,IAAAA,QAAQ,EAAE;AAAzB,GADyB;AAE/BC,EAAAA,KAAK,EAAE;AAACH,IAAAA,IAAI,EAAEC,MAAP;AAAeC,IAAAA,QAAQ,EAAE;AAAzB,GAFwB;AAG/BE,EAAAA,IAAI,EAAE;AAAEJ,IAAAA,IAAI,EAAEK,IAAR;AAAc,eAASA,IAAI,CAACC;AAA5B,GAHyB;AAI/BC,EAAAA,OAAO,EAAC;AAACP,IAAAA,IAAI,EAAEC,MAAP;AAAeC,IAAAA,QAAQ,EAAE;AAAzB,GAJuB;AAK/BM,EAAAA,OAAO,EAAE;AAACR,IAAAA,IAAI,EAAEC,MAAP;AAAeC,IAAAA,QAAQ,EAAE;AAAzB;AALsB,CAApB,EAQb;AACEO,EAAAA,UAAU,EAAE;AADd,CARa,CAAf;AAaA,IAAMC,KAAK,GAAGhB,QAAQ,CAACiB,KAAT,CAAe,OAAf,EAAuBd,MAAvB,CAAd;;AAEA,IAAMe,aAAa,GAAG,SAAhBA,aAAgB,CAACC,KAAD,EAAW;AAC/B,MAAMhB,MAAM,GAAGD,GAAG,CAACkB,MAAJ,CAAW;AACtBC,IAAAA,QAAQ,EAAEnB,GAAG,CAACoB,MAAJ,GAAaC,GAAb,CAAiB,CAAjB,EAAoBC,GAApB,CAAwB,GAAxB,EAA6BhB,QAA7B,EADY;AAEtBC,IAAAA,KAAK,EAAEP,GAAG,CAACoB,MAAJ,GAAab,KAAb,GAAqBc,GAArB,CAAyB,CAAzB,EAA4BC,GAA5B,CAAgC,IAAhC,EAAsChB,QAAtC,EAFe;AAGtBK,IAAAA,OAAO,EAAEX,GAAG,CAACoB,MAAJ,GAAaC,GAAb,CAAiB,EAAjB,EAAqBC,GAArB,CAAyB,GAAzB,EAA8BhB,QAA9B,EAHa;AAItBM,IAAAA,OAAO,EAAEZ,GAAG,CAACoB,MAAJ,GAAaC,GAAb,CAAiB,EAAjB,EAAqBC,GAArB,CAAyB,GAAzB,EAA8BhB,QAA9B;AAJa,GAAX,CAAf;AAOA,SAAOL,MAAM,CAACsB,QAAP,CAAgBN,KAAhB,CAAP;AACD,CATD;;AAWAO,MAAM,CAACC,OAAP,GAAiB;AACfX,EAAAA,KAAK,EAALA,KADe;AAEfE,EAAAA,aAAa,EAAbA;AAFe,CAAjB","sourceRoot":"C:\\Users\\Administrator\\Documents\\Rukundo Kevin\\My-Blog\\src\\models\\","sourcesContent":["const mongoose = require(\"mongoose\");\r\nconst Joi = require(\"@hapi/joi\")\r\n\r\nconst schema = new mongoose.Schema({\r\n    name: {type: String, required: true},\r\n    email: {type: String, required: true},\r\n    date: { type: Date, default: Date.now },\r\n    subject:{type: String, required: true},\r\n    message: {type: String, required: true},\r\n}\r\n,\r\n  {\r\n    versionKey: false\r\n  }\r\n)\r\n\r\nconst Query = mongoose.model(\"Query\",schema);\r\n\r\nconst validateQuery = (query) => {\r\n  const schema = Joi.object({\r\n      username: Joi.string().min(5).max(500).required(),\r\n      email: Joi.string().email().min(5).max(1024).required(),\r\n      subject: Joi.string().min(10).max(500).required(),\r\n      message: Joi.string().min(10).max(500).required(),\r\n  })\r\n\r\n  return schema.validate(query)\r\n}\r\n\r\nmodule.exports = {\r\n  Query,\r\n  validateQuery,\r\n}"]},"_coverageSchema":"1a1c01bbd47fc00a2c39e90264f33305004495a9","hash":"90d99edb1561d96a2c0ac721f17a74565a36e0e0","contentHash":"dde617f79af11fe65755ba349693e0ef0a72eea7e3fa4243a1b5e8de3cb891eb"},"C:\\Users\\Administrator\\Documents\\Rukundo Kevin\\My-Blog\\src\\models\\User.js":{"path":"C:\\Users\\Administrator\\Documents\\Rukundo Kevin\\My-Blog\\src\\models\\User.js","statementMap":{"0":{"start":{"line":3,"column":15},"end":{"line":3,"column":34}},"1":{"start":{"line":5,"column":10},"end":{"line":5,"column":30}},"2":{"start":{"line":7,"column":13},"end":{"line":22,"column":2}},"3":{"start":{"line":23,"column":11},"end":{"line":23,"column":41}},"4":{"start":{"line":25,"column":19},"end":{"line":31,"column":1}},"5":{"start":{"line":26,"column":15},"end":{"line":29,"column":4}},"6":{"start":{"line":30,"column":2},"end":{"line":30,"column":31}},"7":{"start":{"line":33,"column":0},"end":{"line":36,"column":2}}},"fnMap":{"0":{"name":"validateUser","decl":{"start":{"line":25,"column":28},"end":{"line":25,"column":40}},"loc":{"start":{"line":25,"column":47},"end":{"line":31,"column":1}},"line":25}},"branchMap":{},"s":{"0":1,"1":1,"2":1,"3":1,"4":1,"5":2,"6":2,"7":1},"f":{"0":2},"b":{},"inputSourceMap":{"version":3,"sources":["User.js"],"names":["mongoose","require","Joi","schema","Schema","email","type","String","required","password","versionKey","User","model","validateUser","user","object","string","min","max","validate","module","exports"],"mappings":";;AAAA,IAAMA,QAAQ,GAAGC,OAAO,CAAC,UAAD,CAAxB;;AACA,IAAMC,GAAG,GAAGD,OAAO,CAAC,WAAD,CAAnB;;AAEC,IAAME,MAAM,GAAG,IAAIH,QAAQ,CAACI,MAAb,CAAoB;AAC/BC,EAAAA,KAAK,EAAC;AAACC,IAAAA,IAAI,EAACC,MAAN;AAAcC,IAAAA,QAAQ,EAAC;AAAvB,GADyB;AAE/BC,EAAAA,QAAQ,EAAC;AAACH,IAAAA,IAAI,EAAEC,MAAP;AAAgBC,IAAAA,QAAQ,EAAE;AAA1B,GAFsB;AAG/BF,EAAAA,IAAI,EAAC;AAACA,IAAAA,IAAI,EAACC,MAAN;AAAc,eAAS;AAAvB;AAH0B,CAApB,EAKb;AACEG,EAAAA,UAAU,EAAC;AADb,CALa,CAAf;AASD,IAAMC,IAAI,GAAGX,QAAQ,CAACY,KAAT,CAAe,MAAf,EAAsBT,MAAtB,CAAb;;AAEC,IAAMU,YAAY,GAAG,SAAfA,YAAe,CAACC,IAAD,EAAU;AAC5B,MAAMX,MAAM,GAAGD,GAAG,CAACa,MAAJ,CAAW;AACtBV,IAAAA,KAAK,EAAEH,GAAG,CAACc,MAAJ,GAAaC,GAAb,CAAiB,CAAjB,EAAoBC,GAApB,CAAwB,GAAxB,EAA6BV,QAA7B,EADe;AAEtBC,IAAAA,QAAQ,EAAEP,GAAG,CAACc,MAAJ,GAAaC,GAAb,CAAiB,CAAjB,EAAoBC,GAApB,CAAwB,IAAxB,EAA8BV,QAA9B;AAFY,GAAX,CAAf;AAKA,SAAOL,MAAM,CAACgB,QAAP,CAAgBL,IAAhB,CAAP;AACD,CAPF;;AASCM,MAAM,CAACC,OAAP,GAAiB;AACfV,EAAAA,IAAI,EAAJA,IADe;AAEfE,EAAAA,YAAY,EAAZA;AAFe,CAAjB","sourceRoot":"C:\\Users\\Administrator\\Documents\\Rukundo Kevin\\My-Blog\\src\\models\\","sourcesContent":["const mongoose = require(\"mongoose\");\r\nconst Joi = require(\"@hapi/joi\");\r\n\r\n const schema = new mongoose.Schema({\r\n     email:{type:String, required:true},\r\n     password:{type: String , required: true},\r\n     type:{type:String, default: \"user\"},\r\n\r\n },{\r\n     versionKey:false\r\n })\r\n\r\nconst User = mongoose.model(\"User\",schema);\r\n\r\n const validateUser = (user) => {\r\n    const schema = Joi.object({\r\n        email: Joi.string().min(5).max(500).required(),\r\n        password: Joi.string().min(8).max(1024).required(),\r\n  \r\n    })\r\n    return schema.validate(user)\r\n  }\r\n  \r\n  module.exports = {\r\n    User,\r\n    validateUser,\r\n  }"]},"_coverageSchema":"1a1c01bbd47fc00a2c39e90264f33305004495a9","hash":"c86e45ce8ca92d3217eeb64e3b1c1ca842f34577","contentHash":"73b2a630cd394dec736ceaffac2172be9161cc75b9df18e58a39b2f70726aa64"},"C:\\Users\\Administrator\\Documents\\Rukundo Kevin\\My-Blog\\src\\index.js":{"path":"C:\\Users\\Administrator\\Documents\\Rukundo Kevin\\My-Blog\\src\\index.js","statementMap":{"0":{"start":{"line":3,"column":77},"end":{"line":3,"column":175}},"1":{"start":{"line":3,"column":94},"end":{"line":3,"column":107}},"2":{"start":{"line":3,"column":121},"end":{"line":3,"column":131}},"3":{"start":{"line":3,"column":151},"end":{"line":3,"column":165}},"4":{"start":{"line":3,"column":166},"end":{"line":3,"column":173}},"5":{"start":{"line":3,"column":176},"end":{"line":3,"column":263}},"6":{"start":{"line":3,"column":193},"end":{"line":3,"column":208}},"7":{"start":{"line":3,"column":218},"end":{"line":3,"column":261}},"8":{"start":{"line":5,"column":33},"end":{"line":5,"column":387}},"9":{"start":{"line":5,"column":65},"end":{"line":5,"column":69}},"10":{"start":{"line":5,"column":78},"end":{"line":5,"column":87}},"11":{"start":{"line":5,"column":89},"end":{"line":5,"column":384}},"12":{"start":{"line":5,"column":147},"end":{"line":5,"column":167}},"13":{"start":{"line":5,"column":193},"end":{"line":5,"column":264}},"14":{"start":{"line":5,"column":290},"end":{"line":5,"column":360}},"15":{"start":{"line":5,"column":363},"end":{"line":5,"column":380}},"16":{"start":{"line":7,"column":14},"end":{"line":7,"column":32}},"17":{"start":{"line":9,"column":13},"end":{"line":9,"column":29}},"18":{"start":{"line":11,"column":15},"end":{"line":11,"column":34}},"19":{"start":{"line":13,"column":11},"end":{"line":13,"column":26}},"20":{"start":{"line":15,"column":19},"end":{"line":15,"column":43}},"21":{"start":{"line":17,"column":16},"end":{"line":17,"column":45}},"22":{"start":{"line":19,"column":10},"end":{"line":19,"column":33}},"23":{"start":{"line":21,"column":20},"end":{"line":21,"column":47}},"24":{"start":{"line":23,"column":18},"end":{"line":23,"column":43}},"25":{"start":{"line":25,"column":17},"end":{"line":25,"column":41}},"26":{"start":{"line":27,"column":20},"end":{"line":27,"column":47}},"27":{"start":{"line":29,"column":18},"end":{"line":29,"column":43}},"28":{"start":{"line":31,"column":19},"end":{"line":31,"column":46}},"29":{"start":{"line":33,"column":11},"end":{"line":33,"column":35}},"30":{"start":{"line":35,"column":13},"end":{"line":35,"column":30}},"31":{"start":{"line":37,"column":10},"end":{"line":37,"column":40}},"32":{"start":{"line":39,"column":24},"end":{"line":71,"column":1}},"33":{"start":{"line":72,"column":14},"end":{"line":76,"column":1}},"34":{"start":{"line":77,"column":18},"end":{"line":77,"column":39}},"35":{"start":{"line":78,"column":10},"end":{"line":78,"column":19}},"36":{"start":{"line":80,"column":29},"end":{"line":127,"column":3}},"37":{"start":{"line":81,"column":13},"end":{"line":122,"column":5}},"38":{"start":{"line":82,"column":4},"end":{"line":121,"column":16}},"39":{"start":{"line":83,"column":6},"end":{"line":120,"column":7}},"40":{"start":{"line":84,"column":8},"end":{"line":119,"column":9}},"41":{"start":{"line":86,"column":12},"end":{"line":86,"column":30}},"42":{"start":{"line":87,"column":12},"end":{"line":114,"column":15}},"43":{"start":{"line":92,"column":14},"end":{"line":94,"column":18}},"44":{"start":{"line":95,"column":14},"end":{"line":95,"column":38}},"45":{"start":{"line":98,"column":14},"end":{"line":98,"column":78}},"46":{"start":{"line":99,"column":14},"end":{"line":99,"column":32}},"47":{"start":{"line":100,"column":14},"end":{"line":100,"column":49}},"48":{"start":{"line":101,"column":14},"end":{"line":101,"column":45}},"49":{"start":{"line":102,"column":14},"end":{"line":102,"column":43}},"50":{"start":{"line":103,"column":14},"end":{"line":103,"column":49}},"51":{"start":{"line":104,"column":14},"end":{"line":104,"column":45}},"52":{"start":{"line":105,"column":14},"end":{"line":105,"column":47}},"53":{"start":{"line":106,"column":14},"end":{"line":106,"column":36}},"54":{"start":{"line":107,"column":14},"end":{"line":111,"column":17}},"55":{"start":{"line":108,"column":16},"end":{"line":110,"column":17}},"56":{"start":{"line":109,"column":18},"end":{"line":109,"column":48}},"57":{"start":{"line":113,"column":14},"end":{"line":113,"column":84}},"58":{"start":{"line":118,"column":12},"end":{"line":118,"column":35}},"59":{"start":{"line":124,"column":2},"end":{"line":126,"column":4}},"60":{"start":{"line":125,"column":4},"end":{"line":125,"column":39}},"61":{"start":{"line":130,"column":0},"end":{"line":130,"column":12}},"62":{"start":{"line":131,"column":0},"end":{"line":131,"column":21}}},"fnMap":{"0":{"name":"asyncGeneratorStep","decl":{"start":{"line":3,"column":9},"end":{"line":3,"column":27}},"loc":{"start":{"line":3,"column":75},"end":{"line":3,"column":265}},"line":3},"1":{"name":"_asyncToGenerator","decl":{"start":{"line":5,"column":9},"end":{"line":5,"column":26}},"loc":{"start":{"line":5,"column":31},"end":{"line":5,"column":389}},"line":5},"2":{"name":"(anonymous_2)","decl":{"start":{"line":5,"column":40},"end":{"line":5,"column":41}},"loc":{"start":{"line":5,"column":52},"end":{"line":5,"column":386}},"line":5},"3":{"name":"(anonymous_3)","decl":{"start":{"line":5,"column":108},"end":{"line":5,"column":109}},"loc":{"start":{"line":5,"column":135},"end":{"line":5,"column":382}},"line":5},"4":{"name":"_next","decl":{"start":{"line":5,"column":178},"end":{"line":5,"column":183}},"loc":{"start":{"line":5,"column":191},"end":{"line":5,"column":266}},"line":5},"5":{"name":"_throw","decl":{"start":{"line":5,"column":276},"end":{"line":5,"column":282}},"loc":{"start":{"line":5,"column":288},"end":{"line":5,"column":362}},"line":5},"6":{"name":"(anonymous_6)","decl":{"start":{"line":80,"column":29},"end":{"line":80,"column":30}},"loc":{"start":{"line":80,"column":41},"end":{"line":127,"column":1}},"line":80},"7":{"name":"_callee","decl":{"start":{"line":81,"column":78},"end":{"line":81,"column":85}},"loc":{"start":{"line":81,"column":88},"end":{"line":122,"column":3}},"line":81},"8":{"name":"_callee$","decl":{"start":{"line":82,"column":44},"end":{"line":82,"column":52}},"loc":{"start":{"line":82,"column":63},"end":{"line":121,"column":5}},"line":82},"9":{"name":"(anonymous_9)","decl":{"start":{"line":90,"column":20},"end":{"line":90,"column":21}},"loc":{"start":{"line":90,"column":32},"end":{"line":112,"column":13}},"line":90},"10":{"name":"(anonymous_10)","decl":{"start":{"line":107,"column":31},"end":{"line":107,"column":32}},"loc":{"start":{"line":107,"column":43},"end":{"line":111,"column":15}},"line":107},"11":{"name":"(anonymous_11)","decl":{"start":{"line":112,"column":24},"end":{"line":112,"column":25}},"loc":{"start":{"line":112,"column":41},"end":{"line":114,"column":13}},"line":112},"12":{"name":"connectDB","decl":{"start":{"line":124,"column":18},"end":{"line":124,"column":27}},"loc":{"start":{"line":124,"column":30},"end":{"line":126,"column":3}},"line":124}},"branchMap":{"0":{"loc":{"start":{"line":3,"column":176},"end":{"line":3,"column":263}},"type":"if","locations":[{"start":{"line":3,"column":176},"end":{"line":3,"column":263}},{"start":{"line":3,"column":176},"end":{"line":3,"column":263}}],"line":3},"1":{"loc":{"start":{"line":33,"column":11},"end":{"line":33,"column":35}},"type":"binary-expr","locations":[{"start":{"line":33,"column":11},"end":{"line":33,"column":27}},{"start":{"line":33,"column":31},"end":{"line":33,"column":35}}],"line":33},"2":{"loc":{"start":{"line":84,"column":8},"end":{"line":119,"column":9}},"type":"switch","locations":[{"start":{"line":85,"column":10},"end":{"line":114,"column":15}},{"start":{"line":116,"column":10},"end":{"line":116,"column":17}},{"start":{"line":117,"column":10},"end":{"line":118,"column":35}}],"line":84},"3":{"loc":{"start":{"line":108,"column":16},"end":{"line":110,"column":17}},"type":"if","locations":[{"start":{"line":108,"column":16},"end":{"line":110,"column":17}},{"start":{"line":108,"column":16},"end":{"line":110,"column":17}}],"line":108}},"s":{"0":2,"1":2,"2":2,"3":0,"4":0,"5":2,"6":1,"7":1,"8":1,"9":1,"10":1,"11":1,"12":1,"13":2,"14":0,"15":1,"16":1,"17":1,"18":1,"19":1,"20":1,"21":1,"22":1,"23":1,"24":1,"25":1,"26":1,"27":1,"28":1,"29":1,"30":1,"31":1,"32":1,"33":1,"34":1,"35":1,"36":1,"37":1,"38":1,"39":2,"40":2,"41":1,"42":1,"43":1,"44":1,"45":1,"46":1,"47":1,"48":1,"49":1,"50":1,"51":1,"52":1,"53":1,"54":1,"55":1,"56":0,"57":0,"58":1,"59":1,"60":1,"61":1,"62":1},"f":{"0":2,"1":1,"2":1,"3":1,"4":2,"5":0,"6":1,"7":1,"8":2,"9":1,"10":1,"11":0,"12":1},"b":{"0":[1,1],"1":[1,1],"2":[1,1,1],"3":[0,1]},"inputSourceMap":{"version":3,"sources":["index.js"],"names":["express","require","router","Router","mongoose","cors","swaggerJSDoc","swaggerUi","api","articleRoutes","queryRouter","likeRouter","commentRouter","loginRouter","signupRouter","PORT","process","env","config","req","swaggerDefinition","openapi","info","title","version","description","license","name","url","contact","servers","security","bearerAuth","components","securitySchemes","type","scheme","bearerFormat","options","apis","swaggerSpec","app","connectDB","connect","DBHost","useNewUrlParser","useUnifiedTopology","then","use","origin","json","serve","setup","set","listen","util","getEnv","console","log","error","module","exports"],"mappings":";;;;;;AAEA,IAAMA,OAAO,GAAGC,OAAO,CAAC,SAAD,CAAvB;;AACA,IAAMC,MAAM,GAAGF,OAAO,CAACG,MAAR,EAAf;;AACA,IAAMC,QAAQ,GAAGH,OAAO,CAAC,UAAD,CAAxB;;AACA,IAAMI,IAAI,GAAGJ,OAAO,CAAC,MAAD,CAApB;;AACA,IAAMK,YAAY,GAAGL,OAAO,CAAC,eAAD,CAA5B;;AACA,IAAMM,SAAS,GAAGN,OAAO,CAAC,oBAAD,CAAzB;;AAEA,IAAMO,GAAG,GAAGP,OAAO,CAAC,cAAD,CAAnB;;AACA,IAAMQ,aAAa,GAAGR,OAAO,CAAC,kBAAD,CAA7B;;AACA,IAAMS,WAAW,GAAGT,OAAO,CAAC,gBAAD,CAA3B;;AACA,IAAMU,UAAU,GAAGV,OAAO,CAAC,eAAD,CAA1B;;AACA,IAAMW,aAAa,GAAGX,OAAO,CAAC,kBAAD,CAA7B;;AAEA,IAAMY,WAAW,GAAGZ,OAAO,CAAC,gBAAD,CAA3B;;AACA,IAAMa,YAAY,GAAGb,OAAO,CAAC,kBAAD,CAA5B;;AAGA,IAAMc,IAAI,GAAGC,OAAO,CAACC,GAAR,CAAYF,IAAZ,IAAoB,IAAjC;;AACA,IAAMG,MAAM,GAAGjB,OAAO,CAAC,QAAD,CAAtB;;AACA,IAAMkB,GAAG,GAAGlB,OAAO,CAAC,qBAAD,CAAnB;;AAEA,IAAMmB,iBAAiB,GAAG;AAClBC,EAAAA,OAAO,EAAE,OADS;AAElBC,EAAAA,IAAI,EAAE;AACJC,IAAAA,KAAK,EAAE,yBADH;AAEJC,IAAAA,OAAO,EAAE;AAFL,GAFY;AAMlBC,EAAAA,WAAW,EACX,kGAPkB;AAQpBC,EAAAA,OAAO,EAAE;AACPC,IAAAA,IAAI,EAAE,oBADC;AAEPC,IAAAA,GAAG,EAAE;AAFE,GARW;AAYpBC,EAAAA,OAAO,EAAE;AACPF,IAAAA,IAAI,EAAC,eADE;AAEPC,IAAAA,GAAG,EAAE;AAFE,GAZW;AAgBpBE,EAAAA,OAAO,EAAE,CACP;AACEF,IAAAA,GAAG,EAAE;AADP,GADO,CAhBW;AAqBlBG,EAAAA,QAAQ,EAAE,CACR;AACEC,IAAAA,UAAU,EAAE;AADd,GADQ,CArBQ;AA0BlBC,EAAAA,UAAU,EAAE;AACRC,IAAAA,eAAe,EAAE;AACfF,MAAAA,UAAU,EAAE;AACVG,QAAAA,IAAI,EAAE,MADI;AAEVC,QAAAA,MAAM,EAAE,QAFE;AAGVC,QAAAA,YAAY,EAAE,KAHJ;AAIVV,QAAAA,IAAI,EAAE,YAJI;AAKV,cAAI;AALM;AADG;AADT;AA1BM,CAA1B;AAuCM,IAAMW,OAAO,GAAG;AACdlB,EAAAA,iBAAiB,EAAjBA,iBADc;AAEd;AACAmB,EAAAA,IAAI,EAAE,CAAC,iBAAD;AAHQ,CAAhB;AAMA,IAAMC,WAAW,GAAGlC,YAAY,CAACgC,OAAD,CAAhC;AAEN,IAAMG,GAAG,GAAGzC,OAAO,EAAnB;;AAEA,IAAM0C,SAAS;AAAA,qEAAG;AAAA;AAAA;AAAA;AAAA;AAAA;AAAA,mBACJtC,QAAQ,CAACuC,OAAT,CAAiBzB,MAAM,CAAC0B,MAAxB,EAAgC;AAAEC,cAAAA,eAAe,EAAE,IAAnB;AAAyBC,cAAAA,kBAAkB,EAAE;AAA7C,aAAhC,EACLC,IADK,CACA,YAAI;AACF;AACAN,cAAAA,GAAG,CAACO,GAAJ,CAAQ3C,IAAI,CAAC;AACX4C,gBAAAA,MAAM,EAAE;AADG,eAAD,CAAZ;AAIAR,cAAAA,GAAG,CAACO,GAAJ,CAAQhD,OAAO,CAACkD,IAAR,EAAR,EANE,CAQF;;AAAA;AACAT,cAAAA,GAAG,CAACO,GAAJ,CAAQ,OAAR,EAAiBzC,SAAS,CAAC4C,KAA3B,EAAkC5C,SAAS,CAAC6C,KAAV,CAAgBZ,WAAhB,CAAlC;AAEAC,cAAAA,GAAG,CAACO,GAAJ,CAAQ,GAAR,EAAYxC,GAAZ;AACAiC,cAAAA,GAAG,CAACO,GAAJ,CAAQ,UAAR,EAAmBvC,aAAnB;AACAgC,cAAAA,GAAG,CAACO,GAAJ,CAAQ,QAAR,EAAiBtC,WAAjB;AACA+B,cAAAA,GAAG,CAACO,GAAJ,CAAQ,OAAR,EAAgBrC,UAAhB;AACA8B,cAAAA,GAAG,CAACO,GAAJ,CAAQ,UAAR,EAAmBpC,aAAnB;AAEA6B,cAAAA,GAAG,CAACO,GAAJ,CAAQ,QAAR,EAAkBnC,WAAlB;AACA4B,cAAAA,GAAG,CAACO,GAAJ,CAAQ,SAAR,EAAmBlC,YAAnB;AAGA2B,cAAAA,GAAG,CAACY,GAAJ,CAAQ,MAAR,EAAetC,IAAf;AAEA0B,cAAAA,GAAG,CAACa,MAAJ,CAAWvC,IAAX,EAAiB,YAAK;AACpB,oBAAGG,MAAM,CAACqC,IAAP,CAAYC,MAAZ,CAAmB,UAAnB,KAAkC,MAArC,EAA4C;AAC1CC,kBAAAA,OAAO,CAACC,GAAR,CAAY,gBAAZ;AACC;AACF,eAJH;AAMP,aA9BK,WA+BK,UAAUC,KAAV,EAAiB;AACpBF,cAAAA,OAAO,CAACC,GAAR,8CAAkDC,KAAlD;AACH,aAjCC,CADI;;AAAA;AAAA;AAAA;AAAA;AAAA;AAAA;AAAA,GAAH;;AAAA,kBAATjB,SAAS;AAAA;AAAA;AAAA,GAAf,C,CAqCI;;;AACAA,SAAS;AACTkB,MAAM,CAACC,OAAP,GAAiBpB,GAAjB","sourceRoot":"C:\\Users\\Administrator\\Documents\\Rukundo Kevin\\My-Blog\\src\\","sourcesContent":["\r\n\r\nconst express = require(\"express\");\r\nconst router = express.Router();\r\nconst mongoose = require(\"mongoose\");\r\nconst cors = require(\"cors\")\r\nconst swaggerJSDoc = require(\"swagger-jsdoc\");\r\nconst swaggerUi = require(\"swagger-ui-express\")\r\n\r\nconst api = require(\"./routes/api\")\r\nconst articleRoutes = require(\"./routes/article\")\r\nconst queryRouter = require(\"./routes/query\")\r\nconst likeRouter = require(\"./routes/like\")\r\nconst commentRouter = require(\"./routes/comment\")\r\n\r\nconst loginRouter = require(\"./routes/login\")\r\nconst signupRouter = require(\"./routes/sign-up\")\r\n\r\n\r\nconst PORT = process.env.PORT || 5000;\r\nconst config = require(\"config\");\r\nconst req = require(\"express/lib/request\");\r\n\r\nconst swaggerDefinition = {\r\n        openapi: '3.0.0',\r\n        info: {\r\n          title: 'Express API for My Blog',\r\n          version: '1.0.0',\r\n        },\r\n        description:\r\n        'This is a REST API application made with Express. It retrieves data from Mongodb using mongoose.',\r\n      license: {\r\n        name: 'Licensed Under MIT',\r\n        url: 'https://spdx.org/licenses/MIT.html',\r\n      },\r\n      contact: {\r\n        name:\"Rukundo Kevin\",\r\n        url: 'https://www.rukundokevin.codes',\r\n      },\r\n      servers: [\r\n        {\r\n          url: 'https://rukundo-kevin-blog.herokuapp.com/'\r\n        }]\r\n        ,\r\n        security: [\r\n          {\r\n            bearerAuth: [],\r\n          },\r\n        ],\r\n        components: {\r\n            securitySchemes: {\r\n              bearerAuth: {\r\n                type: 'http',\r\n                scheme: 'bearer',\r\n                bearerFormat: 'JWT',\r\n                name: 'bearerAuth',\r\n                in: 'header'\r\n              }\r\n            }\r\n        },\r\n      };\r\n      \r\n      const options = {\r\n        swaggerDefinition,\r\n        // Paths to files containing OpenAPI definitions\r\n        apis: ['src/routes/*.js'],\r\n      };\r\n      \r\n      const swaggerSpec = swaggerJSDoc(options);\r\n\r\nconst app = express();\r\n\r\nconst connectDB = async () => {\r\n        await mongoose.connect(config.DBHost, { useNewUrlParser: true, useUnifiedTopology: true })\r\n        .then(()=>{\r\n                //middlewares\r\n                app.use(cors({\r\n                  origin: '*'\r\n                }))\r\n                \r\n                app.use(express.json())\r\n                 \r\n                //middlewares for routes\r\n                app.use('/docs', swaggerUi.serve, swaggerUi.setup(swaggerSpec));\r\n\r\n                app.use(\"/\",api)\r\n                app.use(\"/article\",articleRoutes)\r\n                app.use(\"/query\",queryRouter)\r\n                app.use(\"/like\",likeRouter)\r\n                app.use(\"/comment\",commentRouter)\r\n\r\n                app.use(\"/login\", loginRouter)\r\n                app.use(\"/signup\", signupRouter)\r\n\r\n\r\n                app.set(\"port\",PORT)\r\n\r\n                app.listen(PORT, () =>{\r\n                  if(config.util.getEnv('NODE_ENV') != 'test'){\r\n                    console.log(\"server started\")\r\n                    } \r\n                  })\r\n\r\n        })\r\n            .catch(function (error) {\r\n                console.log(`Unable to connect to the Mongo db  ${error} `);\r\n            });\r\n    };\r\n    \r\n    // use as a function        \r\n    connectDB();\r\n    module.exports = app;\r\n"]},"_coverageSchema":"1a1c01bbd47fc00a2c39e90264f33305004495a9","hash":"00d728283a7ef81f3e097111353135e60eded960","contentHash":"96ccda4c86b19476846629e48471a3b33c73b28f7170c31bed9712b5598a39af"},"C:\\Users\\Administrator\\Documents\\Rukundo Kevin\\My-Blog\\src\\routes\\api.js":{"path":"C:\\Users\\Administrator\\Documents\\Rukundo Kevin\\My-Blog\\src\\routes\\api.js","statementMap":{"0":{"start":{"line":3,"column":19},"end":{"line":3,"column":56}},"1":{"start":{"line":5,"column":77},"end":{"line":5,"column":175}},"2":{"start":{"line":5,"column":94},"end":{"line":5,"column":107}},"3":{"start":{"line":5,"column":121},"end":{"line":5,"column":131}},"4":{"start":{"line":5,"column":151},"end":{"line":5,"column":165}},"5":{"start":{"line":5,"column":166},"end":{"line":5,"column":173}},"6":{"start":{"line":5,"column":176},"end":{"line":5,"column":263}},"7":{"start":{"line":5,"column":193},"end":{"line":5,"column":208}},"8":{"start":{"line":5,"column":218},"end":{"line":5,"column":261}},"9":{"start":{"line":7,"column":33},"end":{"line":7,"column":387}},"10":{"start":{"line":7,"column":65},"end":{"line":7,"column":69}},"11":{"start":{"line":7,"column":78},"end":{"line":7,"column":87}},"12":{"start":{"line":7,"column":89},"end":{"line":7,"column":384}},"13":{"start":{"line":7,"column":147},"end":{"line":7,"column":167}},"14":{"start":{"line":7,"column":193},"end":{"line":7,"column":264}},"15":{"start":{"line":7,"column":290},"end":{"line":7,"column":360}},"16":{"start":{"line":7,"column":363},"end":{"line":7,"column":380}},"17":{"start":{"line":9,"column":14},"end":{"line":9,"column":32}},"18":{"start":{"line":11,"column":15},"end":{"line":11,"column":40}},"19":{"start":{"line":12,"column":19},"end":{"line":12,"column":40}},"20":{"start":{"line":13,"column":11},"end":{"line":13,"column":24}},"21":{"start":{"line":15,"column":16},"end":{"line":15,"column":41}},"22":{"start":{"line":16,"column":14},"end":{"line":16,"column":31}},"23":{"start":{"line":18,"column":13},"end":{"line":18,"column":29}},"24":{"start":{"line":20,"column":25},"end":{"line":20,"column":69}},"25":{"start":{"line":22,"column":0},"end":{"line":47,"column":5}},"26":{"start":{"line":23,"column":13},"end":{"line":42,"column":5}},"27":{"start":{"line":24,"column":4},"end":{"line":41,"column":16}},"28":{"start":{"line":25,"column":6},"end":{"line":40,"column":7}},"29":{"start":{"line":26,"column":8},"end":{"line":39,"column":9}},"30":{"start":{"line":28,"column":12},"end":{"line":34,"column":13}},"31":{"start":{"line":29,"column":14},"end":{"line":29,"column":72}},"32":{"start":{"line":31,"column":14},"end":{"line":33,"column":17}},"33":{"start":{"line":38,"column":12},"end":{"line":38,"column":35}},"34":{"start":{"line":44,"column":2},"end":{"line":46,"column":4}},"35":{"start":{"line":45,"column":4},"end":{"line":45,"column":39}},"36":{"start":{"line":48,"column":0},"end":{"line":48,"column":24}}},"fnMap":{"0":{"name":"asyncGeneratorStep","decl":{"start":{"line":5,"column":9},"end":{"line":5,"column":27}},"loc":{"start":{"line":5,"column":75},"end":{"line":5,"column":265}},"line":5},"1":{"name":"_asyncToGenerator","decl":{"start":{"line":7,"column":9},"end":{"line":7,"column":26}},"loc":{"start":{"line":7,"column":31},"end":{"line":7,"column":389}},"line":7},"2":{"name":"(anonymous_2)","decl":{"start":{"line":7,"column":40},"end":{"line":7,"column":41}},"loc":{"start":{"line":7,"column":52},"end":{"line":7,"column":386}},"line":7},"3":{"name":"(anonymous_3)","decl":{"start":{"line":7,"column":108},"end":{"line":7,"column":109}},"loc":{"start":{"line":7,"column":135},"end":{"line":7,"column":382}},"line":7},"4":{"name":"_next","decl":{"start":{"line":7,"column":178},"end":{"line":7,"column":183}},"loc":{"start":{"line":7,"column":191},"end":{"line":7,"column":266}},"line":7},"5":{"name":"_throw","decl":{"start":{"line":7,"column":276},"end":{"line":7,"column":282}},"loc":{"start":{"line":7,"column":288},"end":{"line":7,"column":362}},"line":7},"6":{"name":"(anonymous_6)","decl":{"start":{"line":22,"column":29},"end":{"line":22,"column":30}},"loc":{"start":{"line":22,"column":41},"end":{"line":47,"column":1}},"line":22},"7":{"name":"_callee","decl":{"start":{"line":23,"column":78},"end":{"line":23,"column":85}},"loc":{"start":{"line":23,"column":96},"end":{"line":42,"column":3}},"line":23},"8":{"name":"_callee$","decl":{"start":{"line":24,"column":44},"end":{"line":24,"column":52}},"loc":{"start":{"line":24,"column":63},"end":{"line":41,"column":5}},"line":24},"9":{"name":"(anonymous_9)","decl":{"start":{"line":44,"column":9},"end":{"line":44,"column":10}},"loc":{"start":{"line":44,"column":28},"end":{"line":46,"column":3}},"line":44}},"branchMap":{"0":{"loc":{"start":{"line":5,"column":176},"end":{"line":5,"column":263}},"type":"if","locations":[{"start":{"line":5,"column":176},"end":{"line":5,"column":263}},{"start":{"line":5,"column":176},"end":{"line":5,"column":263}}],"line":5},"1":{"loc":{"start":{"line":26,"column":8},"end":{"line":39,"column":9}},"type":"switch","locations":[{"start":{"line":27,"column":10},"end":{"line":34,"column":13}},{"start":{"line":36,"column":10},"end":{"line":36,"column":17}},{"start":{"line":37,"column":10},"end":{"line":38,"column":35}}],"line":26}},"s":{"0":1,"1":0,"2":0,"3":0,"4":0,"5":0,"6":0,"7":0,"8":0,"9":1,"10":0,"11":0,"12":0,"13":0,"14":0,"15":0,"16":0,"17":1,"18":1,"19":1,"20":1,"21":1,"22":1,"23":1,"24":1,"25":1,"26":1,"27":0,"28":0,"29":0,"30":0,"31":0,"32":0,"33":0,"34":1,"35":0,"36":1},"f":{"0":0,"1":1,"2":0,"3":0,"4":0,"5":0,"6":1,"7":0,"8":0,"9":0},"b":{"0":[0,0],"1":[0,0,0]},"inputSourceMap":{"version":3,"sources":["api.js"],"names":["express","require","validateLike","Like","Article","router","Router","validateMiddleWare","get","req","res","status","send","error","sendStatus","module","exports"],"mappings":";;AAOA;;;;;;AAPA,IAAMA,OAAO,GAAGC,OAAO,CAAC,SAAD,CAAvB;;AACA,eAA6BA,OAAO,CAAC,gBAAD,CAApC;AAAA,IAAOC,YAAP,YAAOA,YAAP;AAAA,IAAoBC,IAApB,YAAoBA,IAApB;;AACA,gBAAmBF,OAAO,CAAC,gBAAD,CAA1B;AAAA,IAAOG,OAAP,aAAOA,OAAP;;AAEA,IAAMC,MAAM,GAAGL,OAAO,CAACM,MAAR,EAAf;;AACA,IAAMC,kBAAkB,GAAGN,OAAO,CAAC,mCAAD,CAAlC;;AAMAI,MAAM,CAACG,GAAP,CAAW,GAAX;AAAA,qEAAiB,iBAAMC,GAAN,EAAUC,GAAV;AAAA;AAAA;AAAA;AAAA;AACb,gBAAI;AACAA,cAAAA,GAAG,CAACC,MAAJ,CAAW,GAAX,EAAgBC,IAAhB,CAAqB,mCAArB;AACH,aAFD,CAEE,OAAOC,KAAP,EAAa;AACXH,cAAAA,GAAG,CAACI,UAAJ,CAAe,GAAf,EAAoBF,IAApB,CAAyB;AAACC,gBAAAA,KAAK,EAAC;AAAP,eAAzB;AACH;;AALY;AAAA;AAAA;AAAA;AAAA;AAAA;AAAA,GAAjB;;AAAA;AAAA;AAAA;AAAA;AASAE,MAAM,CAACC,OAAP,GAAiBX,MAAjB","sourceRoot":"C:\\Users\\Administrator\\Documents\\Rukundo Kevin\\My-Blog\\src\\routes\\","sourcesContent":["const express = require(\"express\");\r\nconst {validateLike,Like } = require(\"../models/Like\");\r\nconst {Article } = require(\"../models/Like\");\r\n\r\nconst router = express.Router();\r\nconst validateMiddleWare = require('../middlewares/validateMiddleware')\r\n\r\nimport { verifyToken } from \"../controllers/verifyToken\";\r\n\r\n\r\n\r\nrouter.get(\"/\",  async(req,res)=>{\r\n    try {\r\n        res.status(200).send(\"<h1> Welcome to my blog api </h1>\");\r\n    } catch (error){\r\n        res.sendStatus(500).send({error:\"Problem with request\"})\r\n    }\r\n})\r\n\r\n\r\nmodule.exports = router;"]},"_coverageSchema":"1a1c01bbd47fc00a2c39e90264f33305004495a9","hash":"a1c1273435ec16431691d93109742022f4e16d09","contentHash":"b631c9b0f0cd39afafac761bc6085a3b8568267419dd70c8c138ae65f8b335c0"},"C:\\Users\\Administrator\\Documents\\Rukundo Kevin\\My-Blog\\src\\controllers\\verifyToken.js":{"path":"C:\\Users\\Administrator\\Documents\\Rukundo Kevin\\My-Blog\\src\\controllers\\verifyToken.js","statementMap":{"0":{"start":{"line":3,"column":0},"end":{"line":5,"column":3}},"1":{"start":{"line":6,"column":0},"end":{"line":6,"column":34}},"2":{"start":{"line":8,"column":16},"end":{"line":8,"column":47}},"3":{"start":{"line":10,"column":10},"end":{"line":10,"column":33}},"4":{"start":{"line":12,"column":13},"end":{"line":12,"column":30}},"5":{"start":{"line":16,"column":2},"end":{"line":28,"column":3}},"6":{"start":{"line":17,"column":23},"end":{"line":17,"column":48}},"7":{"start":{"line":18,"column":22},"end":{"line":18,"column":64}},"8":{"start":{"line":19,"column":4},"end":{"line":19,"column":57}},"9":{"start":{"line":19,"column":30},"end":{"line":19,"column":57}},"10":{"start":{"line":20,"column":4},"end":{"line":25,"column":7}},"11":{"start":{"line":22,"column":6},"end":{"line":22,"column":42}},"12":{"start":{"line":22,"column":15},"end":{"line":22,"column":42}},"13":{"start":{"line":23,"column":6},"end":{"line":23,"column":22}},"14":{"start":{"line":24,"column":6},"end":{"line":24,"column":13}},"15":{"start":{"line":27,"column":4},"end":{"line":27,"column":21}}},"fnMap":{"0":{"name":"verifyToken","decl":{"start":{"line":15,"column":9},"end":{"line":15,"column":20}},"loc":{"start":{"line":15,"column":37},"end":{"line":29,"column":1}},"line":15},"1":{"name":"(anonymous_1)","decl":{"start":{"line":20,"column":43},"end":{"line":20,"column":44}},"loc":{"start":{"line":20,"column":64},"end":{"line":25,"column":5}},"line":20}},"branchMap":{"0":{"loc":{"start":{"line":18,"column":22},"end":{"line":18,"column":64}},"type":"binary-expr","locations":[{"start":{"line":18,"column":22},"end":{"line":18,"column":34}},{"start":{"line":18,"column":38},"end":{"line":18,"column":64}}],"line":18},"1":{"loc":{"start":{"line":19,"column":4},"end":{"line":19,"column":57}},"type":"if","locations":[{"start":{"line":19,"column":4},"end":{"line":19,"column":57}},{"start":{"line":19,"column":4},"end":{"line":19,"column":57}}],"line":19},"2":{"loc":{"start":{"line":22,"column":6},"end":{"line":22,"column":42}},"type":"if","locations":[{"start":{"line":22,"column":6},"end":{"line":22,"column":42}},{"start":{"line":22,"column":6},"end":{"line":22,"column":42}}],"line":22}},"s":{"0":1,"1":1,"2":1,"3":1,"4":1,"5":4,"6":4,"7":4,"8":4,"9":0,"10":4,"11":4,"12":0,"13":4,"14":4,"15":0},"f":{"0":4,"1":4},"b":{"0":[4,4],"1":[0,4],"2":[0,4]},"inputSourceMap":{"version":3,"sources":["verifyToken.js"],"names":["jwt","require","config","verifyToken","req","res","next","bearerHeader","headers","authorization","bearerToken","split","sendStatus","verify","secret","err","user","console","log"],"mappings":";;;;;;;AAAA;;AAEA,IAAMA,GAAG,GAAGC,OAAO,CAAC,cAAD,CAAnB;;AACA,IAAMC,MAAM,GAAGD,OAAO,CAAC,QAAD,CAAtB,C,CAEA;;;AACA,SAASE,WAAT,CAAqBC,GAArB,EAA0BC,GAA1B,EAA+BC,IAA/B,EAAqC;AACnC,MAAG;AACD,QAAMC,YAAY,GAAGH,GAAG,CAACI,OAAJ,CAAYC,aAAjC;AACA,QAAMC,WAAW,GAAGH,YAAY,IAAIA,YAAY,CAACI,KAAb,CAAmB,GAAnB,EAAwB,CAAxB,CAApC;AACA,QAAIJ,YAAY,IAAI,IAApB,EAA0B,OAAOF,GAAG,CAACO,UAAJ,CAAe,GAAf,CAAP;AAE1BZ,IAAAA,GAAG,CAACa,MAAJ,CAAWH,WAAX,EAAwBR,MAAM,CAACY,MAA/B,EAAuC,UAACC,GAAD,EAAKC,IAAL,EAAa;AAClD;AACE,UAAID,GAAJ,EAAS,OAAOV,GAAG,CAACO,UAAJ,CAAe,GAAf,CAAP;AACTR,MAAAA,GAAG,CAACY,IAAJ,GAAWA,IAAX;AACAV,MAAAA,IAAI;AACP,KALD;AAMD,GAXD,CAYA,OAAMS,GAAN,EAAU;AACRE,IAAAA,OAAO,CAACC,GAAR,CAAYH,GAAZ;AACD;AAEA","sourceRoot":"C:\\Users\\Administrator\\Documents\\Rukundo Kevin\\My-Blog\\src\\controllers\\","sourcesContent":["import { send } from \"express/lib/response\";\r\n\r\nconst jwt = require(\"jsonwebtoken\")\r\nconst config = require(\"config\");\r\n\r\n// Verify Token\r\nfunction verifyToken(req, res, next) {\r\n  try{\r\n    const bearerHeader = req.headers.authorization;\r\n    const bearerToken = bearerHeader && bearerHeader.split(' ')[1];\r\n    if (bearerHeader == null) return res.sendStatus(401);\r\n\r\n    jwt.verify(bearerToken, config.secret, (err,user) =>{\r\n      // console.log(err)\r\n        if (err) return res.sendStatus(403);\r\n        req.user = user;\r\n        next();\r\n    })\r\n  }\r\n  catch(err){\r\n    console.log(err)\r\n  }\r\n  \r\n  }\r\nexport{ verifyToken }"]},"_coverageSchema":"1a1c01bbd47fc00a2c39e90264f33305004495a9","hash":"54ca5b03366631c7651728814eef4b58f02fcc8a","contentHash":"035a256e25343ea9b04dc195e88c9ef9d5831bee03fbda822c8acf3958ef3af4"},"C:\\Users\\Administrator\\Documents\\Rukundo Kevin\\My-Blog\\src\\models\\Like.js":{"path":"C:\\Users\\Administrator\\Documents\\Rukundo Kevin\\My-Blog\\src\\models\\Like.js","statementMap":{"0":{"start":{"line":3,"column":15},"end":{"line":3,"column":34}},"1":{"start":{"line":5,"column":10},"end":{"line":5,"column":30}},"2":{"start":{"line":7,"column":13},"end":{"line":18,"column":2}},"3":{"start":{"line":19,"column":11},"end":{"line":19,"column":41}},"4":{"start":{"line":21,"column":19},"end":{"line":26,"column":1}},"5":{"start":{"line":22,"column":15},"end":{"line":24,"column":4}},"6":{"start":{"line":25,"column":2},"end":{"line":25,"column":31}},"7":{"start":{"line":28,"column":0},"end":{"line":31,"column":2}}},"fnMap":{"0":{"name":"validateLike","decl":{"start":{"line":21,"column":28},"end":{"line":21,"column":40}},"loc":{"start":{"line":21,"column":47},"end":{"line":26,"column":1}},"line":21}},"branchMap":{},"s":{"0":1,"1":1,"2":1,"3":1,"4":1,"5":1,"6":1,"7":1},"f":{"0":1},"b":{},"inputSourceMap":{"version":3,"sources":["Like.js"],"names":["mongoose","require","Joi","schema","Schema","articleId","type","String","required","userId","versionKey","Like","model","validateLike","like","object","string","validate","module","exports"],"mappings":";;AAAA,IAAMA,QAAQ,GAAGC,OAAO,CAAC,UAAD,CAAxB;;AACA,IAAMC,GAAG,GAAGD,OAAO,CAAC,WAAD,CAAnB;;AAEC,IAAME,MAAM,GAAG,IAAIH,QAAQ,CAACI,MAAb,CAAoB;AAC/BC,EAAAA,SAAS,EAAC;AAACC,IAAAA,IAAI,EAACC,MAAN;AAAcC,IAAAA,QAAQ,EAAC;AAAvB,GADqB;AAE/BC,EAAAA,MAAM,EAAC;AAACH,IAAAA,IAAI,EAAEC,MAAP;AAAgBC,IAAAA,QAAQ,EAAE;AAA1B;AAFwB,CAApB,EAGb;AACEE,EAAAA,UAAU,EAAC;AADb,CAHa,CAAf;AAQD,IAAMC,IAAI,GAAGX,QAAQ,CAACY,KAAT,CAAe,MAAf,EAAsBT,MAAtB,CAAb;;AAEA,IAAMU,YAAY,GAAG,SAAfA,YAAe,CAACC,IAAD,EAAU;AAC7B,MAAMX,MAAM,GAAGD,GAAG,CAACa,MAAJ,CAAW;AACtBV,IAAAA,SAAS,EAACH,GAAG,CAACc,MAAJ,GAAaR,QAAb;AADY,GAAX,CAAf;AAGA,SAAOL,MAAM,CAACc,QAAP,CAAgBH,IAAhB,CAAP;AACD,CALD;;AAOAI,MAAM,CAACC,OAAP,GAAiB;AACfR,EAAAA,IAAI,EAAJA,IADe;AAEfE,EAAAA,YAAY,EAAZA;AAFe,CAAjB","sourceRoot":"C:\\Users\\Administrator\\Documents\\Rukundo Kevin\\My-Blog\\src\\models\\","sourcesContent":["const mongoose = require(\"mongoose\");\r\nconst Joi = require('@hapi/joi')\r\n\r\n const schema = new mongoose.Schema({\r\n     articleId:{type:String, required:true},\r\n     userId:{type: String , required: true},     \r\n },{\r\n     versionKey:false\r\n })\r\n\r\n\r\nconst Like = mongoose.model(\"Like\",schema);\r\n\r\nconst validateLike = (like) => {\r\n  const schema = Joi.object({\r\n      articleId:Joi.string().required(),\r\n  })\r\n  return schema.validate(like)\r\n}\r\n\r\nmodule.exports = {\r\n  Like,\r\n  validateLike,\r\n}"]},"_coverageSchema":"1a1c01bbd47fc00a2c39e90264f33305004495a9","hash":"a02c14cbb15d5953524ef1639661a65822afa6cd","contentHash":"9f946b82d8f93133d64bf3d07b4f26f9f6ac9a98925a862e4c5256e355089f77"},"C:\\Users\\Administrator\\Documents\\Rukundo Kevin\\My-Blog\\src\\middlewares\\validateMiddleware.js":{"path":"C:\\Users\\Administrator\\Documents\\Rukundo Kevin\\My-Blog\\src\\middlewares\\validateMiddleware.js","statementMap":{"0":{"start":{"line":4,"column":0},"end":{"line":15,"column":2}},"1":{"start":{"line":5,"column":2},"end":{"line":14,"column":4}},"2":{"start":{"line":6,"column":21},"end":{"line":6,"column":40}},"3":{"start":{"line":7,"column":16},"end":{"line":7,"column":32}},"4":{"start":{"line":9,"column":4},"end":{"line":11,"column":5}},"5":{"start":{"line":10,"column":6},"end":{"line":10,"column":60}},"6":{"start":{"line":13,"column":4},"end":{"line":13,"column":11}}},"fnMap":{"0":{"name":"(anonymous_0)","decl":{"start":{"line":4,"column":17},"end":{"line":4,"column":18}},"loc":{"start":{"line":4,"column":38},"end":{"line":15,"column":1}},"line":4},"1":{"name":"(anonymous_1)","decl":{"start":{"line":5,"column":9},"end":{"line":5,"column":10}},"loc":{"start":{"line":5,"column":35},"end":{"line":14,"column":3}},"line":5}},"branchMap":{"0":{"loc":{"start":{"line":9,"column":4},"end":{"line":11,"column":5}},"type":"if","locations":[{"start":{"line":9,"column":4},"end":{"line":11,"column":5}},{"start":{"line":9,"column":4},"end":{"line":11,"column":5}}],"line":9}},"s":{"0":1,"1":8,"2":6,"3":6,"4":6,"5":1,"6":5},"f":{"0":8,"1":6},"b":{"0":[1,5]},"inputSourceMap":{"version":3,"sources":["validateMiddleware.js"],"names":["module","exports","validator","req","res","next","body","error","status","send","details","message"],"mappings":";;AAAA;AACAA,MAAM,CAACC,OAAP,GAAiB,UAACC,SAAD,EAAe;AAC5B,SAAO,UAACC,GAAD,EAAMC,GAAN,EAAWC,IAAX,EAAoB;AACzB,qBAAkBH,SAAS,CAACC,GAAG,CAACG,IAAL,CAA3B;AAAA,QAAQC,KAAR,cAAQA,KAAR;;AACA,QAAIA,KAAJ,EAAW;AACT,aAAOH,GAAG,CAACI,MAAJ,CAAW,GAAX,EAAgBC,IAAhB,CAAqBF,KAAK,CAACG,OAAN,CAAc,CAAd,EAAiBC,OAAtC,CAAP;AACD;;AACDN,IAAAA,IAAI;AACL,GAND;AAOD,CARH","sourceRoot":"C:\\Users\\Administrator\\Documents\\Rukundo Kevin\\My-Blog\\src\\middlewares\\","sourcesContent":["// validateMiddleware\r\nmodule.exports = (validator) => {\r\n    return (req, res, next) => {\r\n      const { error } = validator(req.body)\r\n      if (error) {\r\n        return res.status(400).send(error.details[0].message)\r\n      }\r\n      next()\r\n    }\r\n  }"]},"_coverageSchema":"1a1c01bbd47fc00a2c39e90264f33305004495a9","hash":"c7cb101f3809408a6d8ce857260615835275501f","contentHash":"6a9005e049fe379e9ac7331a7dfd7b72a259bdbf8c9d7110c2686199b1637edb"},"C:\\Users\\Administrator\\Documents\\Rukundo Kevin\\My-Blog\\src\\routes\\article.js":{"path":"C:\\Users\\Administrator\\Documents\\Rukundo Kevin\\My-Blog\\src\\routes\\article.js","statementMap":{"0":{"start":{"line":3,"column":19},"end":{"line":3,"column":56}},"1":{"start":{"line":5,"column":26},"end":{"line":5,"column":94}},"2":{"start":{"line":7,"column":39},"end":{"line":7,"column":95}},"3":{"start":{"line":9,"column":77},"end":{"line":9,"column":175}},"4":{"start":{"line":9,"column":94},"end":{"line":9,"column":107}},"5":{"start":{"line":9,"column":121},"end":{"line":9,"column":131}},"6":{"start":{"line":9,"column":151},"end":{"line":9,"column":165}},"7":{"start":{"line":9,"column":166},"end":{"line":9,"column":173}},"8":{"start":{"line":9,"column":176},"end":{"line":9,"column":263}},"9":{"start":{"line":9,"column":193},"end":{"line":9,"column":208}},"10":{"start":{"line":9,"column":218},"end":{"line":9,"column":261}},"11":{"start":{"line":11,"column":33},"end":{"line":11,"column":387}},"12":{"start":{"line":11,"column":65},"end":{"line":11,"column":69}},"13":{"start":{"line":11,"column":78},"end":{"line":11,"column":87}},"14":{"start":{"line":11,"column":89},"end":{"line":11,"column":384}},"15":{"start":{"line":11,"column":147},"end":{"line":11,"column":167}},"16":{"start":{"line":11,"column":193},"end":{"line":11,"column":264}},"17":{"start":{"line":11,"column":290},"end":{"line":11,"column":360}},"18":{"start":{"line":11,"column":363},"end":{"line":11,"column":380}},"19":{"start":{"line":13,"column":14},"end":{"line":13,"column":32}},"20":{"start":{"line":15,"column":15},"end":{"line":15,"column":43}},"21":{"start":{"line":16,"column":22},"end":{"line":16,"column":46}},"22":{"start":{"line":17,"column":14},"end":{"line":17,"column":30}},"23":{"start":{"line":19,"column":13},"end":{"line":19,"column":29}},"24":{"start":{"line":21,"column":25},"end":{"line":21,"column":69}},"25":{"start":{"line":61,"column":0},"end":{"line":96,"column":5}},"26":{"start":{"line":62,"column":13},"end":{"line":91,"column":5}},"27":{"start":{"line":64,"column":4},"end":{"line":90,"column":32}},"28":{"start":{"line":65,"column":6},"end":{"line":89,"column":7}},"29":{"start":{"line":66,"column":8},"end":{"line":88,"column":9}},"30":{"start":{"line":68,"column":12},"end":{"line":68,"column":30}},"31":{"start":{"line":69,"column":12},"end":{"line":69,"column":30}},"32":{"start":{"line":70,"column":12},"end":{"line":70,"column":36}},"33":{"start":{"line":73,"column":12},"end":{"line":73,"column":37}},"34":{"start":{"line":74,"column":12},"end":{"line":74,"column":43}},"35":{"start":{"line":75,"column":12},"end":{"line":75,"column":31}},"36":{"start":{"line":76,"column":12},"end":{"line":76,"column":18}},"37":{"start":{"line":79,"column":12},"end":{"line":79,"column":30}},"38":{"start":{"line":80,"column":12},"end":{"line":80,"column":47}},"39":{"start":{"line":81,"column":12},"end":{"line":83,"column":15}},"40":{"start":{"line":87,"column":12},"end":{"line":87,"column":35}},"41":{"start":{"line":93,"column":2},"end":{"line":95,"column":4}},"42":{"start":{"line":94,"column":4},"end":{"line":94,"column":39}},"43":{"start":{"line":122,"column":0},"end":{"line":159,"column":5}},"44":{"start":{"line":123,"column":14},"end":{"line":154,"column":5}},"45":{"start":{"line":125,"column":4},"end":{"line":153,"column":33}},"46":{"start":{"line":126,"column":6},"end":{"line":152,"column":7}},"47":{"start":{"line":127,"column":8},"end":{"line":151,"column":9}},"48":{"start":{"line":129,"column":12},"end":{"line":129,"column":31}},"49":{"start":{"line":130,"column":12},"end":{"line":130,"column":31}},"50":{"start":{"line":131,"column":12},"end":{"line":133,"column":15}},"51":{"start":{"line":136,"column":12},"end":{"line":136,"column":37}},"52":{"start":{"line":137,"column":12},"end":{"line":137,"column":42}},"53":{"start":{"line":138,"column":12},"end":{"line":138,"column":32}},"54":{"start":{"line":139,"column":12},"end":{"line":139,"column":18}},"55":{"start":{"line":142,"column":12},"end":{"line":142,"column":31}},"56":{"start":{"line":143,"column":12},"end":{"line":143,"column":49}},"57":{"start":{"line":144,"column":12},"end":{"line":146,"column":15}},"58":{"start":{"line":150,"column":12},"end":{"line":150,"column":36}},"59":{"start":{"line":156,"column":2},"end":{"line":158,"column":4}},"60":{"start":{"line":157,"column":4},"end":{"line":157,"column":40}},"61":{"start":{"line":187,"column":0},"end":{"line":233,"column":5}},"62":{"start":{"line":188,"column":14},"end":{"line":228,"column":5}},"63":{"start":{"line":190,"column":4},"end":{"line":227,"column":33}},"64":{"start":{"line":191,"column":6},"end":{"line":226,"column":7}},"65":{"start":{"line":192,"column":8},"end":{"line":225,"column":9}},"66":{"start":{"line":194,"column":12},"end":{"line":194,"column":31}},"67":{"start":{"line":195,"column":12},"end":{"line":195,"column":31}},"68":{"start":{"line":196,"column":12},"end":{"line":201,"column":15}},"69":{"start":{"line":204,"column":12},"end":{"line":204,"column":40}},"70":{"start":{"line":205,"column":12},"end":{"line":205,"column":31}},"71":{"start":{"line":206,"column":12},"end":{"line":206,"column":37}},"72":{"start":{"line":209,"column":12},"end":{"line":211,"column":15}},"73":{"start":{"line":212,"column":12},"end":{"line":212,"column":32}},"74":{"start":{"line":213,"column":12},"end":{"line":213,"column":18}},"75":{"start":{"line":216,"column":12},"end":{"line":216,"column":31}},"76":{"start":{"line":217,"column":12},"end":{"line":217,"column":49}},"77":{"start":{"line":218,"column":12},"end":{"line":220,"column":15}},"78":{"start":{"line":224,"column":12},"end":{"line":224,"column":36}},"79":{"start":{"line":230,"column":2},"end":{"line":232,"column":4}},"80":{"start":{"line":231,"column":4},"end":{"line":231,"column":40}},"81":{"start":{"line":259,"column":0},"end":{"line":319,"column":5}},"82":{"start":{"line":260,"column":14},"end":{"line":314,"column":5}},"83":{"start":{"line":262,"column":4},"end":{"line":313,"column":34}},"84":{"start":{"line":263,"column":6},"end":{"line":312,"column":7}},"85":{"start":{"line":264,"column":8},"end":{"line":311,"column":9}},"86":{"start":{"line":266,"column":12},"end":{"line":266,"column":31}},"87":{"start":{"line":267,"column":12},"end":{"line":267,"column":31}},"88":{"start":{"line":268,"column":12},"end":{"line":270,"column":15}},"89":{"start":{"line":273,"column":12},"end":{"line":273,"column":41}},"90":{"start":{"line":275,"column":12},"end":{"line":278,"column":13}},"91":{"start":{"line":276,"column":14},"end":{"line":276,"column":34}},"92":{"start":{"line":277,"column":14},"end":{"line":277,"column":20}},"93":{"start":{"line":280,"column":12},"end":{"line":280,"column":31}},"94":{"start":{"line":281,"column":12},"end":{"line":283,"column":15}},"95":{"start":{"line":286,"column":12},"end":{"line":288,"column":15}},"96":{"start":{"line":289,"column":12},"end":{"line":289,"column":32}},"97":{"start":{"line":290,"column":12},"end":{"line":290,"column":18}},"98":{"start":{"line":293,"column":12},"end":{"line":295,"column":15}},"99":{"start":{"line":298,"column":12},"end":{"line":298,"column":32}},"100":{"start":{"line":299,"column":12},"end":{"line":299,"column":18}},"101":{"start":{"line":302,"column":12},"end":{"line":302,"column":32}},"102":{"start":{"line":303,"column":12},"end":{"line":303,"column":49}},"103":{"start":{"line":304,"column":12},"end":{"line":306,"column":15}},"104":{"start":{"line":310,"column":12},"end":{"line":310,"column":36}},"105":{"start":{"line":316,"column":2},"end":{"line":318,"column":4}},"106":{"start":{"line":317,"column":4},"end":{"line":317,"column":40}},"107":{"start":{"line":320,"column":0},"end":{"line":396,"column":5}},"108":{"start":{"line":321,"column":14},"end":{"line":391,"column":5}},"109":{"start":{"line":323,"column":4},"end":{"line":390,"column":34}},"110":{"start":{"line":324,"column":6},"end":{"line":389,"column":7}},"111":{"start":{"line":325,"column":8},"end":{"line":388,"column":9}},"112":{"start":{"line":327,"column":12},"end":{"line":327,"column":31}},"113":{"start":{"line":328,"column":12},"end":{"line":328,"column":31}},"114":{"start":{"line":329,"column":12},"end":{"line":331,"column":15}},"115":{"start":{"line":334,"column":12},"end":{"line":334,"column":41}},"116":{"start":{"line":336,"column":12},"end":{"line":339,"column":13}},"117":{"start":{"line":337,"column":14},"end":{"line":337,"column":34}},"118":{"start":{"line":338,"column":14},"end":{"line":338,"column":20}},"119":{"start":{"line":341,"column":12},"end":{"line":341,"column":31}},"120":{"start":{"line":342,"column":12},"end":{"line":344,"column":15}},"121":{"start":{"line":347,"column":12},"end":{"line":347,"column":37}},"122":{"start":{"line":349,"column":12},"end":{"line":351,"column":13}},"123":{"start":{"line":350,"column":14},"end":{"line":350,"column":49}},"124":{"start":{"line":353,"column":12},"end":{"line":355,"column":13}},"125":{"start":{"line":354,"column":14},"end":{"line":354,"column":49}},"126":{"start":{"line":357,"column":12},"end":{"line":359,"column":13}},"127":{"start":{"line":358,"column":14},"end":{"line":358,"column":49}},"128":{"start":{"line":361,"column":12},"end":{"line":361,"column":32}},"129":{"start":{"line":362,"column":12},"end":{"line":362,"column":34}},"130":{"start":{"line":365,"column":12},"end":{"line":365,"column":42}},"131":{"start":{"line":366,"column":12},"end":{"line":366,"column":32}},"132":{"start":{"line":367,"column":12},"end":{"line":367,"column":18}},"133":{"start":{"line":370,"column":12},"end":{"line":372,"column":15}},"134":{"start":{"line":375,"column":12},"end":{"line":375,"column":32}},"135":{"start":{"line":376,"column":12},"end":{"line":376,"column":18}},"136":{"start":{"line":379,"column":12},"end":{"line":379,"column":32}},"137":{"start":{"line":380,"column":12},"end":{"line":380,"column":49}},"138":{"start":{"line":381,"column":12},"end":{"line":383,"column":15}},"139":{"start":{"line":387,"column":12},"end":{"line":387,"column":36}},"140":{"start":{"line":393,"column":2},"end":{"line":395,"column":4}},"141":{"start":{"line":394,"column":4},"end":{"line":394,"column":40}},"142":{"start":{"line":397,"column":0},"end":{"line":397,"column":24}}},"fnMap":{"0":{"name":"_interopRequireDefault","decl":{"start":{"line":7,"column":9},"end":{"line":7,"column":31}},"loc":{"start":{"line":7,"column":37},"end":{"line":7,"column":97}},"line":7},"1":{"name":"asyncGeneratorStep","decl":{"start":{"line":9,"column":9},"end":{"line":9,"column":27}},"loc":{"start":{"line":9,"column":75},"end":{"line":9,"column":265}},"line":9},"2":{"name":"_asyncToGenerator","decl":{"start":{"line":11,"column":9},"end":{"line":11,"column":26}},"loc":{"start":{"line":11,"column":31},"end":{"line":11,"column":389}},"line":11},"3":{"name":"(anonymous_3)","decl":{"start":{"line":11,"column":40},"end":{"line":11,"column":41}},"loc":{"start":{"line":11,"column":52},"end":{"line":11,"column":386}},"line":11},"4":{"name":"(anonymous_4)","decl":{"start":{"line":11,"column":108},"end":{"line":11,"column":109}},"loc":{"start":{"line":11,"column":135},"end":{"line":11,"column":382}},"line":11},"5":{"name":"_next","decl":{"start":{"line":11,"column":178},"end":{"line":11,"column":183}},"loc":{"start":{"line":11,"column":191},"end":{"line":11,"column":266}},"line":11},"6":{"name":"_throw","decl":{"start":{"line":11,"column":276},"end":{"line":11,"column":282}},"loc":{"start":{"line":11,"column":288},"end":{"line":11,"column":362}},"line":11},"7":{"name":"(anonymous_7)","decl":{"start":{"line":61,"column":29},"end":{"line":61,"column":30}},"loc":{"start":{"line":61,"column":41},"end":{"line":96,"column":1}},"line":61},"8":{"name":"_callee","decl":{"start":{"line":62,"column":78},"end":{"line":62,"column":85}},"loc":{"start":{"line":62,"column":96},"end":{"line":91,"column":3}},"line":62},"9":{"name":"_callee$","decl":{"start":{"line":64,"column":44},"end":{"line":64,"column":52}},"loc":{"start":{"line":64,"column":63},"end":{"line":90,"column":5}},"line":64},"10":{"name":"(anonymous_10)","decl":{"start":{"line":93,"column":9},"end":{"line":93,"column":10}},"loc":{"start":{"line":93,"column":28},"end":{"line":95,"column":3}},"line":93},"11":{"name":"(anonymous_11)","decl":{"start":{"line":122,"column":32},"end":{"line":122,"column":33}},"loc":{"start":{"line":122,"column":44},"end":{"line":159,"column":1}},"line":122},"12":{"name":"_callee2","decl":{"start":{"line":123,"column":79},"end":{"line":123,"column":87}},"loc":{"start":{"line":123,"column":98},"end":{"line":154,"column":3}},"line":123},"13":{"name":"_callee2$","decl":{"start":{"line":125,"column":44},"end":{"line":125,"column":53}},"loc":{"start":{"line":125,"column":65},"end":{"line":153,"column":5}},"line":125},"14":{"name":"(anonymous_14)","decl":{"start":{"line":156,"column":9},"end":{"line":156,"column":10}},"loc":{"start":{"line":156,"column":29},"end":{"line":158,"column":3}},"line":156},"15":{"name":"(anonymous_15)","decl":{"start":{"line":187,"column":110},"end":{"line":187,"column":111}},"loc":{"start":{"line":187,"column":122},"end":{"line":233,"column":1}},"line":187},"16":{"name":"_callee3","decl":{"start":{"line":188,"column":79},"end":{"line":188,"column":87}},"loc":{"start":{"line":188,"column":98},"end":{"line":228,"column":3}},"line":188},"17":{"name":"_callee3$","decl":{"start":{"line":190,"column":44},"end":{"line":190,"column":53}},"loc":{"start":{"line":190,"column":65},"end":{"line":227,"column":5}},"line":190},"18":{"name":"(anonymous_18)","decl":{"start":{"line":230,"column":9},"end":{"line":230,"column":10}},"loc":{"start":{"line":230,"column":29},"end":{"line":232,"column":3}},"line":230},"19":{"name":"(anonymous_19)","decl":{"start":{"line":259,"column":64},"end":{"line":259,"column":65}},"loc":{"start":{"line":259,"column":76},"end":{"line":319,"column":1}},"line":259},"20":{"name":"_callee4","decl":{"start":{"line":260,"column":79},"end":{"line":260,"column":87}},"loc":{"start":{"line":260,"column":98},"end":{"line":314,"column":3}},"line":260},"21":{"name":"_callee4$","decl":{"start":{"line":262,"column":44},"end":{"line":262,"column":53}},"loc":{"start":{"line":262,"column":65},"end":{"line":313,"column":5}},"line":262},"22":{"name":"(anonymous_22)","decl":{"start":{"line":316,"column":9},"end":{"line":316,"column":10}},"loc":{"start":{"line":316,"column":29},"end":{"line":318,"column":3}},"line":316},"23":{"name":"(anonymous_23)","decl":{"start":{"line":320,"column":69},"end":{"line":320,"column":70}},"loc":{"start":{"line":320,"column":81},"end":{"line":396,"column":1}},"line":320},"24":{"name":"_callee5","decl":{"start":{"line":321,"column":79},"end":{"line":321,"column":87}},"loc":{"start":{"line":321,"column":98},"end":{"line":391,"column":3}},"line":321},"25":{"name":"_callee5$","decl":{"start":{"line":323,"column":44},"end":{"line":323,"column":53}},"loc":{"start":{"line":323,"column":65},"end":{"line":390,"column":5}},"line":323},"26":{"name":"(anonymous_26)","decl":{"start":{"line":393,"column":9},"end":{"line":393,"column":10}},"loc":{"start":{"line":393,"column":30},"end":{"line":395,"column":3}},"line":393}},"branchMap":{"0":{"loc":{"start":{"line":7,"column":46},"end":{"line":7,"column":94}},"type":"cond-expr","locations":[{"start":{"line":7,"column":70},"end":{"line":7,"column":73}},{"start":{"line":7,"column":76},"end":{"line":7,"column":94}}],"line":7},"1":{"loc":{"start":{"line":7,"column":46},"end":{"line":7,"column":67}},"type":"binary-expr","locations":[{"start":{"line":7,"column":46},"end":{"line":7,"column":49}},{"start":{"line":7,"column":53},"end":{"line":7,"column":67}}],"line":7},"2":{"loc":{"start":{"line":9,"column":176},"end":{"line":9,"column":263}},"type":"if","locations":[{"start":{"line":9,"column":176},"end":{"line":9,"column":263}},{"start":{"line":9,"column":176},"end":{"line":9,"column":263}}],"line":9},"3":{"loc":{"start":{"line":66,"column":8},"end":{"line":88,"column":9}},"type":"switch","locations":[{"start":{"line":67,"column":10},"end":{"line":70,"column":36}},{"start":{"line":72,"column":10},"end":{"line":76,"column":18}},{"start":{"line":78,"column":10},"end":{"line":83,"column":15}},{"start":{"line":85,"column":10},"end":{"line":85,"column":18}},{"start":{"line":86,"column":10},"end":{"line":87,"column":35}}],"line":66},"4":{"loc":{"start":{"line":127,"column":8},"end":{"line":151,"column":9}},"type":"switch","locations":[{"start":{"line":128,"column":10},"end":{"line":133,"column":15}},{"start":{"line":135,"column":10},"end":{"line":139,"column":18}},{"start":{"line":141,"column":10},"end":{"line":146,"column":15}},{"start":{"line":148,"column":10},"end":{"line":148,"column":18}},{"start":{"line":149,"column":10},"end":{"line":150,"column":36}}],"line":127},"5":{"loc":{"start":{"line":192,"column":8},"end":{"line":225,"column":9}},"type":"switch","locations":[{"start":{"line":193,"column":10},"end":{"line":201,"column":15}},{"start":{"line":203,"column":10},"end":{"line":206,"column":37}},{"start":{"line":208,"column":10},"end":{"line":213,"column":18}},{"start":{"line":215,"column":10},"end":{"line":220,"column":15}},{"start":{"line":222,"column":10},"end":{"line":222,"column":18}},{"start":{"line":223,"column":10},"end":{"line":224,"column":36}}],"line":192},"6":{"loc":{"start":{"line":264,"column":8},"end":{"line":311,"column":9}},"type":"switch","locations":[{"start":{"line":265,"column":10},"end":{"line":270,"column":15}},{"start":{"line":272,"column":10},"end":{"line":283,"column":15}},{"start":{"line":285,"column":10},"end":{"line":290,"column":18}},{"start":{"line":292,"column":10},"end":{"line":295,"column":15}},{"start":{"line":297,"column":10},"end":{"line":299,"column":18}},{"start":{"line":301,"column":10},"end":{"line":306,"column":15}},{"start":{"line":308,"column":10},"end":{"line":308,"column":18}},{"start":{"line":309,"column":10},"end":{"line":310,"column":36}}],"line":264},"7":{"loc":{"start":{"line":275,"column":12},"end":{"line":278,"column":13}},"type":"if","locations":[{"start":{"line":275,"column":12},"end":{"line":278,"column":13}},{"start":{"line":275,"column":12},"end":{"line":278,"column":13}}],"line":275},"8":{"loc":{"start":{"line":325,"column":8},"end":{"line":388,"column":9}},"type":"switch","locations":[{"start":{"line":326,"column":10},"end":{"line":331,"column":15}},{"start":{"line":333,"column":10},"end":{"line":344,"column":15}},{"start":{"line":346,"column":10},"end":{"line":362,"column":34}},{"start":{"line":364,"column":10},"end":{"line":367,"column":18}},{"start":{"line":369,"column":10},"end":{"line":372,"column":15}},{"start":{"line":374,"column":10},"end":{"line":376,"column":18}},{"start":{"line":378,"column":10},"end":{"line":383,"column":15}},{"start":{"line":385,"column":10},"end":{"line":385,"column":18}},{"start":{"line":386,"column":10},"end":{"line":387,"column":36}}],"line":325},"9":{"loc":{"start":{"line":336,"column":12},"end":{"line":339,"column":13}},"type":"if","locations":[{"start":{"line":336,"column":12},"end":{"line":339,"column":13}},{"start":{"line":336,"column":12},"end":{"line":339,"column":13}}],"line":336},"10":{"loc":{"start":{"line":349,"column":12},"end":{"line":351,"column":13}},"type":"if","locations":[{"start":{"line":349,"column":12},"end":{"line":351,"column":13}},{"start":{"line":349,"column":12},"end":{"line":351,"column":13}}],"line":349},"11":{"loc":{"start":{"line":353,"column":12},"end":{"line":355,"column":13}},"type":"if","locations":[{"start":{"line":353,"column":12},"end":{"line":355,"column":13}},{"start":{"line":353,"column":12},"end":{"line":355,"column":13}}],"line":353},"12":{"loc":{"start":{"line":357,"column":12},"end":{"line":359,"column":13}},"type":"if","locations":[{"start":{"line":357,"column":12},"end":{"line":359,"column":13}},{"start":{"line":357,"column":12},"end":{"line":359,"column":13}}],"line":357}},"s":{"0":1,"1":1,"2":1,"3":7,"4":7,"5":7,"6":0,"7":0,"8":7,"9":3,"10":4,"11":5,"12":3,"13":3,"14":3,"15":3,"16":7,"17":0,"18":3,"19":1,"20":1,"21":1,"22":1,"23":1,"24":1,"25":1,"26":1,"27":1,"28":2,"29":3,"30":1,"31":1,"32":1,"33":1,"34":1,"35":1,"36":1,"37":0,"38":0,"39":0,"40":1,"41":1,"42":1,"43":1,"44":1,"45":1,"46":2,"47":3,"48":1,"49":1,"50":1,"51":1,"52":1,"53":1,"54":1,"55":0,"56":0,"57":0,"58":1,"59":1,"60":1,"61":1,"62":1,"63":1,"64":3,"65":4,"66":1,"67":1,"68":1,"69":1,"70":1,"71":1,"72":1,"73":1,"74":1,"75":0,"76":0,"77":0,"78":1,"79":1,"80":1,"81":1,"82":1,"83":0,"84":0,"85":0,"86":0,"87":0,"88":0,"89":0,"90":0,"91":0,"92":0,"93":0,"94":0,"95":0,"96":0,"97":0,"98":0,"99":0,"100":0,"101":0,"102":0,"103":0,"104":0,"105":1,"106":0,"107":1,"108":1,"109":0,"110":0,"111":0,"112":0,"113":0,"114":0,"115":0,"116":0,"117":0,"118":0,"119":0,"120":0,"121":0,"122":0,"123":0,"124":0,"125":0,"126":0,"127":0,"128":0,"129":0,"130":0,"131":0,"132":0,"133":0,"134":0,"135":0,"136":0,"137":0,"138":0,"139":0,"140":1,"141":0,"142":1},"f":{"0":1,"1":7,"2":5,"3":3,"4":3,"5":7,"6":0,"7":1,"8":1,"9":2,"10":1,"11":1,"12":1,"13":2,"14":1,"15":1,"16":1,"17":3,"18":1,"19":1,"20":0,"21":0,"22":0,"23":1,"24":0,"25":0,"26":0},"b":{"0":[0,1],"1":[1,1],"2":[3,4],"3":[1,1,0,1,1],"4":[1,1,0,1,1],"5":[1,1,1,0,1,1],"6":[0,0,0,0,0,0,0,0],"7":[0,0],"8":[0,0,0,0,0,0,0,0,0],"9":[0,0],"10":[0,0],"11":[0,0],"12":[0,0]},"inputSourceMap":{"version":3,"sources":["article.js"],"names":["express","require","validateArticle","Article","router","Router","validateMiddleWare","get","req","res","find","articles","status","send","error","findOne","_id","params","id","article","post","verifyToken","heading","body","content","userId","user","image","newArticle","save","Message","articleUser","deleteOne","put","module","exports"],"mappings":";;AAKA;;AACA;;;;;;;;AANA,IAAMA,OAAO,GAAGC,OAAO,CAAC,SAAD,CAAvB;;AACA,eAAoCA,OAAO,CAAC,mBAAD,CAA3C;AAAA,IAAOC,eAAP,YAAOA,eAAP;AAAA,IAAwBC,OAAxB,YAAwBA,OAAxB;;AACA,IAAMC,MAAM,GAAGJ,OAAO,CAACK,MAAR,EAAf;;AACA,IAAMC,kBAAkB,GAAGL,OAAO,CAAC,mCAAD,CAAlC;;AAKA;AACA;AACA;AACA;AACA;AACA;AACA;AACA;AACA;AACA;AACA;AACA;AACA;AACA;AACA;AACA;AACA;AACA;AACA;AACA;AACA;AACA;AACA;AACA;AACA;AACA;AACA;AACA;AACA;AACA;AACA;AACA;AACA;AACA;AACA;AACA;AACA;AACA;AAGAG,MAAM,CAACG,GAAP,CAAW,GAAX;AAAA,qEAAiB,iBAAMC,GAAN,EAAUC,GAAV;AAAA;AAAA;AAAA;AAAA;AAAA;AAAA;AAAA;AAAA,mBAEcN,OAAO,CAACO,IAAR,CAAa,EAAb,CAFd;;AAAA;AAEHC,YAAAA,QAFG;AAGTF,YAAAA,GAAG,CAACG,MAAJ,CAAW,GAAX,EAAgBC,IAAhB,CAAqBF,QAArB;AAHS;AAAA;;AAAA;AAAA;AAAA;AAKTF,YAAAA,GAAG,CAACG,MAAJ,CAAW,GAAX,EAAgBC,IAAhB,CAAqB;AAACC,cAAAA,KAAK,EAAC;AAAP,aAArB;;AALS;AAAA;AAAA;AAAA;AAAA;AAAA;AAAA,GAAjB;;AAAA;AAAA;AAAA;AAAA;AASA;AACA;AACA;AACA;AACA;AACA;AACA;AACA;AACA;AACA;AACA;AACA;AACA;AACA;AACA;AACA;AACA;AACA;AACA;AACA;AACA;AACA;AACA;AACA;;AAEAV,MAAM,CAACG,GAAP,CAAW,MAAX;AAAA,sEAAmB,kBAAOC,GAAP,EAAWC,GAAX;AAAA;AAAA;AAAA;AAAA;AAAA;AAAA;AAAA;AAAA,mBAEWN,OAAO,CAACY,OAAR,CAAgB;AAAEC,cAAAA,GAAG,EAAER,GAAG,CAACS,MAAJ,CAAWC;AAAlB,aAAhB,CAFX;;AAAA;AAELC,YAAAA,OAFK;AAGXV,YAAAA,GAAG,CAACG,MAAJ,CAAW,GAAX,EAAgBC,IAAhB,CAAqBM,OAArB;AAHW;AAAA;;AAAA;AAAA;AAAA;AAKXV,YAAAA,GAAG,CAACG,MAAJ,CAAW,GAAX,EAAgBC,IAAhB,CAAqB;AAACC,cAAAA,KAAK,EAAE;AAAR,aAArB,EALW,CAMX;;AANW;AAAA;AAAA;AAAA;AAAA;AAAA;AAAA,GAAnB;;AAAA;AAAA;AAAA;AAAA;AAYA;AACA;AACA;AACA;AACA;AACA;AACA;AACA;AACA;AACA;AACA;AACA;AACA;AACA;AACA;AACA;AACA;AACA;AACA;AACA;AACA;AACA;AACA;AACA;AACA;AACA;;AAEAV,MAAM,CAACgB,IAAP,CAAY,GAAZ,EAAgBC,wBAAhB,EAA6B,oCAAmBnB,eAAnB,CAA7B;AAAA,sEAAkE,kBAAOM,GAAP,EAAWC,GAAX;AAAA;AAAA;AAAA;AAAA;AAAA;AAAA;AAAA;AAAA,mBAItC,IAAIN,OAAJ,CAAY;AAChCmB,cAAAA,OAAO,EAAGd,GAAG,CAACe,IAAJ,CAASD,OADa;AAEhCE,cAAAA,OAAO,EAAGhB,GAAG,CAACe,IAAJ,CAASC,OAFa;AAGhCC,cAAAA,MAAM,EAAEjB,GAAG,CAACkB,IAAJ,CAAS,IAAT,CAHwB;AAIhCC,cAAAA,KAAK,EAAGnB,GAAG,CAACe,IAAJ,CAASI;AAJe,aAAZ,CAJsC;;AAAA;AAIxDC,YAAAA,UAJwD;AAAA;AAAA,mBAWvDA,UAAU,CAACC,IAAX,EAXuD;;AAAA;AAa7DpB,YAAAA,GAAG,CAACG,MAAJ,CAAW,GAAX,EAAgBC,IAAhB,CAAqB;AAACiB,cAAAA,OAAO,EAAC;AAAT,aAArB;AAb6D;AAAA;;AAAA;AAAA;AAAA;AAe3DrB,YAAAA,GAAG,CAACG,MAAJ,CAAW,GAAX,EAAgBC,IAAhB,CAAqB;AAACC,cAAAA,KAAK,EAAC;AAAP,aAArB,EAf2D,CAgB9D;;AAhB8D;AAAA;AAAA;AAAA;AAAA;AAAA;AAAA,GAAlE;;AAAA;AAAA;AAAA;AAAA;AAqBA;AACA;AACA;AACA;AACA;AACA;AACA;AACA;AACA;AACA;AACA;AACA;AACA;AACA;AACA;AACA;AACA;AACA;AACA;AACA;AACA;AACA;AACA;AACA;;AAEAV,MAAM,UAAN,CAAc,MAAd,EAAsBiB,wBAAtB;AAAA,sEAAmC,kBAAOb,GAAP,EAAYC,GAAZ;AAAA;AAAA;AAAA;AAAA;AAAA;AAAA;AAAA;AAAA,mBAEPN,OAAO,CAACY,OAAR,CAAgB;AAACC,cAAAA,GAAG,EAAER,GAAG,CAACS,MAAJ,CAAWC;AAAjB,aAAhB,CAFO;;AAAA;AAE3Ba,YAAAA,WAF2B;;AAAA,kBAGvBvB,GAAG,CAACkB,IAAJ,CAAS,IAAT,KAAkBK,WAAW,CAAC,QAAD,CAHN;AAAA;AAAA;AAAA;;AAAA;AAAA,mBAIjB5B,OAAO,CAAC6B,SAAR,CAAkB;AAAEhB,cAAAA,GAAG,EAAER,GAAG,CAACS,MAAJ,CAAWC;AAAlB,aAAlB,CAJiB;;AAAA;AAKvBT,YAAAA,GAAG,CAACG,MAAJ,CAAW,GAAX,EAAgBC,IAAhB,CAAqB;AAACiB,cAAAA,OAAO,EAAC;AAAT,aAArB;AALuB;AAAA;;AAAA;AAOvBrB,YAAAA,GAAG,CAACG,MAAJ,CAAW,GAAX,EAAgBC,IAAhB,CAAqB;AAACiB,cAAAA,OAAO,EAAC;AAAT,aAArB;;AAPuB;AAAA;AAAA;;AAAA;AAAA;AAAA;AAUjCrB,YAAAA,GAAG,CAACG,MAAJ,CAAW,GAAX,EAAgBC,IAAhB,CAAqB;AAAEC,cAAAA,KAAK,EAAE;AAAT,aAArB;;AAViC;AAAA;AAAA;AAAA;AAAA;AAAA;AAAA,GAAnC;;AAAA;AAAA;AAAA;AAAA;AAcAV,MAAM,CAAC6B,GAAP,CAAW,MAAX,EAAmB3B,kBAAkB,CAACJ,eAAD,CAArC;AAAA,sEAAwD,kBAAOM,GAAP,EAAYC,GAAZ;AAAA;AAAA;AAAA;AAAA;AAAA;AAAA;AAAA;AAAA,mBAExBN,OAAO,CAACY,OAAR,CAAgB;AAACC,cAAAA,GAAG,EAAER,GAAG,CAACS,MAAJ,CAAWC;AAAjB,aAAhB,CAFwB;;AAAA;AAE5Ca,YAAAA,WAF4C;;AAAA,kBAG5CvB,GAAG,CAACkB,IAAJ,CAAS,IAAT,KAAkBK,WAAW,CAAC,QAAD,CAHe;AAAA;AAAA;AAAA;;AAAA;AAAA,mBAI5B5B,OAAO,CAACY,OAAR,CAAgB;AAAEC,cAAAA,GAAG,EAAER,GAAG,CAACS,MAAJ,CAAWC;AAAlB,aAAhB,CAJ4B;;AAAA;AAI5CC,YAAAA,OAJ4C;;AAM5C,gBAAIX,GAAG,CAACe,IAAJ,CAASD,OAAb,EAAsB;AAClBH,cAAAA,OAAO,CAACG,OAAR,GAAkBd,GAAG,CAACe,IAAJ,CAASD,OAA3B;AACH;;AAED,gBAAId,GAAG,CAACe,IAAJ,CAASC,OAAb,EAAsB;AAClBL,cAAAA,OAAO,CAACK,OAAR,GAAkBhB,GAAG,CAACe,IAAJ,CAASC,OAA3B;AACH;;AACD,gBAAIhB,GAAG,CAACe,IAAJ,CAASI,KAAb,EAAoB;AAChBR,cAAAA,OAAO,CAACK,OAAR,GAAkBhB,GAAG,CAACe,IAAJ,CAASC,OAA3B;AACH;;AAf2C;AAAA,mBAgBtCL,OAAO,CAACU,IAAR,EAhBsC;;AAAA;AAiB5CpB,YAAAA,GAAG,CAACG,MAAJ,CAAW,GAAX,EAAgBC,IAAhB,CAAqBM,OAArB;AAjB4C;AAAA;;AAAA;AAmB5CV,YAAAA,GAAG,CAACG,MAAJ,CAAW,GAAX,EAAgBC,IAAhB,CAAqB;AAACiB,cAAAA,OAAO,EAAC;AAAT,aAArB;;AAnB4C;AAAA;AAAA;;AAAA;AAAA;AAAA;AAsBtDrB,YAAAA,GAAG,CAACG,MAAJ,CAAW,GAAX,EAAgBC,IAAhB,CAAqB;AAAEC,cAAAA,KAAK,EAAE;AAAT,aAArB,EAtBsD,CAuBhD;;AAvBgD;AAAA;AAAA;AAAA;AAAA;AAAA;AAAA,GAAxD;;AAAA;AAAA;AAAA;AAAA;AA4BAoB,MAAM,CAACC,OAAP,GAAiB/B,MAAjB","sourceRoot":"C:\\Users\\Administrator\\Documents\\Rukundo Kevin\\My-Blog\\src\\routes\\","sourcesContent":["const express = require(\"express\");\r\nconst {validateArticle, Article } = require(\"../models/Article\");\r\nconst router = express.Router();\r\nconst validateMiddleWare = require('../middlewares/validateMiddleware')\r\n\r\nimport { verifyToken } from \"../controllers/verifyToken\";\r\nimport validateMiddleware from \"../middlewares/validateMiddleware\";\r\n\r\n/**\r\n * @swagger\r\n * security:\r\n *   bearerAuth: []\r\n * /article:\r\n *   get:\r\n *     summary: GET Articles\r\n *     tags:\r\n *       - Article\r\n *     responses:\r\n *       '400':\r\n *         description: Bad Request \r\n *       '200':\r\n *         description: A list of queries.\r\n *         content:\r\n *           application/json:\r\n *             schema:\r\n *               type: array\r\n *               items:\r\n *                 $ref: '#/components/schemas/Article' \r\n * components:\r\n *   schemas:\r\n *     Article:\r\n *       type: object\r\n *       properties:\r\n *         heading:\r\n *           type: string\r\n *           description: heading of the article\r\n *           example: Manchester United boss Ralf Rangnick believes club getting better\r\n *         content: \r\n *           type: string\r\n *           description: Detailed contents of the article\r\n *           example: The Old Trafford defeat by Chris Wilder's Championship side ended any realistic hope of United winning their first domestic silverware since 2017.\r\n *         image:\r\n *           type: string\r\n *           description: The image in the article.\r\n *           example: smilingcat.png\r\n */\r\n\r\n\r\nrouter.get(\"/\",  async(req,res)=>{\r\n    try {\r\n        const articles = await Article.find({});\r\n        res.status(200).send(articles);\r\n    } catch (error){\r\n        res.status(404).send({error:\"Problem getting articles\"})\r\n    }\r\n})\r\n\r\n/**\r\n * @swagger\r\n * \"/article/{articleId}\":\r\n *   get:\r\n *     summary: Find article by ID\r\n *     tags: \r\n *       - Article\r\n *     parameters:\r\n *       - name: articleId\r\n *         in: path\r\n *         required: true\r\n *         schema:\r\n *           type: string\r\n *         description: The Id of the article\r\n *     responses:\r\n *       \"200\":\r\n *         description: successful operation\r\n *         content:\r\n *           application/json:\r\n *             schema:\r\n *               $ref: \"#/components/schemas/Article\"\r\n *       \"404\":\r\n *         description: Article not found\r\n */\r\n\r\nrouter.get(\"/:id\", async (req,res) =>{\r\n    try {\r\n        const article = await Article.findOne({ _id: req.params.id})\r\n        res.status(200).send(article)   \r\n    } catch (err) {\r\n        res.status(404).send({error: \"Article doesn't exist !\"})\r\n        // console.log(err)\r\n    }\r\n\r\n})\r\n\r\n\r\n/** \r\n* @swagger\r\n* /article:\r\n*   post:\r\n*     summary: Add New Article\r\n*     tags:\r\n*       - Article\r\n*     requestBody:\r\n*       required: true\r\n*       content:\r\n*         application/json:\r\n*             schema:\r\n*               $ref: '#/components/schemas/Article' \r\n*     responses:\r\n*       '400':\r\n*         description: Bad Request \r\n*       '201':\r\n*         description: Query added.\r\n*         content:\r\n*           application/json:\r\n*             schema:\r\n*               type: object\r\n*               properties:\r\n*                 Message:\r\n*                   type: string\r\n*/\r\n\r\nrouter.post(\"/\",verifyToken, validateMiddleware(validateArticle), async (req,res) =>{\r\n   // console.log(req.body)\r\n   try {\r\n\r\n    const newArticle =await new Article({\r\n        heading : req.body.heading,\r\n        content : req.body.content,\r\n        userId: req.user[\"id\"],\r\n        image : req.body.image,\r\n        })\r\n       // console.log(req.user[\"id\"])\r\n     await newArticle.save();\r\n\r\n     res.status(201).send({Message:\"New Article Created\"})     \r\n   } catch (error){\r\n       res.status(400).send({error:\"There was a problem publishing the article\"})\r\n    //    console.log(error)\r\n   }\r\n})\r\n\r\n\r\n/**\r\n * @swagger\r\n * \"/article/{articleId}\":\r\n *   delete:\r\n *     summary: Delete article according to ID\r\n *     tags: \r\n *       - Article\r\n *     parameters:\r\n *       - name: articleId\r\n *         in: path\r\n *         required: true\r\n *         schema:\r\n *           type: string\r\n *         description: The Id of the article\r\n *     responses:\r\n *       \"200\":\r\n *         description: successful operation\r\n *         content:\r\n *           application/json:\r\n *             schema:\r\n *               $ref: \"#/components/schemas/Article\"\r\n *       \"404\":\r\n *         description: Article not found\r\n */\r\n\r\nrouter.delete(\"/:id\", verifyToken, async (req, res) => {\r\n\ttry {\r\n    let articleUser = await Article.findOne({_id: req.params.id})\r\n        if (req.user[\"id\"] == articleUser[\"userId\"]) {\r\n            await Article.deleteOne({ _id: req.params.id })\r\n            res.status(202).send({Message:\"Article deleted successfully\"});      \r\n        } else {\r\n            res.status(401).send({Message:\"Not Authorized to perform this operation\"})\r\n        }\r\n\t} catch {\r\n\t\tres.status(404).send({ error: \"This article doesn't exist!\" })\r\n\t}\r\n})\r\n\r\nrouter.put(\"/:id\", validateMiddleWare(validateArticle) ,async (req, res) => {\r\n\ttry {\r\n        let articleUser = await Article.findOne({_id: req.params.id})\r\n        if (req.user[\"id\"] == articleUser[\"userId\"]) {\r\n\t\t    const article = await Article.findOne({ _id: req.params.id })\r\n\r\n            if (req.body.heading) {\r\n                article.heading = req.body.heading\r\n            }\r\n\r\n            if (req.body.content) {\r\n                article.content = req.body.content\r\n            }\r\n            if (req.body.image) {\r\n                article.content = req.body.content\r\n            }\r\n            await article.save()\r\n            res.status(200).send(article)\r\n        }else{\r\n            res.status(401).send({Message:\"Not Authorized to perform this operation\"})  \r\n        }\r\n\t} catch(err) {\r\n\t\tres.status(404).send({ error: \"We couldn't find that article \" })\r\n        //console.log(err);\r\n\t}\r\n})\r\n\r\n\r\nmodule.exports = router;"]},"_coverageSchema":"1a1c01bbd47fc00a2c39e90264f33305004495a9","hash":"0a2d59179ce4e664f7dc0255e86a55e96caaafa6","contentHash":"b36fcf3a18aecbf0b8c2013534dbd59f5a751fcaeb2aa4e4b085648a41770a6a"},"C:\\Users\\Administrator\\Documents\\Rukundo Kevin\\My-Blog\\src\\routes\\query.js":{"path":"C:\\Users\\Administrator\\Documents\\Rukundo Kevin\\My-Blog\\src\\routes\\query.js","statementMap":{"0":{"start":{"line":3,"column":19},"end":{"line":3,"column":56}},"1":{"start":{"line":5,"column":77},"end":{"line":5,"column":175}},"2":{"start":{"line":5,"column":94},"end":{"line":5,"column":107}},"3":{"start":{"line":5,"column":121},"end":{"line":5,"column":131}},"4":{"start":{"line":5,"column":151},"end":{"line":5,"column":165}},"5":{"start":{"line":5,"column":166},"end":{"line":5,"column":173}},"6":{"start":{"line":5,"column":176},"end":{"line":5,"column":263}},"7":{"start":{"line":5,"column":193},"end":{"line":5,"column":208}},"8":{"start":{"line":5,"column":218},"end":{"line":5,"column":261}},"9":{"start":{"line":7,"column":33},"end":{"line":7,"column":387}},"10":{"start":{"line":7,"column":65},"end":{"line":7,"column":69}},"11":{"start":{"line":7,"column":78},"end":{"line":7,"column":87}},"12":{"start":{"line":7,"column":89},"end":{"line":7,"column":384}},"13":{"start":{"line":7,"column":147},"end":{"line":7,"column":167}},"14":{"start":{"line":7,"column":193},"end":{"line":7,"column":264}},"15":{"start":{"line":7,"column":290},"end":{"line":7,"column":360}},"16":{"start":{"line":7,"column":363},"end":{"line":7,"column":380}},"17":{"start":{"line":9,"column":14},"end":{"line":9,"column":32}},"18":{"start":{"line":11,"column":15},"end":{"line":11,"column":41}},"19":{"start":{"line":12,"column":12},"end":{"line":12,"column":26}},"20":{"start":{"line":13,"column":20},"end":{"line":13,"column":42}},"21":{"start":{"line":15,"column":13},"end":{"line":15,"column":29}},"22":{"start":{"line":17,"column":25},"end":{"line":17,"column":69}},"23":{"start":{"line":70,"column":0},"end":{"line":106,"column":5}},"24":{"start":{"line":71,"column":13},"end":{"line":101,"column":5}},"25":{"start":{"line":73,"column":4},"end":{"line":100,"column":32}},"26":{"start":{"line":74,"column":6},"end":{"line":99,"column":7}},"27":{"start":{"line":75,"column":8},"end":{"line":98,"column":9}},"28":{"start":{"line":77,"column":12},"end":{"line":77,"column":30}},"29":{"start":{"line":78,"column":12},"end":{"line":78,"column":30}},"30":{"start":{"line":79,"column":12},"end":{"line":79,"column":32}},"31":{"start":{"line":82,"column":12},"end":{"line":82,"column":36}},"32":{"start":{"line":83,"column":12},"end":{"line":83,"column":28}},"33":{"start":{"line":84,"column":12},"end":{"line":84,"column":42}},"34":{"start":{"line":85,"column":12},"end":{"line
[...]
me":"_callee2","decl":{"start":{"line":82,"column":79},"end":{"line":82,"column":87}},"loc":{"start":{"line":82,"column":98},"end":{"line":149,"column":3}},"line":82},"12":{"name":"_callee2$","decl":{"start":{"line":84,"column":44},"end":{"line":84,"column":53}},"loc":{"start":{"line":84,"column":65},"end":{"line":148,"column":5}},"line":84},"13":{"name":"(anonymous_13)","decl":{"start":{"line":121,"column":45},"end":{"line":121,"column":46}},"loc":{"start":{"line":121,"column":67},"end":{"line":125,"column":13}},"line":121},"14":{"name":"(anonymous_14)","decl":{"start":{"line":151,"column":9},"end":{"line":151,"column":10}},"loc":{"start":{"line":151,"column":29},"end":{"line":153,"column":3}},"line":151}},"branchMap":{"0":{"loc":{"start":{"line":3,"column":176},"end":{"line":3,"column":263}},"type":"if","locations":[{"start":{"line":3,"column":176},"end":{"line":3,"column":263}},{"start":{"line":3,"column":176},"end":{"line":3,"column":263}}],"line":3},"1":{"loc":{"start":{"line":25,"column":8},"end":{"line":39,"column":9}},"type":"switch","locations":[{"start":{"line":26,"column":10},"end":{"line":34,"column":13}},{"start":{"line":36,"column":10},"end":{"line":36,"column":17}},{"start":{"line":37,"column":10},"end":{"line":38,"column":35}}],"line":25},"2":{"loc":{"start":{"line":86,"column":8},"end":{"line":146,"column":9}},"type":"switch","locations":[{"start":{"line":87,"column":10},"end":{"line":91,"column":15}},{"start":{"line":93,"column":10},"end":{"line":103,"column":16}},{"start":{"line":105,"column":10},"end":{"line":108,"column":68}},{"start":{"line":110,"column":10},"end":{"line":127,"column":18}},{"start":{"line":129,"column":10},"end":{"line":130,"column":55}},{"start":{"line":132,"column":10},"end":{"line":134,"column":18}},{"start":{"line":136,"column":10},"end":{"line":141,"column":15}},{"start":{"line":143,"column":10},"end":{"line":143,"column":18}},{"start":{"line":144,"column":10},"end":{"line":145,"column":36}}],"line":86},"3":{"loc":{"start":{"line":96,"column":12},"end":{"line":99,"column":13}},"type":"if","locations":[{"start":{"line":96,"column":12},"end":{"line":99,"column":13}},{"start":{"line":96,"column":12},"end":{"line":99,"column":13}}],"line":96},"4":{"loc":{"start":{"line":111,"column":12},"end":{"line":114,"column":13}},"type":"if","locations":[{"start":{"line":111,"column":12},"end":{"line":114,"column":13}},{"start":{"line":111,"column":12},"end":{"line":114,"column":13}}],"line":111}},"s":{"0":5,"1":5,"2":5,"3":0,"4":0,"5":5,"6":2,"7":3,"8":2,"9":2,"10":2,"11":2,"12":2,"13":5,"14":0,"15":2,"16":1,"17":1,"18":1,"19":1,"20":1,"21":1,"22":1,"23":1,"24":1,"25":1,"26":0,"27":0,"28":0,"29":0,"30":0,"31":0,"32":0,"33":1,"34":0,"35":1,"36":1,"37":2,"38":6,"39":9,"40":2,"41":2,"42":2,"43":2,"44":1,"45":1,"46":1,"47":1,"48":1,"49":1,"50":1,"51":0,"52":0,"53":1,"54":1,"55":1,"56":1,"57":1,"58":0,"59":1,"60":1,"61":0,"62":0,"63":0,"64":2,"65":1,"66":2,"67":1},"f":{"0":5,"1":2,"2":2,"3":2,"4":5,"5":0,"6":1,"7":0,"8":0,"9":0,"10":1,"11":2,"12":6,"13":1,"14":2},"b":{"0":[2,3],"1":[0,0,0],"2":[2,2,1,1,0,1,0,1,2],"3":[1,1],"4":[0,1]},"inputSourceMap":{"version":3,"sources":["login.js"],"names":["express","require","router","Router","jwt","User","validateUser","bcrypt","config","get","req","res","status","send","Message","error","post","findOne","email","body","user","compare","password","payload","id","_id","username","type","sign","secret","err","token","module","exports"],"mappings":";;;;;;AAAA,IAAMA,OAAO,GAAGC,OAAO,CAAC,SAAD,CAAvB;;AACA,IAAMC,MAAM,GAAGF,OAAO,CAACG,MAAR,EAAf;;AACA,IAAMC,GAAG,GAAGH,OAAO,CAAC,cAAD,CAAnB;;AACA,eAA4BA,OAAO,CAAC,gBAAD,CAAnC;AAAA,IAAOI,IAAP,YAAOA,IAAP;AAAA,IAAYC,YAAZ,YAAYA,YAAZ;;AACA,IAAMC,MAAM,GAAGN,OAAO,CAAC,QAAD,CAAtB;;AACA,IAAMO,MAAM,GAAGP,OAAO,CAAC,QAAD,CAAtB;;AAIAC,MAAM,CAACO,GAAP,CAAW,GAAX;AAAA,qEAAe,iBAAOC,GAAP,EAAWC,GAAX;AAAA;AAAA;AAAA;AAAA;AACZ;AACA,gBAAI;AACHA,cAAAA,GAAG,CAACC,MAAJ,CAAWC,IAAX,CAAgB;AAACC,gBAAAA,OAAO,EAAE;AAAV,eAAhB;AACA,aAFD,CAEE,OAAOC,KAAP,EAAc;AACZJ,cAAAA,GAAG,CAACC,MAAJ,CAAW,GAAX,EAAgBC,IAAhB,CAAqB,0BAArB;AACH;;AANW;AAAA;AAAA;AAAA;AAAA;AAAA;AAAA,GAAf;;AAAA;AAAA;AAAA;AAAA;AASA;AACA;AACA;AACA;AACA;AACA;AACA;AACA;AACA;AACA;AACA;AACA;AACA;AACA;AACA;AACA;AACA;AACA;AACA;AACA;AACA;AACA;AACA;AACA;AACA;AACA;AACA;AACA;AACA;AACA;AACA;AACA;;AAEAX,MAAM,CAACc,IAAP,CAAY,GAAZ;AAAA,sEAAgB,kBAAMN,GAAN,EAAUC,GAAV;AAAA;AAAA;AAAA;AAAA;AAAA;AAAA;AAAA,mBAEMN,IAAI,CAACY,OAAL,CAAa;AAACC,cAAAA,KAAK,EAAER,GAAG,CAACS,IAAJ,CAASD;AAAjB,aAAb,CAFN;;AAAA;AAEPE,YAAAA,IAFO;;AAAA,kBAITA,IAAI,IAAI,IAJC;AAAA;AAAA;AAAA;;AAAA,8CAKFT,GAAG,CAACC,MAAJ,CAAW,GAAX,EAAgBC,IAAhB,CAAqB;AAAC,yBAAU;AAAX,aAArB,CALE;;AAAA;AAAA;AAAA;AAAA,mBAQDN,MAAM,CAACc,OAAP,CAAeX,GAAG,CAACS,IAAJ,CAASG,QAAxB,EAAkCF,IAAI,CAACE,QAAvC,CARC;;AAAA;AAAA;AAAA;AAAA;AAAA;;AAULC,YAAAA,OAVK,GAUK;AAACC,cAAAA,EAAE,EAACJ,IAAI,CAACK,GAAT;AAAaC,cAAAA,QAAQ,EAACN,IAAI,CAACM,QAA3B;AAAoCC,cAAAA,IAAI,EAACP,IAAI,CAACO;AAA9C,aAVL;AAWRvB,YAAAA,GAAG,CAACwB,IAAJ,CAASL,OAAT,EAAiBf,MAAM,CAACqB,MAAxB,EAA+B,UAACC,GAAD,EAAKC,KAAL,EAAa;AACxCpB,cAAAA,GAAG,CAACC,MAAJ,CAAW,GAAX,EAAgBC,IAAhB,CAAqB;AAAC,yBAASkB;AAAV,eAArB;AACH,aAFD;AAXQ;AAAA;;AAAA;AAePpB,YAAAA,GAAG,CAACC,MAAJ,CAAW,GAAX,EAAgBC,IAAhB,CAAqB,oBAArB;;AAfO;AAAA;AAAA;;AAAA;AAAA;AAAA;AAkBTF,YAAAA,GAAG,CAACC,MAAJ,CAAW,GAAX,EAAgBC,IAAhB,CAAqB;AAACC,cAAAA,OAAO,EAAE;AAAV,aAArB;;AAlBS;AAAA;AAAA;AAAA;AAAA;AAAA;AAAA,GAAhB;;AAAA;AAAA;AAAA;AAAA;AAuBAkB,MAAM,CAACC,OAAP,GAAiB/B,MAAjB","sourceRoot":"C:\\Users\\Administrator\\Documents\\Rukundo Kevin\\My-Blog\\src\\routes\\","sourcesContent":["const express = require(\"express\");\r\nconst router = express.Router();\r\nconst jwt = require(\"jsonwebtoken\")\r\nconst {User,validateUser} = require(\"../models/User\")\r\nconst bcrypt = require(\"bcrypt\")\r\nconst config = require(\"config\");\r\n\r\n\r\n\r\nrouter.get(\"/\",async (req,res)=>{\r\n   // const users = await User.find()\r\n   try {\r\n    res.status.send({Message: \"This should be the login page rendered\"})       \r\n   } catch (error) {\r\n       res.status(404).send(\"Login resource not found\")\r\n   }\r\n})\r\n\r\n/**\r\n * @swagger\r\n * /login:\r\n *   post:\r\n *     summary: Login to get token\r\n *     tags:\r\n *       - Auth\r\n *     requestBody:\r\n *       required: true\r\n *       content:\r\n *         application/json:\r\n *             schema:\r\n *               type: object\r\n *               properties:\r\n *                 username:\r\n *                   type: string\r\n *                 password:\r\n *                   type: string  \r\n *     responses:\r\n *       '400':\r\n *         description: Bad Request \r\n *       '200':\r\n *         description: A list of queries.\r\n *         content:\r\n *           application/json:\r\n *             schema:\r\n *               type: object\r\n *               properties:\r\n *                 Message:\r\n *                   type: string\r\n *                 \r\n */\r\n\r\nrouter.post(\"/\",async(req,res)=>{\r\n    // await User.deleteMany({})\r\n   const user = await User.findOne({email: req.body.email})\r\n  \r\n   if (user == null) {\r\n       return res.status(400).send({\"Message\":\"Cannot Find User\"})\r\n   }\r\n   try {\r\n      if(await bcrypt.compare(req.body.password, user.password)){\r\n     \r\n     const payload = {id:user._id,username:user.username,type:user.type};\r\n        jwt.sign(payload,config.secret,(err,token)=>{\r\n            res.status(200).send({\"token\": token})\r\n        })\r\n      }else{\r\n         res.status(400).send(\"Password Incorrect\");\r\n      }\r\n   } catch (err) {\r\n       res.status(405).send({Message: \"Problem with the server\"});\r\n   }\r\n\r\n})\r\n\r\nmodule.exports = router;"]},"_coverageSchema":"1a1c01bbd47fc00a2c39e90264f33305004495a9","hash":"20e121d8596b3fa36d43d81f0a3ff34b44953dcb","contentHash":"3a7f0a78c1084048c2ee5be61b3d402eb52a6562147459a708c44bc1800c7a08"},"C:\\Users\\Administrator\\Documents\\Rukundo Kevin\\My-Blog\\src\\routes\\sign-up.js":{"path":"C:\\Users\\Administrator\\Documents\\Rukundo Kevin\\My-Blog\\src\\routes\\sign-up.js","statementMap":{"0":{"start":{"line":3,"column":77},"end":{"line":3,"column":175}},"1":{"start":{"line":3,"column":94},"end":{"line":3,"column":107}},"2":{"start":{"line":3,"column":121},"end":{"line":3,"column":131}},"3":{"start":{"line":3,"column":151},"end":{"line":3,"column":165}},"4":{"start":{"line":3,"column":166},"end":{"line":3,"column":173}},"5":{"start":{"line":3,"column":176},"end":{"line":3,"column":263}},"6":{"start":{"line":3,"column":193},"end":{"line":3,"column":208}},"7":{"start":{"line":3,"column":218},"end":{"line":3,"column":261}},"8":{"start":{"line":5,"column":33},"end":{"line":5,"column":387}},"9":{"start":{"line":5,"column":65},"end":{"line":5,"column":69}},"10":{"start":{"line":5,"column":78},"end":{"line":5,"column":87}},"11":{"start":{"line":5,"column":89},"end":{"line":5,"column":384}},"12":{"start":{"line":5,"column":147},"end":{"line":5,"column":167}},"13":{"start":{"line":5,"column":193},"end":{"line":5,"column":264}},"14":{"start":{"line":5,"column":290},"end":{"line":5,"column":360}},"15":{"start":{"line":5,"column":363},"end":{"line":5,"column":380}},"16":{"start":{"line":7,"column":14},"end":{"line":7,"column":32}},"17":{"start":{"line":9,"column":13},"end":{"line":9,"column":29}},"18":{"start":{"line":11,"column":13},"end":{"line":11,"column":30}},"19":{"start":{"line":13,"column":15},"end":{"line":13,"column":40}},"20":{"start":{"line":14,"column":19},"end":{"line":14,"column":40}},"21":{"start":{"line":15,"column":11},"end":{"line":15,"column":24}},"22":{"start":{"line":17,"column":25},"end":{"line":17,"column":69}},"23":{"start":{"line":19,"column":0},"end":{"line":23,"column":3}},"24":{"start":{"line":20,"column":2},"end":{"line":22,"column":5}},"25":{"start":{"line":58,"column":0},"end":{"line":124,"column":5}},"26":{"start":{"line":59,"column":13},"end":{"line":119,"column":5}},"27":{"start":{"line":61,"column":4},"end":{"line":118,"column":33}},"28":{"start":{"line":62,"column":6},"end":{"line":117,"column":7}},"29":{"start":{"line":63,"column":8},"end":{"line":116,"column":9}},"30":{"start":{"line":65,"column":12},"end":{"line":65,"column":30}},"31":{"start":{"line":66,"column":12},"end":{"line":66,"column":30}},"32":{"start":{"line":67,"column":12},"end":{"line":69,"column":15}},"33":{"start":{"line":72,"column":12},"end":{"line":72,"column":38}},"34":{"start":{"line":74,"column":12},"end":{"line":77,"column":13}},"35":{"start":{"line":75,"column":14},"end":{"line":75,"column":32}},"36":{"start":{"line":76,"column":14},"end":{"line":76,"column":20}},"37":{"start":{"line":79,"column":12},"end":{"line":79,"column":90}},"38":{"start":{"line":82,"column":12},"end":{"line":82,"column":30}},"39":{"start":{"line":83,"column":12},"end":{"line":83,"column":36}},"40":{"start":{"line":86,"column":12},"end":{"line":86,"column":33}},"41":{"start":{"line":87,"column":12},"end":{"line":87,"column":31}},"42":{"start":{"line":88,"column":12},"end":{"line":88,"column":56}},"43":{"start":{"line":91,"column":12},"end":{"line":91,"column":43}},"44":{"start":{"line":92,"column":12},"end":{"line":96,"column":15}},"45":{"start":{"line":97,"column":12},"end":{"line":97,"column":31}},"46":{"start":{"line":98,"column":12},"end":{"line":98,"column":31}},"47":{"start":{"line":101,"column":12},"end":{"line":103,"column":15}},"48":{"start":{"line":104,"column":12},"end":{"line":104,"column":31}},"49":{"start":{"line":105,"column":12},"end":{"line":105,"column":18}},"50":{"start":{"line":108,"column":12},"end":{"line":108,"column":31}},"51":{"start":{"line":109,"column":12},"end":{"line":109,"column":47}},"52":{"start":{"line":111,"column":12},"end":{"line":111,"column":66}},"53":{"start":{"line":115,"column":12},"end":{"line":115,"column":35}},"54":{"start":{"line":121,"column":2},"end":{"line":123,"column":4}},"55":{"start":{"line":122,"column":4},"end":{"line":122,"column":39}},"56":{"start":{"line":125,"column":0},"end":{"line":125,"column":24}}},"fnMap":{"0":{"name":"asyncGeneratorStep","decl":{"start":{"line":3,"column":9},"end":{"line":3,"column":27}},"loc":{"start":{"line":3,"column":75},"end":{"line":3,"column":265}},"line":3},"1":{"name":"_asyncToGenerator","decl":{"start":{"line":5,"column":9},"end":{"line":5,"column":26}},"loc":{"start":{"line":5,"column":31},"end":{"line":5,"column":389}},"line":5},"2":{"name":"(anonymous_2)","decl":{"start":{"line":5,"column":40},"end":{"line":5,"column":41}},"loc":{"start":{"line":5,"column":52},"end":{"line":5,"column":386}},"line":5},"3":{"name":"(anonymous_3)","decl":{"start":{"line":5,"column":108},"end":{"line":5,"column":109}},"loc":{"start":{"line":5,"column":135},"end":{"line":5,"column":382}},"line":5},"4":{"name":"_next","decl":{"start":{"line":5,"column":178},"end":{"line":5,"column":183}},"loc":{"start":{"line":5,"column":191},"end":{"line":5,"column":266}},"line":5},"5":{"name":"_throw","decl":{"start":{"line":5,"column":276},"end":{"line":5,"column":282}},"loc":{"start":{"line":5,"column":288},"end":{"line":5,"column":362}},"line":5},"6":{"name":"(anonymous_6)","decl":{"start":{"line":19,"column":16},"end":{"line":19,"column":17}},"loc":{"start":{"line":19,"column":36},"end":{"line":23,"column":1}},"line":19},"7":{"name":"(anonymous_7)","decl":{"start":{"line":58,"column":64},"end":{"line":58,"column":65}},"loc":{"start":{"line":58,"column":76},"end":{"line":124,"column":1}},"line":58},"8":{"name":"_callee","decl":{"start":{"line":59,"column":78},"end":{"line":59,"column":85}},"loc":{"start":{"line":59,"column":96},"end":{"line":119,"column":3}},"line":59},"9":{"name":"_callee$","decl":{"start":{"line":61,"column":44},"end":{"line":61,"column":52}},"loc":{"start":{"line":61,"column":63},"end":{"line":118,"column":5}},"line":61},"10":{"name":"(anonymous_10)","decl":{"start":{"line":121,"column":9},"end":{"line":121,"column":10}},"loc":{"start":{"line":121,"column":28},"end":{"line":123,"column":3}},"line":121}},"branchMap":{"0":{"loc":{"start":{"line":3,"column":176},"end":{"line":3,"column":263}},"type":"if","locations":[{"start":{"line":3,"column":176},"end":{"line":3,"column":263}},{"start":{"line":3,"column":176},"end":{"line":3,"column":263}}],"line":3},"1":{"loc":{"start":{"line":63,"column":8},"end":{"line":116,"column":9}},"type":"switch","locations":[{"start":{"line":64,"column":10},"end":{"line":69,"column":15}},{"start":{"line":71,"column":10},"end":{"line":79,"column":90}},{"start":{"line":81,"column":10},"end":{"line":83,"column":36}},{"start":{"line":85,"column":10},"end":{"line":88,"column":56}},{"start":{"line":90,"column":10},"end":{"line":98,"column":31}},{"start":{"line":100,"column":10},"end":{"line":105,"column":18}},{"start":{"line":107,"column":10},"end":{"line":111,"column":66}},{"start":{"line":113,"column":10},"end":{"line":113,"column":18}},{"start":{"line":114,"column":10},"end":{"line":115,"column":35}}],"line":63},"2":{"loc":{"start":{"line":74,"column":12},"end":{"line":77,"column":13}},"type":"if","locations":[{"start":{"line":74,"column":12},"end":{"line":77,"column":13}},{"start":{"line":74,"column":12},"end":{"line":77,"column":13}}],"line":74}},"s":{"0":5,"1":5,"2":5,"3":0,"4":0,"5":5,"6":1,"7":4,"8":1,"9":1,"10":1,"11":1,"12":1,"13":5,"14":0,"15":1,"16":1,"17":1,"18":1,"19":1,"20":1,"21":1,"22":1,"23":1,"24":0,"25":1,"26":1,"27":1,"28":5,"29":7,"30":1,"31":1,"32":1,"33":1,"34":1,"35":1,"36":1,"37":0,"38":1,"39":1,"40":1,"41":1,"42":1,"43":1,"44":1,"45":1,"46":1,"47":1,"48":1,"49":1,"50":0,"51":0,"52":0,"53":1,"54":1,"55":1,"56":1},"f":{"0":5,"1":1,"2":1,"3":1,"4":5,"5":0,"6":0,"7":1,"8":1,"9":5,"10":1},"b":{"0":[1,4],"1":[1,1,1,1,1,1,0,1,1],"2":[1,0]},"inputSourceMap":{"version":3,"sources":["sign-up.js"],"names":["express","require","router","Router","bcrypt","validateUser","User","validateMiddleWare","get","req","res","send","Message","post","findOne","email","body","userExist","status","genSalt","salt","hash","password","hashedPassword","user","type","save","module","exports"],"mappings":";;;;;;AAAA,IAAMA,OAAO,GAAGC,OAAO,CAAC,SAAD,CAAvB;;AACA,IAAMC,MAAM,GAAGF,OAAO,CAACG,MAAR,EAAf;;AACA,IAAMC,MAAM,GAAGH,OAAO,CAAC,QAAD,CAAtB;;AAEA,eAA4BA,OAAO,CAAC,gBAAD,CAAnC;AAAA,IAAOI,YAAP,YAAOA,YAAP;AAAA,IAAoBC,IAApB,YAAoBA,IAApB;;AACA,IAAMC,kBAAkB,GAAGN,OAAO,CAAC,mCAAD,CAAlC;;AAEAC,MAAM,CAACM,GAAP,CAAW,GAAX,EAAe,UAACC,GAAD,EAAKC,GAAL,EAAW;AACtBA,EAAAA,GAAG,CAACC,IAAJ,CAAS;AAACC,IAAAA,OAAO,EAAC;AAAT,GAAT;AACH,CAFD;AAIA;AACA;AACA;AACA;AACA;AACA;AACA;AACA;AACA;AACA;AACA;AACA;AACA;AACA;AACA;AACA;AACA;AACA;AACA;AACA;AACA;AACA;AACA;AACA;AACA;AACA;AACA;AACA;AACA;AACA;AACA;AACA;AACA;;AAEAV,MAAM,CAACW,IAAP,CAAY,GAAZ,EAAiBN,kBAAkB,CAACF,YAAD,CAAnC;AAAA,qEAAmD,iBAAMI,GAAN,EAAUC,GAAV;AAAA;AAAA;AAAA;AAAA;AAAA;AAAA;AAAA;AAAA,mBAGvBJ,IAAI,CAACQ,OAAL,CAAa;AAACC,cAAAA,KAAK,EAAEN,GAAG,CAACO,IAAJ,CAASD;AAAjB,aAAb,CAHuB;;AAAA;AAGzCE,YAAAA,SAHyC;;AAAA,iBAK3CA,SAL2C;AAAA;AAAA;AAAA;;AAAA,6CAKzBP,GAAG,CAACQ,MAAJ,CAAW,GAAX,EAAgBP,IAAhB,CAAqB,qBAArB,CALyB;;AAAA;AAAA;AAAA,mBAM5BP,MAAM,CAACe,OAAP,EAN4B;;AAAA;AAMzCC,YAAAA,IANyC;AAAA;AAAA,mBAOlBhB,MAAM,CAACiB,IAAP,CAAYZ,GAAG,CAACO,IAAJ,CAASM,QAArB,EAA+BF,IAA/B,CAPkB;;AAAA;AAOzCG,YAAAA,cAPyC;AASzCC,YAAAA,IATyC,GASnC,IAAIlB,IAAJ,CAAS;AACjBS,cAAAA,KAAK,EAACN,GAAG,CAACO,IAAJ,CAASD,KADE;AAEjBO,cAAAA,QAAQ,EAACC,cAFQ;AAGjBE,cAAAA,IAAI,EAAE;AAHW,aAAT,CATmC;AAAA;AAAA,mBAexCD,IAAI,CAACE,IAAL,EAfwC;;AAAA;AAgB/ChB,YAAAA,GAAG,CAACQ,MAAJ,CAAW,GAAX,EAAgBP,IAAhB,CAAqB;AAACC,cAAAA,OAAO,EAAC;AAAT,aAArB;AAhB+C;AAAA;;AAAA;AAAA;AAAA;AAkB/C;AACAF,YAAAA,GAAG,CAACQ,MAAJ,CAAW,GAAX,EAAgBP,IAAhB,CAAqB,+BAArB;;AAnB+C;AAAA;AAAA;AAAA;AAAA;AAAA;AAAA,GAAnD;;AAAA;AAAA;AAAA;AAAA;AAwBAgB,MAAM,CAACC,OAAP,GAAiB1B,MAAjB","sourceRoot":"C:\\Users\\Administrator\\Documents\\Rukundo Kevin\\My-Blog\\src\\routes\\","sourcesContent":["const express = require(\"express\");\r\nconst router = express.Router();\r\nconst bcrypt = require(\"bcrypt\")\r\n\r\nconst {validateUser,User} = require(\"../models/User\")\r\nconst validateMiddleWare = require('../middlewares/validateMiddleware')\r\n\r\nrouter.get(\"/\",(req,res)=>{\r\n    res.send({Message:\"This is the sign up page\"})\r\n})\r\n\r\n/**\r\n * @swagger\r\n * /signup:\r\n *   post:\r\n *     summary: Register new user\r\n *     tags:\r\n *       - Auth\r\n *     requestBody:\r\n *       required: true\r\n *       content:\r\n *         application/json:\r\n *             schema:\r\n *               type: object\r\n *               properties:\r\n *                 username:\r\n *                   type: string\r\n *                 password:\r\n *                   type: string  \r\n *     responses:\r\n *       '400':\r\n *         description: Bad Request \r\n *       '200':\r\n *         description: A list of queries.\r\n *         content:\r\n *           application/json:\r\n *             schema:\r\n *               type: object\r\n *               properties:\r\n *                 token:\r\n *                   type: string\r\n *                   description: A secure token for authentication\r\n *                 \r\n */\r\n\r\nrouter.post(\"/\", validateMiddleWare(validateUser), async(req,res)=>{\r\ntry {    \r\n\r\n    const userExist = await User.findOne({email: req.body.email})\r\n    \r\n    if (userExist) return res.status(400).send(\"email Already Taken\")\r\n    const salt = await bcrypt.genSalt();\r\n    const hashedPassword = await bcrypt.hash(req.body.password, salt)\r\n\r\n    const user= new User({\r\n        email:req.body.email,\r\n        password:hashedPassword,\r\n        type: \"user\"\r\n    })\r\n\r\n     await user.save();\r\n    res.status(201).send({Message:\"User registered Successfully\"})\r\n} catch (error) {\r\n    // console.log(error)\r\n    res.status(500).send(\"Problem registering new users\");\r\n}\r\n\r\n})\r\n\r\nmodule.exports = router;"]},"_coverageSchema":"1a1c01bbd47fc00a2c39e90264f33305004495a9","hash":"a49017cf022994b3e1bc92747380a3b947921a49","contentHash":"bd3345808626127790afb875a9534b7eb90d0187f1a8969f192b43a2eec9f40c"}}