TN:
SF:src\index.js
FN:72,(anonymous_6)
FN:72,_callee
FN:74,(anonymous_9)
FN:93,(anonymous_10)
FN:100,(anonymous_11)
FN:72,connectDB
FNF:6
FNH:5
FNDA:1,(anonymous_6)
FNDA:3,_callee
FNDA:1,(anonymous_9)
FNDA:1,(anonymous_10)
FNDA:0,(anonymous_11)
FNDA:1,connectDB
DA:3,1
DA:4,1
DA:5,1
DA:7,1
DA:8,1
DA:10,1
DA:11,1
DA:12,1
DA:13,1
DA:14,1
DA:16,1
DA:17,1
DA:20,1
DA:21,1
DA:23,1
DA:62,1
DA:68,1
DA:70,1
DA:72,8
DA:76,1
DA:79,1
DA:81,1
DA:82,1
DA:83,1
DA:84,1
DA:85,1
DA:87,1
DA:88,1
DA:91,1
DA:93,1
DA:94,1
DA:95,0
DA:101,0
DA:106,1
DA:107,1
LF:35
LH:33
BRDA:20,0,0,1
BRDA:20,0,1,1
BRDA:72,1,0,1
BRDA:72,1,1,1
BRDA:72,1,2,1
BRDA:94,2,0,0
BRDA:94,2,1,1
BRF:7
BRH:6
end_of_record
TN:
SF:src\buildScripts\testSetup.js
FNF:0
FNH:0
DA:1,1
DA:2,1
LF:2
LH:2
BRF:0
BRH:0
end_of_record
TN:
SF:src\controllers\verifyToken.js
FN:7,verifyToken
FN:13,(anonymous_1)
FNF:2
FNH:2
FNDA:4,verifyToken
FNDA:4,(anonymous_1)
DA:1,1
DA:3,1
DA:4,1
DA:8,4
DA:9,4
DA:10,4
DA:11,4
DA:13,4
DA:15,4
DA:16,4
DA:17,4
DA:21,0
LF:12
LH:11
BRDA:10,0,0,4
BRDA:10,0,1,4
BRDA:11,1,0,0
BRDA:11,1,1,4
BRDA:15,2,0,0
BRDA:15,2,1,4
BRF:6
BRH:4
end_of_record
TN:
SF:src\middlewares\validateMiddleware.js
FN:2,(anonymous_0)
FN:3,(anonymous_1)
FNF:2
FNH:2
FNDA:8,(anonymous_0)
FNDA:6,(anonymous_1)
DA:2,1
DA:3,8
DA:4,6
DA:5,6
DA:6,1
DA:8,5
LF:6
LH:6
BRDA:5,0,0,1
BRDA:5,0,1,5
BRF:2
BRH:2
end_of_record
TN:
SF:src\models\Article.js
FN:18,validateArticle
FNF:1
FNH:1
FNDA:1,validateArticle
DA:1,1
DA:2,1
DA:5,1
DA:16,1
DA:18,1
DA:19,1
DA:25,1
DA:28,1
LF:8
LH:8
BRF:0
BRH:0
end_of_record
TN:
SF:src\models\Comment.js
FN:15,validateComment
FNF:1
FNH:1
FNDA:1,validateComment
DA:1,1
DA:2,1
DA:4,1
DA:13,1
DA:15,1
DA:16,1
DA:20,1
DA:23,1
LF:8
LH:8
BRF:0
BRH:0
end_of_record
TN:
SF:src\models\Like.js
FN:14,validateLike
FNF:1
FNH:1
FNDA:1,validateLike
DA:1,1
DA:2,1
DA:4,1
DA:12,1
DA:14,1
DA:15,1
DA:18,1
DA:21,1
LF:8
LH:8
BRF:0
BRH:0
end_of_record
TN:
SF:src\models\Query.js
FN:19,validateQuery
FNF:1
FNH:1
FNDA:1,validateQuery
DA:1,1
DA:2,1
DA:4,1
DA:17,1
DA:19,1
DA:20,1
DA:27,1
DA:30,1
LF:8
LH:8
BRF:0
BRH:0
end_of_record
TN:
SF:src\models\User.js
FN:15,validateUser
FNF:1
FNH:1
FNDA:2,validateUser
DA:1,1
DA:2,1
DA:4,1
DA:13,1
DA:15,1
DA:16,2
DA:21,2
DA:24,1
LF:8
LH:8
BRF:0
BRH:0
end_of_record
TN:
SF:src\routes\api.js
FN:12,(anonymous_6)
FN:12,_callee
FNF:2
FNH:1
FNDA:1,(anonymous_6)
FNDA:0,_callee
DA:1,1
DA:2,1
DA:3,1
DA:5,1
DA:6,1
DA:8,1
DA:12,3
DA:13,0
DA:14,0
DA:16,0
DA:23,1
LF:11
LH:8
BRDA:12,0,0,0
BRDA:12,0,1,0
BRDA:12,0,2,0
BRF:3
BRH:0
end_of_record
TN:
SF:src\routes\article.js
FN:49,(anonymous_7)
FN:49,_callee
FN:60,(anonymous_11)
FN:60,_callee2
FN:100,(anonymous_15)
FN:100,_callee3
FN:145,(anonymous_19)
FN:145,_callee4
FN:179,(anonymous_23)
FN:179,_callee5
FNF:10
FNH:8
FNDA:2,(anonymous_7)
FNDA:3,_callee
FNDA:2,(anonymous_11)
FNDA:3,_callee2
FNDA:2,(anonymous_15)
FNDA:4,_callee3
FNDA:1,(anonymous_19)
FNDA:0,_callee4
FNDA:1,(anonymous_23)
FNDA:0,_callee5
DA:1,1
DA:2,1
DA:3,1
DA:4,1
DA:6,1
DA:7,1
DA:49,12
DA:51,1
DA:52,1
DA:54,0
DA:60,12
DA:62,1
DA:63,1
DA:65,0
DA:66,0
DA:67,0
DA:100,16
DA:104,1
DA:113,1
DA:115,0
DA:145,3
DA:148,0
DA:150,0
DA:179,3
DA:181,0
DA:183,0
DA:184,0
DA:187,0
DA:188,0
DA:190,0
DA:191,0
DA:194,0
DA:196,0
DA:197,0
DA:203,1
LF:35
LH:18
BRDA:49,0,0,1
BRDA:49,0,1,1
BRDA:49,0,2,0
BRDA:49,0,3,1
BRDA:49,0,4,1
BRDA:60,1,0,1
BRDA:60,1,1,1
BRDA:60,1,2,0
BRDA:60,1,3,1
BRDA:60,1,4,1
BRDA:100,2,0,1
BRDA:100,2,1,1
BRDA:100,2,2,1
BRDA:100,2,3,0
BRDA:100,2,4,1
BRDA:100,2,5,1
BRDA:145,3,0,0
BRDA:145,3,1,0
BRDA:145,3,2,0
BRDA:145,3,3,0
BRDA:145,3,4,0
BRDA:179,4,0,0
BRDA:179,4,1,0
BRDA:179,4,2,0
BRDA:179,4,3,0
BRDA:179,4,4,0
BRDA:179,4,5,0
BRDA:183,5,0,0
BRDA:183,5,1,0
BRDA:187,6,0,0
BRDA:187,6,1,0
BRDA:190,7,0,0
BRDA:190,7,1,0
BRF:33
BRH:13
end_of_record
TN:
SF:src\routes\comment.js
FN:44,(anonymous_6)
FN:44,_callee
FN:56,(anonymous_10)
FN:56,_callee2
FN:108,(anonymous_14)
FN:108,_callee3
FN:128,(anonymous_18)
FN:128,_callee4
FNF:8
FNH:7
FNDA:2,(anonymous_6)
FNDA:3,_callee
FNDA:2,(anonymous_10)
FNDA:3,_callee2
FNDA:2,(anonymous_14)
FNDA:5,_callee3
FNDA:1,(anonymous_18)
FNDA:0,_callee4
DA:1,1
DA:2,1
DA:3,1
DA:5,1
DA:6,1
DA:8,1
DA:44,12
DA:46,1
DA:47,1
DA:50,0
DA:56,12
DA:58,1
DA:60,1
DA:62,0
DA:63,0
DA:108,15
DA:111,1
DA:118,1
DA:120,1
DA:121,0
DA:122,0
DA:128,3
DA:131,0
DA:133,0
DA:134,0
DA:138,1
LF:26
LH:18
BRDA:44,0,0,1
BRDA:44,0,1,1
BRDA:44,0,2,0
BRDA:44,0,3,1
BRDA:44,0,4,1
BRDA:56,1,0,1
BRDA:56,1,1,1
BRDA:56,1,2,0
BRDA:56,1,3,1
BRDA:56,1,4,1
BRDA:108,2,0,1
BRDA:108,2,1,1
BRDA:108,2,2,1
BRDA:108,2,3,0
BRDA:108,2,4,1
BRDA:128,3,0,0
BRDA:128,3,1,0
BRDA:128,3,2,0
BRDA:128,3,3,0
BRDA:128,3,4,0
BRF:20
BRH:12
end_of_record
TN:
SF:src\routes\like.js
FN:41,(anonymous_6)
FN:41,_callee
FN:55,(anonymous_10)
FN:55,_callee2
FN:99,(anonymous_14)
FN:99,_callee3
FN:116,(anonymous_18)
FN:116,_callee4
FNF:8
FNH:7
FNDA:2,(anonymous_6)
FNDA:3,_callee
FNDA:2,(anonymous_10)
FNDA:3,_callee2
FNDA:2,(anonymous_14)
FNDA:5,_callee3
FNDA:1,(anonymous_18)
FNDA:0,_callee4
DA:1,1
DA:2,1
DA:3,1
DA:5,1
DA:6,1
DA:8,1
DA:41,12
DA:43,1
DA:44,1
DA:46,0
DA:47,0
DA:55,12
DA:57,1
DA:59,1
DA:61,0
DA:62,0
DA:99,15
DA:102,1
DA:108,1
DA:110,1
DA:116,3
DA:119,0
DA:121,0
DA:122,0
DA:126,1
LF:25
LH:18
BRDA:41,0,0,1
BRDA:41,0,1,1
BRDA:41,0,2,0
BRDA:41,0,3,1
BRDA:41,0,4,1
BRDA:55,1,0,1
BRDA:55,1,1,1
BRDA:55,1,2,0
BRDA:55,1,3,1
BRDA:55,1,4,1
BRDA:99,2,0,1
BRDA:99,2,1,1
BRDA:99,2,2,1
BRDA:99,2,3,0
BRDA:99,2,4,1
BRDA:116,3,0,0
BRDA:116,3,1,0
BRDA:116,3,2,0
BRDA:116,3,3,0
BRDA:116,3,4,0
BRF:20
BRH:12
end_of_record
TN:
SF:src\routes\login.js
FN:10,(anonymous_6)
FN:10,_callee
FN:49,(anonymous_10)
FN:49,_callee2
FN:60,(anonymous_13)
FNF:5
FNH:4
FNDA:1,(anonymous_6)
FNDA:0,_callee
FNDA:3,(anonymous_10)
FNDA:8,_callee2
FNDA:1,(anonymous_13)
DA:1,1
DA:2,1
DA:3,1
DA:4,1
DA:5,1
DA:6,1
DA:10,3
DA:11,0
DA:13,0
DA:49,36
DA:51,2
DA:59,1
DA:60,1
DA:61,1
DA:64,0
DA:67,0
DA:72,1
LF:17
LH:13
BRDA:10,0,0,0
BRDA:10,0,1,0
BRDA:10,0,2,0
BRDA:10,0,3,0
BRDA:49,1,0,2
BRDA:49,1,1,2
BRDA:49,1,2,1
BRDA:49,1,3,1
BRDA:49,1,4,0
BRDA:49,1,5,1
BRDA:49,1,6,0
BRDA:49,1,7,1
BRDA:49,1,8,2
BRDA:49,2,0,1
BRDA:49,2,1,2
BRF:15
BRH:9
end_of_record
TN:
SF:src\routes\query.js
FN:61,(anonymous_6)
FN:61,_callee
FN:99,(anonymous_10)
FN:99,_callee2
FNF:4
FNH:4
FNDA:2,(anonymous_6)
FNDA:3,_callee
FNDA:2,(anonymous_10)
FNDA:3,_callee2
DA:1,1
DA:2,1
DA:3,1
DA:5,1
DA:7,1
DA:61,8
DA:62,1
DA:63,1
DA:65,1
DA:99,12
DA:101,1
DA:109,1
DA:111,0
DA:112,0
DA:116,1
LF:15
LH:13
BRDA:61,0,0,1
BRDA:61,0,1,1
BRDA:61,0,2,1
BRDA:61,0,3,1
BRDA:99,1,0,1
BRDA:99,1,1,1
BRDA:99,1,2,0
BRDA:99,1,3,1
BRDA:99,1,4,1
BRF:9
BRH:8
end_of_record
TN:
SF:src\routes\sign-up.js
FN:8,(anonymous_6)
FN:46,(anonymous_7)
FN:46,_callee
FNF:3
FNH:2
FNDA:0,(anonymous_6)
FNDA:2,(anonymous_7)
FNDA:7,_callee
DA:1,1
DA:2,1
DA:3,1
DA:5,1
DA:6,1
DA:8,1
DA:9,0
DA:46,32
DA:48,1
DA:50,1
DA:51,1
DA:53,1
DA:60,1
DA:61,1
DA:64,0
DA:69,1
LF:16
LH:14
BRDA:46,0,0,1
BRDA:46,0,1,1
BRDA:46,0,2,1
BRDA:46,0,3,1
BRDA:46,0,4,1
BRDA:46,0,5,1
BRDA:46,0,6,1
BRDA:46,0,7,0
BRDA:46,0,8,1
BRDA:46,0,9,1
BRDA:46,1,0,1
BRDA:46,1,1,0
BRF:12
BRH:10
end_of_record
