TN:
SF:src\index.js
FN:73,(anonymous_6)
FN:73,_callee
FN:75,(anonymous_9)
FN:98,(anonymous_10)
FN:105,(anonymous_11)
FN:73,connectDB
FNF:6
FNH:5
FNDA:1,(anonymous_6)
FNDA:3,_callee
FNDA:1,(anonymous_9)
FNDA:1,(anonymous_10)
FNDA:0,(anonymous_11)
FNDA:1,connectDB
DA:3,1
DA:4,1
DA:5,1
DA:6,1
DA:7,1
DA:8,1
DA:10,1
DA:11,1
DA:12,1
DA:13,1
DA:14,1
DA:16,1
DA:17,1
DA:20,1
DA:21,1
DA:22,1
DA:24,1
DA:63,1
DA:69,1
DA:71,1
DA:73,8
DA:77,1
DA:81,1
DA:84,1
DA:86,1
DA:87,1
DA:88,1
DA:89,1
DA:90,1
DA:92,1
DA:93,1
DA:96,1
DA:98,1
DA:99,1
DA:100,0
DA:106,0
DA:111,1
DA:112,1
LF:38
LH:36
BRDA:20,0,0,1
BRDA:20,0,1,1
BRDA:73,1,0,1
BRDA:73,1,1,1
BRDA:73,1,2,1
BRDA:99,2,0,0
BRDA:99,2,1,1
BRF:7
BRH:6
end_of_record
TN:
SF:src\buildScripts\testSetup.js
FNF:0
FNH:0
DA:1,1
DA:2,1
LF:2
LH:2
BRF:0
BRH:0
end_of_record
TN:
SF:src\controllers\verifyToken.js
FN:7,verifyToken
FN:13,(anonymous_1)
FNF:2
FNH:2
FNDA:4,verifyToken
FNDA:4,(anonymous_1)
DA:1,1
DA:3,1
DA:4,1
DA:8,4
DA:9,4
DA:10,4
DA:11,4
DA:13,4
DA:15,4
DA:16,4
DA:17,4
DA:21,0
LF:12
LH:11
BRDA:10,0,0,4
BRDA:10,0,1,4
BRDA:11,1,0,0
BRDA:11,1,1,4
BRDA:15,2,0,0
BRDA:15,2,1,4
BRF:6
BRH:4
end_of_record
TN:
SF:src\middlewares\validateMiddleware.js
FN:2,(anonymous_0)
FN:3,(anonymous_1)
FNF:2
FNH:2
FNDA:8,(anonymous_0)
FNDA:6,(anonymous_1)
DA:2,1
DA:3,8
DA:4,6
DA:5,6
DA:6,1
DA:8,5
LF:6
LH:6
BRDA:5,0,0,1
BRDA:5,0,1,5
BRF:2
BRH:2
end_of_record
TN:
SF:src\models\Article.js
FN:18,validateArticle
FNF:1
FNH:1
FNDA:1,validateArticle
DA:1,1
DA:2,1
DA:5,1
DA:16,1
DA:18,1
DA:19,1
DA:25,1
DA:28,1
LF:8
LH:8
BRF:0
BRH:0
end_of_record
TN:
SF:src\models\Comment.js
FN:15,validateComment
FNF:1
FNH:1
FNDA:1,validateComment
DA:1,1
DA:2,1
DA:4,1
DA:13,1
DA:15,1
DA:16,1
DA:20,1
DA:23,1
LF:8
LH:8
BRF:0
BRH:0
end_of_record
TN:
SF:src\models\Dislike.js
FN:14,validateDislike
FNF:1
FNH:0
FNDA:0,validateDislike
DA:1,1
DA:2,1
DA:4,1
DA:12,1
DA:14,1
DA:15,0
DA:18,0
DA:21,1
LF:8
LH:6
BRF:0
BRH:0
end_of_record
TN:
SF:src\models\Like.js
FN:14,validateLike
FNF:1
FNH:1
FNDA:1,validateLike
DA:1,1
DA:2,1
DA:4,1
DA:12,1
DA:14,1
DA:15,1
DA:18,1
DA:21,1
LF:8
LH:8
BRF:0
BRH:0
end_of_record
TN:
SF:src\models\Query.js
FN:19,validateQuery
FNF:1
FNH:1
FNDA:1,validateQuery
DA:1,1
DA:2,1
DA:4,1
DA:17,1
DA:19,1
DA:20,1
DA:27,1
DA:30,1
LF:8
LH:8
BRF:0
BRH:0
end_of_record
TN:
SF:src\models\User.js
FN:15,validateUser
FNF:1
FNH:1
FNDA:2,validateUser
DA:1,1
DA:2,1
DA:4,1
DA:13,1
DA:15,1
DA:16,2
DA:21,2
DA:24,1
LF:8
LH:8
BRF:0
BRH:0
end_of_record
TN:
SF:src\routes\api.js
FN:12,(anonymous_6)
FN:12,_callee
FNF:2
FNH:1
FNDA:1,(anonymous_6)
FNDA:0,_callee
DA:1,1
DA:2,1
DA:3,1
DA:5,1
DA:6,1
DA:8,1
DA:12,3
DA:13,0
DA:14,0
DA:16,0
DA:21,1
LF:11
LH:8
BRDA:12,0,0,0
BRDA:12,0,1,0
BRDA:12,0,2,0
BRF:3
BRH:0
end_of_record
TN:
SF:src\routes\article.js
FN:49,(anonymous_7)
FN:49,_callee
FN:83,(anonymous_11)
FN:83,_callee2
FN:122,(anonymous_15)
FN:122,_callee3
FN:168,(anonymous_19)
FN:168,_callee4
FN:182,(anonymous_23)
FN:182,_callee5
FNF:10
FNH:8
FNDA:2,(anonymous_7)
FNDA:3,_callee
FNDA:2,(anonymous_11)
FNDA:3,_callee2
FNDA:2,(anonymous_15)
FNDA:4,_callee3
FNDA:1,(anonymous_19)
FNDA:0,_callee4
FNDA:1,(anonymous_23)
FNDA:0,_callee5
DA:1,1
DA:2,1
DA:3,1
DA:4,1
DA:6,1
DA:7,1
DA:49,12
DA:51,1
DA:52,1
DA:54,0
DA:83,12
DA:85,1
DA:86,1
DA:88,0
DA:122,16
DA:126,1
DA:135,1
DA:137,0
DA:168,3
DA:170,0
DA:173,0
DA:175,0
DA:178,0
DA:182,3
DA:184,0
DA:186,0
DA:188,0
DA:189,0
DA:192,0
DA:193,0
DA:195,0
DA:196,0
DA:199,0
DA:201,0
DA:204,0
DA:210,1
LF:36
LH:18
BRDA:49,0,0,1
BRDA:49,0,1,1
BRDA:49,0,2,0
BRDA:49,0,3,1
BRDA:49,0,4,1
BRDA:83,1,0,1
BRDA:83,1,1,1
BRDA:83,1,2,0
BRDA:83,1,3,1
BRDA:83,1,4,1
BRDA:122,2,0,1
BRDA:122,2,1,1
BRDA:122,2,2,1
BRDA:122,2,3,0
BRDA:122,2,4,1
BRDA:122,2,5,1
BRDA:168,3,0,0
BRDA:168,3,1,0
BRDA:168,3,2,0
BRDA:168,3,3,0
BRDA:168,3,4,0
BRDA:168,3,5,0
BRDA:168,3,6,0
BRDA:168,3,7,0
BRDA:168,4,0,0
BRDA:168,4,1,0
BRDA:182,5,0,0
BRDA:182,5,1,0
BRDA:182,5,2,0
BRDA:182,5,3,0
BRDA:182,5,4,0
BRDA:182,5,5,0
BRDA:182,5,6,0
BRDA:182,5,7,0
BRDA:182,5,8,0
BRDA:182,6,0,0
BRDA:182,6,1,0
BRDA:188,7,0,0
BRDA:188,7,1,0
BRDA:192,8,0,0
BRDA:192,8,1,0
BRDA:195,9,0,0
BRDA:195,9,1,0
BRF:43
BRH:13
end_of_record
TN:
SF:src\routes\comment.js
FN:44,(anonymous_6)
FN:44,_callee
FN:56,(anonymous_10)
FN:56,_callee2
FN:107,(anonymous_14)
FN:107,_callee3
FN:126,(anonymous_18)
FN:126,_callee4
FNF:8
FNH:7
FNDA:2,(anonymous_6)
FNDA:3,_callee
FNDA:2,(anonymous_10)
FNDA:3,_callee2
FNDA:2,(anonymous_14)
FNDA:3,_callee3
FNDA:1,(anonymous_18)
FNDA:0,_callee4
DA:1,1
DA:2,1
DA:3,1
DA:5,1
DA:6,1
DA:8,1
DA:44,12
DA:46,1
DA:47,1
DA:50,0
DA:56,12
DA:58,1
DA:60,1
DA:62,0
DA:63,0
DA:107,12
DA:110,1
DA:117,1
DA:119,0
DA:126,3
DA:129,0
DA:131,0
DA:135,1
LF:23
LH:17
BRDA:44,0,0,1
BRDA:44,0,1,1
BRDA:44,0,2,0
BRDA:44,0,3,1
BRDA:44,0,4,1
BRDA:56,1,0,1
BRDA:56,1,1,1
BRDA:56,1,2,0
BRDA:56,1,3,1
BRDA:56,1,4,1
BRDA:107,2,0,1
BRDA:107,2,1,1
BRDA:107,2,2,0
BRDA:107,2,3,1
BRDA:107,2,4,1
BRDA:126,3,0,0
BRDA:126,3,1,0
BRDA:126,3,2,0
BRDA:126,3,3,0
BRDA:126,3,4,0
BRF:20
BRH:12
end_of_record
TN:
SF:src\routes\like.js
FN:43,(anonymous_7)
FN:43,_callee
FN:75,(anonymous_11)
FN:75,_callee2
FN:87,(anonymous_15)
FN:87,_callee3
FN:131,(anonymous_19)
FN:131,_callee4
FN:188,(anonymous_23)
FN:188,_callee5
FNF:10
FNH:8
FNDA:2,(anonymous_7)
FNDA:3,_callee
FNDA:1,(anonymous_11)
FNDA:0,_callee2
FNDA:2,(anonymous_15)
FNDA:3,_callee3
FNDA:2,(anonymous_19)
FNDA:3,_callee4
FNDA:1,(anonymous_23)
FNDA:0,_callee5
DA:1,1
DA:2,1
DA:3,1
DA:4,1
DA:6,1
DA:7,1
DA:9,1
DA:10,1
DA:43,12
DA:45,1
DA:46,1
DA:48,0
DA:75,3
DA:77,0
DA:79,0
DA:82,0
DA:87,12
DA:89,1
DA:91,1
DA:94,0
DA:131,17
DA:133,1
DA:134,1
DA:142,0
DA:148,0
DA:150,1
DA:154,0
DA:188,3
DA:191,0
DA:195,0
DA:201,0
DA:208,0
DA:211,0
DA:215,1
LF:34
LH:21
BRDA:43,0,0,1
BRDA:43,0,1,1
BRDA:43,0,2,0
BRDA:43,0,3,1
BRDA:43,0,4,1
BRDA:75,1,0,0
BRDA:75,1,1,0
BRDA:75,1,2,0
BRDA:75,1,3,0
BRDA:75,1,4,0
BRDA:87,2,0,1
BRDA:87,2,1,1
BRDA:87,2,2,0
BRDA:87,2,3,1
BRDA:87,2,4,1
BRDA:131,3,0,1
BRDA:131,3,1,1
BRDA:131,3,2,0
BRDA:131,3,3,1
BRDA:131,3,4,1
BRDA:131,3,5,0
BRDA:131,3,6,1
BRDA:131,3,7,1
BRDA:131,4,0,1
BRDA:131,4,1,1
BRDA:188,5,0,0
BRDA:188,5,1,0
BRDA:188,5,2,0
BRDA:188,5,3,0
BRDA:188,5,4,0
BRDA:188,5,5,0
BRDA:188,5,6,0
BRDA:188,5,7,0
BRDA:188,5,8,0
BRDA:188,6,0,0
BRDA:188,6,1,0
BRF:36
BRH:16
end_of_record
TN:
SF:src\routes\login.js
FN:10,(anonymous_6)
FN:10,_callee
FN:52,(anonymous_10)
FN:52,_callee2
FN:63,(anonymous_13)
FNF:5
FNH:4
FNDA:1,(anonymous_6)
FNDA:0,_callee
FNDA:3,(anonymous_10)
FNDA:8,_callee2
FNDA:1,(anonymous_13)
DA:1,1
DA:2,1
DA:3,1
DA:4,1
DA:5,1
DA:6,1
DA:10,3
DA:12,0
DA:13,0
DA:15,0
DA:52,36
DA:54,2
DA:62,1
DA:63,1
DA:64,1
DA:67,0
DA:70,0
DA:75,1
LF:18
LH:13
BRDA:10,0,0,0
BRDA:10,0,1,0
BRDA:10,0,2,0
BRDA:52,1,0,2
BRDA:52,1,1,2
BRDA:52,1,2,1
BRDA:52,1,3,1
BRDA:52,1,4,0
BRDA:52,1,5,1
BRDA:52,1,6,0
BRDA:52,1,7,1
BRDA:52,1,8,2
BRDA:52,2,0,1
BRDA:52,2,1,2
BRF:14
BRH:9
end_of_record
TN:
SF:src\routes\query.js
FN:61,(anonymous_6)
FN:61,_callee
FN:98,(anonymous_10)
FN:98,_callee2
FNF:4
FNH:4
FNDA:2,(anonymous_6)
FNDA:3,_callee
FNDA:2,(anonymous_10)
FNDA:3,_callee2
DA:1,1
DA:2,1
DA:3,1
DA:5,1
DA:7,1
DA:61,12
DA:63,1
DA:64,1
DA:65,1
DA:67,0
DA:98,12
DA:100,1
DA:108,1
DA:110,0
DA:111,0
DA:115,1
LF:16
LH:13
BRDA:61,0,0,1
BRDA:61,0,1,1
BRDA:61,0,2,0
BRDA:61,0,3,1
BRDA:61,0,4,1
BRDA:98,1,0,1
BRDA:98,1,1,1
BRDA:98,1,2,0
BRDA:98,1,3,1
BRDA:98,1,4,1
BRF:10
BRH:8
end_of_record
TN:
SF:src\routes\sign-up.js
FN:8,(anonymous_6)
FN:46,(anonymous_7)
FN:46,_callee
FNF:3
FNH:2
FNDA:0,(anonymous_6)
FNDA:2,(anonymous_7)
FNDA:6,_callee
DA:1,1
DA:2,1
DA:3,1
DA:5,1
DA:6,1
DA:8,1
DA:9,0
DA:46,28
DA:49,1
DA:52,1
DA:53,1
DA:55,1
DA:62,1
DA:65,0
DA:70,1
LF:15
LH:13
BRDA:46,0,0,1
BRDA:46,0,1,1
BRDA:46,0,2,1
BRDA:46,0,3,1
BRDA:46,0,4,1
BRDA:46,0,5,1
BRDA:46,0,6,0
BRDA:46,0,7,1
BRDA:46,0,8,1
BRDA:46,1,0,1
BRDA:46,1,1,0
BRF:11
BRH:9
end_of_record
